mode: atomic
charm.land/fantasy/agent.go:30.47,31.39 1 13
charm.land/fantasy/agent.go:31.39,33.3 1 20
charm.land/fantasy/agent.go:37.49,38.39 1 2
charm.land/fantasy/agent.go:38.39,39.22 1 5
charm.land/fantasy/agent.go:39.22,41.4 1 1
charm.land/fantasy/agent.go:42.3,44.38 3 4
charm.land/fantasy/agent.go:44.38,45.37 1 2
charm.land/fantasy/agent.go:45.37,47.5 1 1
charm.land/fantasy/agent.go:49.3,49.15 1 3
charm.land/fantasy/agent.go:54.56,55.39 1 2
charm.land/fantasy/agent.go:55.39,56.22 1 4
charm.land/fantasy/agent.go:56.22,58.4 1 1
charm.land/fantasy/agent.go:59.3,60.44 2 3
charm.land/fantasy/agent.go:60.44,61.40 1 5
charm.land/fantasy/agent.go:61.40,63.5 1 2
charm.land/fantasy/agent.go:65.3,65.15 1 1
charm.land/fantasy/agent.go:70.56,71.39 1 3
charm.land/fantasy/agent.go:71.39,72.22 1 5
charm.land/fantasy/agent.go:72.22,74.4 1 1
charm.land/fantasy/agent.go:75.3,76.41 2 4
charm.land/fantasy/agent.go:81.51,82.39 1 1
charm.land/fantasy/agent.go:82.39,84.30 2 4
charm.land/fantasy/agent.go:84.30,86.4 1 6
charm.land/fantasy/agent.go:87.3,87.34 1 4
charm.land/fantasy/agent.go:312.63,316.25 2 34
charm.land/fantasy/agent.go:316.25,318.3 1 40
charm.land/fantasy/agent.go:319.2,321.3 1 34
charm.land/fantasy/agent.go:324.55,333.61 8 34
charm.land/fantasy/agent.go:333.61,335.3 1 12
charm.land/fantasy/agent.go:336.2,336.62 1 34
charm.land/fantasy/agent.go:336.62,338.3 1 0
charm.land/fantasy/agent.go:339.2,339.68 1 34
charm.land/fantasy/agent.go:339.68,341.3 1 2
charm.land/fantasy/agent.go:342.2,342.54 1 34
charm.land/fantasy/agent.go:342.54,344.3 1 0
charm.land/fantasy/agent.go:346.2,347.39 2 34
charm.land/fantasy/agent.go:347.39,349.3 1 0
charm.land/fantasy/agent.go:350.2,350.33 1 34
charm.land/fantasy/agent.go:350.33,352.3 1 0
charm.land/fantasy/agent.go:353.2,357.31 3 34
charm.land/fantasy/agent.go:357.31,359.3 1 0
charm.land/fantasy/agent.go:361.2,361.13 1 34
charm.land/fantasy/agent.go:365.85,368.16 3 28
charm.land/fantasy/agent.go:368.16,370.3 1 1
charm.land/fantasy/agent.go:371.2,374.6 3 27
charm.land/fantasy/agent.go:374.6,382.30 8 32
charm.land/fantasy/agent.go:382.30,389.18 2 7
charm.land/fantasy/agent.go:389.18,391.5 1 0
charm.land/fantasy/agent.go:393.4,396.32 2 7
charm.land/fantasy/agent.go:396.32,398.5 1 7
charm.land/fantasy/agent.go:399.4,399.29 1 7
charm.land/fantasy/agent.go:399.29,401.5 1 7
charm.land/fantasy/agent.go:402.4,402.30 1 7
charm.land/fantasy/agent.go:402.30,404.5 1 2
charm.land/fantasy/agent.go:405.4,405.34 1 7
charm.land/fantasy/agent.go:405.34,407.5 1 2
charm.land/fantasy/agent.go:408.4,408.37 1 7
charm.land/fantasy/agent.go:408.37,410.5 1 2
charm.land/fantasy/agent.go:411.4,412.29 2 7
charm.land/fantasy/agent.go:412.29,414.5 1 0
charm.land/fantasy/agent.go:418.3,418.50 1 32
charm.land/fantasy/agent.go:418.50,420.18 2 2
charm.land/fantasy/agent.go:420.18,422.5 1 0
charm.land/fantasy/agent.go:424.4,424.57 1 2
charm.land/fantasy/agent.go:424.57,426.5 1 2
charm.land/fantasy/agent.go:429.3,432.29 3 32
charm.land/fantasy/agent.go:432.29,434.4 1 0
charm.land/fantasy/agent.go:435.3,438.55 3 32
charm.land/fantasy/agent.go:438.55,451.4 1 32
charm.land/fantasy/agent.go:452.3,452.17 1 32
charm.land/fantasy/agent.go:452.17,454.4 1 0
charm.land/fantasy/agent.go:456.3,457.42 2 32
charm.land/fantasy/agent.go:457.42,458.48 1 43
charm.land/fantasy/agent.go:458.48,460.12 2 14
charm.land/fantasy/agent.go:460.12,461.14 1 0
charm.land/fantasy/agent.go:465.5,466.61 2 14
charm.land/fantasy/agent.go:470.3,475.42 4 32
charm.land/fantasy/agent.go:475.42,476.48 1 43
charm.land/fantasy/agent.go:476.48,478.43 1 14
charm.land/fantasy/agent.go:478.43,481.6 2 14
charm.land/fantasy/agent.go:482.10,485.5 1 29
charm.land/fantasy/agent.go:488.3,488.38 1 32
charm.land/fantasy/agent.go:488.38,490.4 1 14
charm.land/fantasy/agent.go:491.3,507.106 6 32
charm.land/fantasy/agent.go:507.106,508.9 1 27
charm.land/fantasy/agent.go:512.2,514.29 2 27
charm.land/fantasy/agent.go:514.29,522.3 7 32
charm.land/fantasy/agent.go:524.2,529.25 2 27
charm.land/fantasy/agent.go:532.78,533.26 1 38
charm.land/fantasy/agent.go:533.26,535.3 1 22
charm.land/fantasy/agent.go:537.2,537.39 1 16
charm.land/fantasy/agent.go:537.39,538.23 1 17
charm.land/fantasy/agent.go:538.23,540.4 1 2
charm.land/fantasy/agent.go:542.2,542.14 1 14
charm.land/fantasy/agent.go:545.54,549.28 3 44
charm.land/fantasy/agent.go:549.28,550.22 1 81
charm.land/fantasy/agent.go:551.24,553.11 2 36
charm.land/fantasy/agent.go:553.11,554.13 1 0
charm.land/fantasy/agent.go:556.4,559.6 1 36
charm.land/fantasy/agent.go:560.29,562.11 2 5
charm.land/fantasy/agent.go:562.11,563.13 1 0
charm.land/fantasy/agent.go:565.4,568.6 1 5
charm.land/fantasy/agent.go:569.28,571.11 2 16
charm.land/fantasy/agent.go:571.11,572.13 1 0
charm.land/fantasy/agent.go:574.4,580.6 1 16
charm.land/fantasy/agent.go:581.24,583.11 2 1
charm.land/fantasy/agent.go:583.11,584.13 1 0
charm.land/fantasy/agent.go:586.4,590.6 1 1
charm.land/fantasy/agent.go:591.26,594.12 1 7
charm.land/fantasy/agent.go:595.30,597.11 2 16
charm.land/fantasy/agent.go:597.11,598.13 1 0
charm.land/fantasy/agent.go:600.4,604.6 1 16
charm.land/fantasy/agent.go:608.2,609.29 2 44
charm.land/fantasy/agent.go:609.29,614.3 1 44
charm.land/fantasy/agent.go:615.2,615.24 1 44
charm.land/fantasy/agent.go:615.24,620.3 1 16
charm.land/fantasy/agent.go:621.2,621.17 1 44
charm.land/fantasy/agent.go:624.188,625.25 1 32
charm.land/fantasy/agent.go:625.25,627.3 1 18
charm.land/fantasy/agent.go:630.2,631.32 2 14
charm.land/fantasy/agent.go:631.32,633.3 1 15
charm.land/fantasy/agent.go:636.2,638.37 2 14
charm.land/fantasy/agent.go:638.37,641.22 3 14
charm.land/fantasy/agent.go:641.22,642.103 1 0
charm.land/fantasy/agent.go:642.103,644.5 1 0
charm.land/fantasy/agent.go:648.2,648.21 1 14
charm.land/fantasy/agent.go:652.195,660.22 2 15
charm.land/fantasy/agent.go:660.22,664.32 2 4
charm.land/fantasy/agent.go:664.32,666.4 1 0
charm.land/fantasy/agent.go:667.3,667.23 1 4
charm.land/fantasy/agent.go:670.2,671.13 2 11
charm.land/fantasy/agent.go:671.13,675.32 2 0
charm.land/fantasy/agent.go:675.32,677.4 1 0
charm.land/fantasy/agent.go:678.3,678.23 1 0
charm.land/fantasy/agent.go:682.2,687.16 2 11
charm.land/fantasy/agent.go:687.16,692.32 3 0
charm.land/fantasy/agent.go:692.32,694.4 1 0
charm.land/fantasy/agent.go:695.3,695.22 1 0
charm.land/fantasy/agent.go:698.2,699.24 2 11
charm.land/fantasy/agent.go:699.24,703.3 1 0
charm.land/fantasy/agent.go:703.8,703.69 1 11
charm.land/fantasy/agent.go:703.69,709.3 1 4
charm.land/fantasy/agent.go:709.8,713.3 1 7
charm.land/fantasy/agent.go:714.2,714.31 1 11
charm.land/fantasy/agent.go:714.31,716.3 1 1
charm.land/fantasy/agent.go:717.2,717.22 1 11
charm.land/fantasy/agent.go:721.89,745.16 4 6
charm.land/fantasy/agent.go:745.16,747.3 1 0
charm.land/fantasy/agent.go:749.2,754.30 4 6
charm.land/fantasy/agent.go:754.30,756.3 1 1
charm.land/fantasy/agent.go:758.2,758.38 1 6
charm.land/fantasy/agent.go:758.38,767.30 8 7
charm.land/fantasy/agent.go:767.30,774.18 2 0
charm.land/fantasy/agent.go:774.18,776.5 1 0
charm.land/fantasy/agent.go:778.4,780.32 2 0
charm.land/fantasy/agent.go:780.32,782.5 1 0
charm.land/fantasy/agent.go:783.4,783.29 1 0
charm.land/fantasy/agent.go:783.29,785.5 1 0
charm.land/fantasy/agent.go:786.4,786.30 1 0
charm.land/fantasy/agent.go:786.30,788.5 1 0
charm.land/fantasy/agent.go:789.4,789.34 1 0
charm.land/fantasy/agent.go:789.34,791.5 1 0
charm.land/fantasy/agent.go:792.4,792.37 1 0
charm.land/fantasy/agent.go:792.37,794.5 1 0
charm.land/fantasy/agent.go:795.4,796.29 2 0
charm.land/fantasy/agent.go:796.29,798.5 1 0
charm.land/fantasy/agent.go:802.3,802.50 1 7
charm.land/fantasy/agent.go:802.50,804.18 2 0
charm.land/fantasy/agent.go:804.18,806.5 1 0
charm.land/fantasy/agent.go:807.4,807.57 1 0
charm.land/fantasy/agent.go:807.57,809.5 1 0
charm.land/fantasy/agent.go:812.3,815.30 2 7
charm.land/fantasy/agent.go:815.30,817.4 1 1
charm.land/fantasy/agent.go:820.3,835.29 3 7
charm.land/fantasy/agent.go:835.29,837.4 1 0
charm.land/fantasy/agent.go:838.3,841.65 3 7
charm.land/fantasy/agent.go:841.65,844.18 2 7
charm.land/fantasy/agent.go:844.18,846.5 1 0
charm.land/fantasy/agent.go:849.4,850.18 2 7
charm.land/fantasy/agent.go:850.18,852.5 1 1
charm.land/fantasy/agent.go:854.4,854.22 1 6
charm.land/fantasy/agent.go:856.3,856.17 1 7
charm.land/fantasy/agent.go:856.17,857.27 1 1
charm.land/fantasy/agent.go:857.27,859.5 1 1
charm.land/fantasy/agent.go:860.4,860.19 1 1
charm.land/fantasy/agent.go:863.3,867.31 3 6
charm.land/fantasy/agent.go:867.31,869.4 1 1
charm.land/fantasy/agent.go:872.3,877.43 4 6
charm.land/fantasy/agent.go:877.43,878.9 1 5
charm.land/fantasy/agent.go:883.2,889.26 2 5
charm.land/fantasy/agent.go:889.26,891.3 1 1
charm.land/fantasy/agent.go:893.2,893.31 1 5
charm.land/fantasy/agent.go:893.31,895.3 1 1
charm.land/fantasy/agent.go:897.2,897.25 1 5
charm.land/fantasy/agent.go:900.100,904.21 2 39
charm.land/fantasy/agent.go:904.21,906.3 1 1
charm.land/fantasy/agent.go:908.2,908.29 1 38
charm.land/fantasy/agent.go:908.29,911.78 1 32
charm.land/fantasy/agent.go:911.78,912.12 1 4
charm.land/fantasy/agent.go:914.3,924.5 2 28
charm.land/fantasy/agent.go:926.2,926.22 1 38
charm.land/fantasy/agent.go:930.210,931.69 1 15
charm.land/fantasy/agent.go:931.69,933.3 1 10
charm.land/fantasy/agent.go:933.8,934.24 1 5
charm.land/fantasy/agent.go:934.24,943.114 2 2
charm.land/fantasy/agent.go:943.114,944.97 1 1
charm.land/fantasy/agent.go:944.97,946.6 1 1
charm.land/fantasy/agent.go:950.3,953.25 4 4
charm.land/fantasy/agent.go:958.94,960.35 2 16
charm.land/fantasy/agent.go:960.35,961.41 1 16
charm.land/fantasy/agent.go:961.41,963.9 2 15
charm.land/fantasy/agent.go:967.2,967.17 1 16
charm.land/fantasy/agent.go:967.17,969.3 1 1
charm.land/fantasy/agent.go:972.2,973.71 2 15
charm.land/fantasy/agent.go:973.71,975.3 1 1
charm.land/fantasy/agent.go:979.2,980.45 2 14
charm.land/fantasy/agent.go:980.45,981.44 1 10
charm.land/fantasy/agent.go:981.44,983.4 1 3
charm.land/fantasy/agent.go:985.2,985.12 1 11
charm.land/fantasy/agent.go:988.108,989.18 1 36
charm.land/fantasy/agent.go:989.18,991.3 1 1
charm.land/fantasy/agent.go:993.2,995.18 2 35
charm.land/fantasy/agent.go:995.18,997.3 1 7
charm.land/fantasy/agent.go:998.2,1000.28 3 35
charm.land/fantasy/agent.go:1004.50,1005.32 1 5
charm.land/fantasy/agent.go:1005.32,1007.3 1 5
charm.land/fantasy/agent.go:1011.52,1012.32 1 0
charm.land/fantasy/agent.go:1012.32,1014.3 1 0
charm.land/fantasy/agent.go:1018.48,1019.32 1 0
charm.land/fantasy/agent.go:1019.32,1021.3 1 0
charm.land/fantasy/agent.go:1025.41,1026.32 1 0
charm.land/fantasy/agent.go:1026.32,1028.3 1 0
charm.land/fantasy/agent.go:1032.39,1033.32 1 0
charm.land/fantasy/agent.go:1033.32,1035.3 1 0
charm.land/fantasy/agent.go:1039.55,1040.32 1 0
charm.land/fantasy/agent.go:1040.32,1042.3 1 0
charm.land/fantasy/agent.go:1046.56,1047.32 1 0
charm.land/fantasy/agent.go:1047.32,1049.3 1 0
charm.land/fantasy/agent.go:1053.48,1054.32 1 21
charm.land/fantasy/agent.go:1054.32,1056.3 1 21
charm.land/fantasy/agent.go:1060.66,1061.32 1 12
charm.land/fantasy/agent.go:1061.32,1063.3 1 12
charm.land/fantasy/agent.go:1067.58,1068.32 1 0
charm.land/fantasy/agent.go:1068.32,1070.3 1 0
charm.land/fantasy/agent.go:1074.64,1075.32 1 2
charm.land/fantasy/agent.go:1075.32,1077.3 1 2
charm.land/fantasy/agent.go:1081.49,1082.32 1 0
charm.land/fantasy/agent.go:1082.32,1084.3 1 0
charm.land/fantasy/agent.go:1088.56,1089.32 1 0
charm.land/fantasy/agent.go:1089.32,1091.3 1 0
charm.land/fantasy/agent.go:1095.169,1124.33 18 7
charm.land/fantasy/agent.go:1124.33,1126.3 1 2
charm.land/fantasy/agent.go:1129.2,1133.28 3 7
charm.land/fantasy/agent.go:1133.28,1134.29 1 7
charm.land/fantasy/agent.go:1134.29,1135.20 1 1
charm.land/fantasy/agent.go:1135.20,1137.31 2 0
charm.land/fantasy/agent.go:1137.31,1138.19 1 0
charm.land/fantasy/agent.go:1138.19,1138.36 1 0
charm.land/fantasy/agent.go:1139.6,1142.52 4 0
charm.land/fantasy/agent.go:1142.52,1143.106 1 0
charm.land/fantasy/agent.go:1143.106,1145.8 1 0
charm.land/fantasy/agent.go:1147.6,1147.26 1 0
charm.land/fantasy/agent.go:1149.10,1154.51 5 1
charm.land/fantasy/agent.go:1154.51,1155.105 1 0
charm.land/fantasy/agent.go:1155.105,1157.7 1 0
charm.land/fantasy/agent.go:1159.5,1160.26 2 1
charm.land/fantasy/agent.go:1166.2,1166.27 1 7
charm.land/fantasy/agent.go:1166.27,1168.26 1 43
charm.land/fantasy/agent.go:1168.26,1170.18 2 12
charm.land/fantasy/agent.go:1170.18,1172.5 1 0
charm.land/fantasy/agent.go:1175.3,1175.20 1 43
charm.land/fantasy/agent.go:1176.31,1178.30 2 1
charm.land/fantasy/agent.go:1178.30,1180.19 2 1
charm.land/fantasy/agent.go:1180.19,1182.6 1 0
charm.land/fantasy/agent.go:1185.32,1187.31 2 5
charm.land/fantasy/agent.go:1187.31,1189.19 2 1
charm.land/fantasy/agent.go:1189.19,1191.6 1 0
charm.land/fantasy/agent.go:1194.32,1195.55 1 7
charm.land/fantasy/agent.go:1195.55,1197.5 1 7
charm.land/fantasy/agent.go:1198.4,1198.31 1 7
charm.land/fantasy/agent.go:1198.31,1200.19 2 5
charm.land/fantasy/agent.go:1200.19,1202.6 1 0
charm.land/fantasy/agent.go:1205.30,1206.58 1 5
charm.land/fantasy/agent.go:1206.58,1212.5 2 5
charm.land/fantasy/agent.go:1213.4,1213.29 1 5
charm.land/fantasy/agent.go:1213.29,1215.19 2 1
charm.land/fantasy/agent.go:1215.19,1217.6 1 0
charm.land/fantasy/agent.go:1220.37,1222.36 2 2
charm.land/fantasy/agent.go:1222.36,1228.19 3 1
charm.land/fantasy/agent.go:1228.19,1230.6 1 0
charm.land/fantasy/agent.go:1233.37,1234.65 1 3
charm.land/fantasy/agent.go:1234.65,1238.5 3 3
charm.land/fantasy/agent.go:1239.4,1239.36 1 3
charm.land/fantasy/agent.go:1239.36,1241.19 2 3
charm.land/fantasy/agent.go:1241.19,1243.6 1 0
charm.land/fantasy/agent.go:1246.35,1247.65 1 2
charm.land/fantasy/agent.go:1247.65,1248.37 1 2
charm.land/fantasy/agent.go:1248.37,1250.6 1 0
charm.land/fantasy/agent.go:1251.5,1256.35 3 2
charm.land/fantasy/agent.go:1256.35,1258.20 2 1
charm.land/fantasy/agent.go:1258.20,1260.7 1 0
charm.land/fantasy/agent.go:1262.5,1262.44 1 2
charm.land/fantasy/agent.go:1265.37,1272.36 2 2
charm.land/fantasy/agent.go:1272.36,1274.19 2 2
charm.land/fantasy/agent.go:1274.19,1276.6 1 0
charm.land/fantasy/agent.go:1279.37,1280.60 1 3
charm.land/fantasy/agent.go:1280.60,1282.5 1 3
charm.land/fantasy/agent.go:1283.4,1283.36 1 3
charm.land/fantasy/agent.go:1283.36,1285.19 2 3
charm.land/fantasy/agent.go:1285.19,1287.6 1 0
charm.land/fantasy/agent.go:1290.35,1291.34 1 2
charm.land/fantasy/agent.go:1291.34,1293.19 2 2
charm.land/fantasy/agent.go:1293.19,1295.6 1 0
charm.land/fantasy/agent.go:1298.31,1312.30 5 1
charm.land/fantasy/agent.go:1312.30,1314.19 2 1
charm.land/fantasy/agent.go:1314.19,1316.6 1 0
charm.land/fantasy/agent.go:1320.4,1321.67 2 1
charm.land/fantasy/agent.go:1321.67,1323.5 1 1
charm.land/fantasy/agent.go:1326.4,1329.36 2 1
charm.land/fantasy/agent.go:1331.29,1340.28 3 3
charm.land/fantasy/agent.go:1340.28,1342.19 2 3
charm.land/fantasy/agent.go:1342.19,1344.6 1 0
charm.land/fantasy/agent.go:1347.29,1351.34 4 6
charm.land/fantasy/agent.go:1351.34,1353.19 2 1
charm.land/fantasy/agent.go:1353.19,1355.6 1 0
charm.land/fantasy/agent.go:1358.28,1359.44 1 1
charm.land/fantasy/agent.go:1364.2,1368.29 3 6
charm.land/fantasy/agent.go:1368.29,1370.3 1 0
charm.land/fantasy/agent.go:1373.2,1373.26 1 6
charm.land/fantasy/agent.go:1373.26,1374.38 1 1
charm.land/fantasy/agent.go:1374.38,1376.4 1 1
charm.land/fantasy/agent.go:1379.2,1396.8 3 6
charm.land/fantasy/agent.go:1399.33,1408.2 1 6
charm.land/fantasy/agent.go:1411.57,1412.32 1 0
charm.land/fantasy/agent.go:1412.32,1414.3 1 0
charm.land/fantasy/agent.go:1418.71,1419.32 1 0
charm.land/fantasy/agent.go:1419.32,1421.3 1 0
charm.land/fantasy/content.go:147.58,149.20 2 135
charm.land/fantasy/content.go:149.20,151.3 1 0
charm.land/fantasy/content.go:152.2,152.34 1 135
charm.land/fantasy/content.go:153.9,154.17 1 131
charm.land/fantasy/content.go:155.10,156.18 1 0
charm.land/fantasy/content.go:157.10,158.21 1 4
charm.land/fantasy/content.go:163.66,165.20 2 0
charm.land/fantasy/content.go:165.20,167.3 1 0
charm.land/fantasy/content.go:168.2,168.34 1 0
charm.land/fantasy/content.go:169.9,170.17 1 0
charm.land/fantasy/content.go:171.10,172.18 1 0
charm.land/fantasy/content.go:173.10,174.21 1 0
charm.land/fantasy/content.go:191.41,193.2 1 24
charm.land/fantasy/content.go:196.45,198.2 1 0
charm.land/fantasy/content.go:207.46,209.2 1 6
charm.land/fantasy/content.go:212.50,214.2 1 0
charm.land/fantasy/content.go:225.41,227.2 1 3
charm.land/fantasy/content.go:230.45,232.2 1 0
charm.land/fantasy/content.go:244.45,246.2 1 9
charm.land/fantasy/content.go:249.49,251.2 1 0
charm.land/fantasy/content.go:261.47,263.2 1 9
charm.land/fantasy/content.go:266.51,268.2 1 0
charm.land/fantasy/content.go:293.70,295.2 1 3
charm.land/fantasy/content.go:303.71,305.2 1 3
charm.land/fantasy/content.go:315.71,317.2 1 3
charm.land/fantasy/content.go:320.99,322.20 2 1
charm.land/fantasy/content.go:322.20,324.3 1 0
charm.land/fantasy/content.go:325.2,325.34 1 1
charm.land/fantasy/content.go:326.9,327.17 1 1
charm.land/fantasy/content.go:328.10,329.18 1 0
charm.land/fantasy/content.go:330.10,331.21 1 0
charm.land/fantasy/content.go:366.44,368.2 1 110
charm.land/fantasy/content.go:377.49,379.2 1 24
charm.land/fantasy/content.go:394.44,396.2 1 17
charm.land/fantasy/content.go:420.46,422.2 1 17
charm.land/fantasy/content.go:443.48,445.2 1 65
charm.land/fantasy/content.go:465.50,467.2 1 34
charm.land/fantasy/content.go:505.42,507.2 1 0
charm.land/fantasy/content.go:510.40,512.2 1 5
charm.land/fantasy/content.go:525.49,527.2 1 0
charm.land/fantasy/content.go:530.47,532.2 1 0
charm.land/fantasy/content.go:535.63,542.26 2 38
charm.land/fantasy/content.go:542.26,544.3 1 2
charm.land/fantasy/content.go:546.2,549.3 1 38
charm.land/fantasy/content.go:553.49,555.27 2 10
charm.land/fantasy/content.go:555.27,557.3 1 12
charm.land/fantasy/content.go:559.2,562.3 1 10
charm.land/fantasy/content_json.go:34.52,42.16 2 0
charm.land/fantasy/content_json.go:42.16,44.3 1 0
charm.land/fantasy/content_json.go:46.2,49.4 1 0
charm.land/fantasy/content_json.go:53.56,55.50 2 0
charm.land/fantasy/content_json.go:55.50,57.3 1 0
charm.land/fantasy/content_json.go:59.2,64.54 2 0
charm.land/fantasy/content_json.go:64.54,66.3 1 0
charm.land/fantasy/content_json.go:68.2,70.35 2 0
charm.land/fantasy/content_json.go:70.35,72.17 2 0
charm.land/fantasy/content_json.go:72.17,74.4 1 0
charm.land/fantasy/content_json.go:75.3,75.32 1 0
charm.land/fantasy/content_json.go:78.2,78.12 1 0
charm.land/fantasy/content_json.go:82.57,90.16 2 0
charm.land/fantasy/content_json.go:90.16,92.3 1 0
charm.land/fantasy/content_json.go:94.2,97.4 1 0
charm.land/fantasy/content_json.go:101.61,103.50 2 0
charm.land/fantasy/content_json.go:103.50,105.3 1 0
charm.land/fantasy/content_json.go:107.2,112.54 2 0
charm.land/fantasy/content_json.go:112.54,114.3 1 0
charm.land/fantasy/content_json.go:116.2,118.35 2 0
charm.land/fantasy/content_json.go:118.35,120.17 2 0
charm.land/fantasy/content_json.go:120.17,122.4 1 0
charm.land/fantasy/content_json.go:123.3,123.32 1 0
charm.land/fantasy/content_json.go:126.2,126.12 1 0
charm.land/fantasy/content_json.go:130.52,140.16 2 0
charm.land/fantasy/content_json.go:140.16,142.3 1 0
charm.land/fantasy/content_json.go:144.2,147.4 1 0
charm.land/fantasy/content_json.go:151.56,153.50 2 0
charm.land/fantasy/content_json.go:153.50,155.3 1 0
charm.land/fantasy/content_json.go:157.2,163.54 2 0
charm.land/fantasy/content_json.go:163.54,165.3 1 0
charm.land/fantasy/content_json.go:167.2,170.35 3 0
charm.land/fantasy/content_json.go:170.35,172.17 2 0
charm.land/fantasy/content_json.go:172.17,174.4 1 0
charm.land/fantasy/content_json.go:175.3,175.32 1 0
charm.land/fantasy/content_json.go:178.2,178.12 1 0
charm.land/fantasy/content_json.go:182.54,200.16 2 0
charm.land/fantasy/content_json.go:200.16,202.3 1 0
charm.land/fantasy/content_json.go:204.2,207.4 1 0
charm.land/fantasy/content_json.go:211.58,213.50 2 0
charm.land/fantasy/content_json.go:213.50,215.3 1 0
charm.land/fantasy/content_json.go:217.2,227.54 2 0
charm.land/fantasy/content_json.go:227.54,229.3 1 0
charm.land/fantasy/content_json.go:231.2,238.35 7 0
charm.land/fantasy/content_json.go:238.35,240.17 2 0
charm.land/fantasy/content_json.go:240.17,242.4 1 0
charm.land/fantasy/content_json.go:243.3,243.32 1 0
charm.land/fantasy/content_json.go:246.2,246.12 1 0
charm.land/fantasy/content_json.go:250.56,252.30 2 0
charm.land/fantasy/content_json.go:252.30,255.3 2 0
charm.land/fantasy/content_json.go:256.2,273.16 2 0
charm.land/fantasy/content_json.go:273.16,275.3 1 0
charm.land/fantasy/content_json.go:277.2,280.4 1 0
charm.land/fantasy/content_json.go:284.60,286.50 2 0
charm.land/fantasy/content_json.go:286.50,288.3 1 0
charm.land/fantasy/content_json.go:290.2,300.54 2 0
charm.land/fantasy/content_json.go:300.54,302.3 1 0
charm.land/fantasy/content_json.go:304.2,309.32 6 0
charm.land/fantasy/content_json.go:309.32,311.3 1 0
charm.land/fantasy/content_json.go:313.2,313.35 1 0
charm.land/fantasy/content_json.go:313.35,315.17 2 0
charm.land/fantasy/content_json.go:315.17,317.4 1 0
charm.land/fantasy/content_json.go:318.3,318.32 1 0
charm.land/fantasy/content_json.go:321.2,321.12 1 0
charm.land/fantasy/content_json.go:325.58,341.16 2 0
charm.land/fantasy/content_json.go:341.16,343.3 1 0
charm.land/fantasy/content_json.go:345.2,348.4 1 0
charm.land/fantasy/content_json.go:352.62,354.50 2 0
charm.land/fantasy/content_json.go:354.50,356.3 1 0
charm.land/fantasy/content_json.go:358.2,367.54 2 0
charm.land/fantasy/content_json.go:367.54,369.3 1 0
charm.land/fantasy/content_json.go:371.2,378.16 6 0
charm.land/fantasy/content_json.go:378.16,380.3 1 0
charm.land/fantasy/content_json.go:381.2,383.35 2 0
charm.land/fantasy/content_json.go:383.35,385.17 2 0
charm.land/fantasy/content_json.go:385.17,387.4 1 0
charm.land/fantasy/content_json.go:388.3,388.32 1 0
charm.land/fantasy/content_json.go:391.2,391.12 1 0
charm.land/fantasy/content_json.go:395.68,398.16 3 1
charm.land/fantasy/content_json.go:398.16,400.3 1 0
charm.land/fantasy/content_json.go:402.2,405.4 1 1
charm.land/fantasy/content_json.go:409.72,411.50 2 1
charm.land/fantasy/content_json.go:411.50,413.3 1 0
charm.land/fantasy/content_json.go:415.2,418.55 3 1
charm.land/fantasy/content_json.go:418.55,420.3 1 0
charm.land/fantasy/content_json.go:422.2,423.12 2 1
charm.land/fantasy/content_json.go:427.69,429.20 2 2
charm.land/fantasy/content_json.go:429.20,431.3 1 1
charm.land/fantasy/content_json.go:432.2,437.16 2 2
charm.land/fantasy/content_json.go:437.16,439.3 1 0
charm.land/fantasy/content_json.go:441.2,444.4 1 2
charm.land/fantasy/content_json.go:448.73,450.50 2 2
charm.land/fantasy/content_json.go:450.50,452.3 1 0
charm.land/fantasy/content_json.go:454.2,458.55 2 2
charm.land/fantasy/content_json.go:458.55,460.3 1 0
charm.land/fantasy/content_json.go:461.2,461.22 1 2
charm.land/fantasy/content_json.go:461.22,463.3 1 1
charm.land/fantasy/content_json.go:464.2,464.12 1 2
charm.land/fantasy/content_json.go:468.69,471.16 3 1
charm.land/fantasy/content_json.go:471.16,473.3 1 0
charm.land/fantasy/content_json.go:475.2,478.4 1 1
charm.land/fantasy/content_json.go:482.73,484.50 2 1
charm.land/fantasy/content_json.go:484.50,486.3 1 0
charm.land/fantasy/content_json.go:488.2,491.55 3 1
charm.land/fantasy/content_json.go:491.55,493.3 1 0
charm.land/fantasy/content_json.go:495.2,496.12 2 1
charm.land/fantasy/content_json.go:500.49,508.16 2 19
charm.land/fantasy/content_json.go:508.16,510.3 1 0
charm.land/fantasy/content_json.go:512.2,515.4 1 19
charm.land/fantasy/content_json.go:519.53,521.51 2 19
charm.land/fantasy/content_json.go:521.51,523.3 1 0
charm.land/fantasy/content_json.go:525.2,530.55 2 19
charm.land/fantasy/content_json.go:530.55,532.3 1 0
charm.land/fantasy/content_json.go:534.2,536.34 2 19
charm.land/fantasy/content_json.go:536.34,538.17 2 0
charm.land/fantasy/content_json.go:538.17,540.4 1 0
charm.land/fantasy/content_json.go:541.3,541.30 1 0
charm.land/fantasy/content_json.go:544.2,544.12 1 19
charm.land/fantasy/content_json.go:548.54,556.16 2 2
charm.land/fantasy/content_json.go:556.16,558.3 1 0
charm.land/fantasy/content_json.go:560.2,563.4 1 2
charm.land/fantasy/content_json.go:567.58,569.51 2 2
charm.land/fantasy/content_json.go:569.51,571.3 1 0
charm.land/fantasy/content_json.go:573.2,578.55 2 2
charm.land/fantasy/content_json.go:578.55,580.3 1 0
charm.land/fantasy/content_json.go:582.2,584.34 2 2
charm.land/fantasy/content_json.go:584.34,586.17 2 0
charm.land/fantasy/content_json.go:586.17,588.4 1 0
charm.land/fantasy/content_json.go:589.3,589.30 1 0
charm.land/fantasy/content_json.go:592.2,592.12 1 2
charm.land/fantasy/content_json.go:596.49,608.16 2 4
charm.land/fantasy/content_json.go:608.16,610.3 1 0
charm.land/fantasy/content_json.go:612.2,615.4 1 4
charm.land/fantasy/content_json.go:619.53,621.51 2 4
charm.land/fantasy/content_json.go:621.51,623.3 1 0
charm.land/fantasy/content_json.go:625.2,632.55 2 4
charm.land/fantasy/content_json.go:632.55,634.3 1 0
charm.land/fantasy/content_json.go:636.2,640.34 4 4
charm.land/fantasy/content_json.go:640.34,642.17 2 0
charm.land/fantasy/content_json.go:642.17,644.4 1 0
charm.land/fantasy/content_json.go:645.3,645.30 1 0
charm.land/fantasy/content_json.go:648.2,648.12 1 4
charm.land/fantasy/content_json.go:652.53,666.16 2 3
charm.land/fantasy/content_json.go:666.16,668.3 1 0
charm.land/fantasy/content_json.go:670.2,673.4 1 3
charm.land/fantasy/content_json.go:677.57,679.51 2 3
charm.land/fantasy/content_json.go:679.51,681.3 1 0
charm.land/fantasy/content_json.go:683.2,691.55 2 3
charm.land/fantasy/content_json.go:691.55,693.3 1 0
charm.land/fantasy/content_json.go:695.2,700.34 5 3
charm.land/fantasy/content_json.go:700.34,702.17 2 0
charm.land/fantasy/content_json.go:702.17,704.4 1 0
charm.land/fantasy/content_json.go:705.3,705.30 1 0
charm.land/fantasy/content_json.go:708.2,708.12 1 3
charm.land/fantasy/content_json.go:712.55,722.16 2 4
charm.land/fantasy/content_json.go:722.16,724.3 1 0
charm.land/fantasy/content_json.go:726.2,729.4 1 4
charm.land/fantasy/content_json.go:733.59,735.51 2 5
charm.land/fantasy/content_json.go:735.51,737.3 1 0
charm.land/fantasy/content_json.go:739.2,745.55 2 5
charm.land/fantasy/content_json.go:745.55,747.3 1 0
charm.land/fantasy/content_json.go:749.2,753.16 3 5
charm.land/fantasy/content_json.go:753.16,755.3 1 1
charm.land/fantasy/content_json.go:756.2,758.34 2 4
charm.land/fantasy/content_json.go:758.34,760.17 2 0
charm.land/fantasy/content_json.go:760.17,762.4 1 0
charm.land/fantasy/content_json.go:763.3,763.30 1 0
charm.land/fantasy/content_json.go:766.2,766.12 1 4
charm.land/fantasy/content_json.go:770.52,777.51 2 24
charm.land/fantasy/content_json.go:777.51,779.3 1 0
charm.land/fantasy/content_json.go:781.2,784.38 3 24
charm.land/fantasy/content_json.go:784.38,786.17 2 34
charm.land/fantasy/content_json.go:786.17,788.4 1 2
charm.land/fantasy/content_json.go:789.3,789.22 1 32
charm.land/fantasy/content_json.go:792.2,792.34 1 22
charm.land/fantasy/content_json.go:792.34,794.17 2 0
charm.land/fantasy/content_json.go:794.17,796.4 1 0
charm.land/fantasy/content_json.go:797.3,797.30 1 0
charm.land/fantasy/content_json.go:800.2,800.12 1 22
charm.land/fantasy/content_json.go:804.53,816.16 2 0
charm.land/fantasy/content_json.go:816.16,818.3 1 0
charm.land/fantasy/content_json.go:820.2,823.4 1 0
charm.land/fantasy/content_json.go:827.57,829.50 2 0
charm.land/fantasy/content_json.go:829.50,831.3 1 0
charm.land/fantasy/content_json.go:833.2,840.54 2 0
charm.land/fantasy/content_json.go:840.54,842.3 1 0
charm.land/fantasy/content_json.go:844.2,848.34 4 0
charm.land/fantasy/content_json.go:848.34,850.17 2 0
charm.land/fantasy/content_json.go:850.17,852.4 1 0
charm.land/fantasy/content_json.go:853.3,853.30 1 0
charm.land/fantasy/content_json.go:856.2,856.12 1 0
charm.land/fantasy/content_json.go:860.60,863.16 3 0
charm.land/fantasy/content_json.go:863.16,865.3 1 0
charm.land/fantasy/content_json.go:867.2,870.4 1 0
charm.land/fantasy/content_json.go:874.64,876.50 2 0
charm.land/fantasy/content_json.go:876.50,878.3 1 0
charm.land/fantasy/content_json.go:880.2,883.54 3 0
charm.land/fantasy/content_json.go:883.54,885.3 1 0
charm.land/fantasy/content_json.go:887.2,889.12 2 0
charm.land/fantasy/content_json.go:893.47,895.50 2 0
charm.land/fantasy/content_json.go:895.50,897.3 1 0
charm.land/fantasy/content_json.go:899.2,899.27 1 0
charm.land/fantasy/content_json.go:900.24,902.50 2 0
charm.land/fantasy/content_json.go:902.50,904.4 1 0
charm.land/fantasy/content_json.go:905.3,905.19 1 0
charm.land/fantasy/content_json.go:906.31,908.50 2 0
charm.land/fantasy/content_json.go:908.50,910.4 1 0
charm.land/fantasy/content_json.go:911.3,911.19 1 0
charm.land/fantasy/content_json.go:912.10,913.59 1 0
charm.land/fantasy/content_json.go:918.53,920.50 2 0
charm.land/fantasy/content_json.go:920.50,922.3 1 0
charm.land/fantasy/content_json.go:924.2,924.30 1 0
charm.land/fantasy/content_json.go:925.23,927.53 2 0
charm.land/fantasy/content_json.go:927.53,929.4 1 0
charm.land/fantasy/content_json.go:930.3,930.22 1 0
charm.land/fantasy/content_json.go:931.28,933.53 2 0
charm.land/fantasy/content_json.go:933.53,935.4 1 0
charm.land/fantasy/content_json.go:936.3,936.22 1 0
charm.land/fantasy/content_json.go:937.23,939.53 2 0
charm.land/fantasy/content_json.go:939.53,941.4 1 0
charm.land/fantasy/content_json.go:942.3,942.22 1 0
charm.land/fantasy/content_json.go:943.25,945.53 2 0
charm.land/fantasy/content_json.go:945.53,947.4 1 0
charm.land/fantasy/content_json.go:948.3,948.22 1 0
charm.land/fantasy/content_json.go:949.27,951.53 2 0
charm.land/fantasy/content_json.go:951.53,953.4 1 0
charm.land/fantasy/content_json.go:954.3,954.22 1 0
charm.land/fantasy/content_json.go:955.29,957.53 2 0
charm.land/fantasy/content_json.go:957.53,959.4 1 0
charm.land/fantasy/content_json.go:960.3,960.22 1 0
charm.land/fantasy/content_json.go:961.10,962.62 1 0
charm.land/fantasy/content_json.go:967.61,969.51 2 34
charm.land/fantasy/content_json.go:969.51,971.3 1 0
charm.land/fantasy/content_json.go:973.2,973.31 1 34
charm.land/fantasy/content_json.go:974.23,976.50 2 19
charm.land/fantasy/content_json.go:976.50,978.4 1 0
charm.land/fantasy/content_json.go:979.3,979.19 1 19
charm.land/fantasy/content_json.go:980.28,982.50 2 2
charm.land/fantasy/content_json.go:982.50,984.4 1 0
charm.land/fantasy/content_json.go:985.3,985.19 1 2
charm.land/fantasy/content_json.go:986.23,988.50 2 4
charm.land/fantasy/content_json.go:988.50,990.4 1 0
charm.land/fantasy/content_json.go:991.3,991.19 1 4
charm.land/fantasy/content_json.go:992.27,994.50 2 3
charm.land/fantasy/content_json.go:994.50,996.4 1 0
charm.land/fantasy/content_json.go:997.3,997.19 1 3
charm.land/fantasy/content_json.go:998.29,1000.50 2 5
charm.land/fantasy/content_json.go:1000.50,1002.4 1 1
charm.land/fantasy/content_json.go:1003.3,1003.19 1 4
charm.land/fantasy/content_json.go:1004.10,1005.68 1 1
charm.land/fantasy/content_json.go:1010.85,1012.52 2 5
charm.land/fantasy/content_json.go:1012.52,1014.3 1 0
charm.land/fantasy/content_json.go:1016.2,1016.42 1 5
charm.land/fantasy/content_json.go:1017.33,1019.53 2 1
charm.land/fantasy/content_json.go:1019.53,1021.4 1 0
charm.land/fantasy/content_json.go:1022.3,1022.22 1 1
charm.land/fantasy/content_json.go:1023.34,1025.53 2 2
charm.land/fantasy/content_json.go:1025.53,1027.4 1 0
charm.land/fantasy/content_json.go:1028.3,1028.22 1 2
charm.land/fantasy/content_json.go:1029.34,1031.53 2 1
charm.land/fantasy/content_json.go:1031.53,1033.4 1 0
charm.land/fantasy/content_json.go:1034.3,1034.22 1 1
charm.land/fantasy/content_json.go:1035.10,1036.83 1 1
charm.land/fantasy/errors.go:19.34,20.21 1 1
charm.land/fantasy/errors.go:20.21,22.3 1 0
charm.land/fantasy/errors.go:23.2,23.54 1 1
charm.land/fantasy/errors.go:26.33,28.2 1 0
charm.land/fantasy/errors.go:43.40,44.19 1 1
charm.land/fantasy/errors.go:44.19,46.3 1 0
charm.land/fantasy/errors.go:47.2,47.50 1 1
charm.land/fantasy/errors.go:51.44,53.2 1 0
charm.land/fantasy/errors.go:60.37,61.41 1 0
charm.land/fantasy/errors.go:61.41,63.3 1 0
charm.land/fantasy/errors.go:64.2,64.44 1 0
charm.land/fantasy/errors.go:67.36,68.41 1 0
charm.land/fantasy/errors.go:68.41,70.3 1 0
charm.land/fantasy/errors.go:71.2,71.12 1 0
charm.land/fantasy/errors.go:75.53,77.2 1 0
charm.land/fantasy/errors.go:90.49,91.30 1 0
charm.land/fantasy/errors.go:91.30,93.3 1 0
charm.land/fantasy/errors.go:94.2,94.25 1 0
charm.land/fantasy/errors.go:94.25,96.3 1 0
charm.land/fantasy/errors.go:97.2,97.36 1 0
charm.land/fantasy/errors.go:101.47,104.2 2 0
charm.land/fantasy/model.go:19.32,28.2 1 0
charm.land/fantasy/model.go:34.40,35.22 1 5
charm.land/fantasy/model.go:35.22,36.37 1 5
charm.land/fantasy/model.go:36.37,38.4 1 4
charm.land/fantasy/model.go:40.2,40.11 1 1
charm.land/fantasy/model.go:44.57,46.22 2 7
charm.land/fantasy/model.go:46.22,47.42 1 22
charm.land/fantasy/model.go:47.42,48.70 1 7
charm.land/fantasy/model.go:48.70,50.5 1 7
charm.land/fantasy/model.go:53.2,53.18 1 7
charm.land/fantasy/model.go:57.49,59.42 2 4
charm.land/fantasy/model.go:59.42,61.3 1 4
charm.land/fantasy/model.go:62.2,62.13 1 4
charm.land/fantasy/model.go:66.48,68.22 2 3
charm.land/fantasy/model.go:68.22,69.37 1 10
charm.land/fantasy/model.go:69.37,70.60 1 3
charm.land/fantasy/model.go:70.60,72.5 1 3
charm.land/fantasy/model.go:75.2,75.14 1 3
charm.land/fantasy/model.go:79.52,81.22 2 3
charm.land/fantasy/model.go:81.22,82.39 1 9
charm.land/fantasy/model.go:82.39,83.64 1 3
charm.land/fantasy/model.go:83.64,85.5 1 3
charm.land/fantasy/model.go:88.2,88.16 1 3
charm.land/fantasy/model.go:92.56,94.22 2 13
charm.land/fantasy/model.go:94.22,95.41 1 33
charm.land/fantasy/model.go:95.41,96.68 1 10
charm.land/fantasy/model.go:96.68,98.5 1 10
charm.land/fantasy/model.go:101.2,101.18 1 13
charm.land/fantasy/model.go:105.60,107.22 2 7
charm.land/fantasy/model.go:107.22,108.43 1 16
charm.land/fantasy/model.go:108.43,109.72 1 6
charm.land/fantasy/model.go:109.72,111.5 1 6
charm.land/fantasy/model.go:114.2,114.20 1 7
charm.land/fantasy/model.go:202.49,204.2 1 2
charm.land/fantasy/model_json.go:9.49,23.51 2 0
charm.land/fantasy/model_json.go:23.51,25.3 1 0
charm.land/fantasy/model_json.go:27.2,38.36 10 0
charm.land/fantasy/model_json.go:38.36,40.17 2 0
charm.land/fantasy/model_json.go:40.17,42.4 1 0
charm.land/fantasy/model_json.go:43.3,43.20 1 0
charm.land/fantasy/model_json.go:47.2,47.34 1 0
charm.land/fantasy/model_json.go:47.34,49.17 2 0
charm.land/fantasy/model_json.go:49.17,51.4 1 0
charm.land/fantasy/model_json.go:52.3,52.30 1 0
charm.land/fantasy/model_json.go:55.2,55.12 1 0
charm.land/fantasy/model_json.go:59.53,68.51 2 0
charm.land/fantasy/model_json.go:68.51,70.3 1 0
charm.land/fantasy/model_json.go:72.2,79.65 5 0
charm.land/fantasy/model_json.go:79.65,81.3 1 0
charm.land/fantasy/model_json.go:83.2,84.37 2 0
charm.land/fantasy/model_json.go:84.37,86.17 2 0
charm.land/fantasy/model_json.go:86.17,88.4 1 0
charm.land/fantasy/model_json.go:89.3,89.20 1 0
charm.land/fantasy/model_json.go:91.2,94.35 2 0
charm.land/fantasy/model_json.go:94.35,96.17 2 0
charm.land/fantasy/model_json.go:96.17,98.4 1 0
charm.land/fantasy/model_json.go:99.3,99.32 1 0
charm.land/fantasy/model_json.go:102.2,102.12 1 0
charm.land/fantasy/model_json.go:106.51,116.20 3 1
charm.land/fantasy/model_json.go:116.20,118.3 1 1
charm.land/fantasy/model_json.go:121.2,123.26 2 1
charm.land/fantasy/model_json.go:127.55,137.51 3 2
charm.land/fantasy/model_json.go:137.51,139.3 1 0
charm.land/fantasy/model_json.go:142.2,142.21 1 2
charm.land/fantasy/model_json.go:142.21,144.3 1 2
charm.land/fantasy/model_json.go:147.2,147.35 1 2
charm.land/fantasy/model_json.go:147.35,149.17 2 0
charm.land/fantasy/model_json.go:149.17,151.4 1 0
charm.land/fantasy/model_json.go:152.3,152.32 1 0
charm.land/fantasy/model_json.go:155.2,155.12 1 2
charm.land/fantasy/object.go:108.108,113.2 1 0
charm.land/fantasy/object.go:117.67,118.34 1 0
charm.land/fantasy/object.go:118.34,122.30 3 0
charm.land/fantasy/object.go:122.30,123.69 1 0
charm.land/fantasy/object.go:123.69,125.66 2 0
charm.land/fantasy/object.go:125.66,126.14 1 0
charm.land/fantasy/object.go:129.5,129.63 1 0
charm.land/fantasy/object.go:129.63,130.25 1 0
charm.land/fantasy/object.go:130.25,132.7 1 0
charm.land/fantasy/object.go:133.6,134.23 2 0
charm.land/fantasy/object.go:143.63,144.39 1 0
charm.land/fantasy/object.go:144.39,145.30 1 0
charm.land/fantasy/object.go:145.30,146.70 1 0
charm.land/fantasy/object.go:146.70,147.27 1 0
charm.land/fantasy/object.go:147.27,149.6 1 0
charm.land/fantasy/object.go:156.73,158.2 1 0
charm.land/fantasy/object.go:162.68,172.29 9 0
charm.land/fantasy/object.go:172.29,173.20 1 0
charm.land/fantasy/object.go:174.35,175.26 1 0
charm.land/fantasy/object.go:175.26,176.70 1 0
charm.land/fantasy/object.go:176.70,178.65 2 0
charm.land/fantasy/object.go:178.65,180.7 1 0
charm.land/fantasy/object.go:184.34,185.26 1 0
charm.land/fantasy/object.go:187.35,190.30 3 0
charm.land/fantasy/object.go:190.30,192.5 1 0
charm.land/fantasy/object.go:193.4,193.38 1 0
charm.land/fantasy/object.go:193.38,195.5 1 0
charm.land/fantasy/object.go:199.2,199.22 1 0
charm.land/fantasy/object.go:199.22,201.3 1 0
charm.land/fantasy/object.go:203.2,203.16 1 0
charm.land/fantasy/object.go:203.16,210.3 1 0
charm.land/fantasy/object.go:212.2,219.8 1 0
charm.land/fantasy/object.go:222.49,224.16 2 0
charm.land/fantasy/object.go:224.16,226.3 1 0
charm.land/fantasy/object.go:228.2,228.58 1 0
charm.land/fantasy/object.go:228.58,230.3 1 0
charm.land/fantasy/object.go:232.2,232.12 1 0
charm.land/fantasy/provider_registry.go:25.69,27.2 1 0
charm.land/fantasy/provider_registry.go:30.70,32.50 2 0
charm.land/fantasy/provider_registry.go:32.50,34.3 1 0
charm.land/fantasy/provider_registry.go:36.2,37.13 2 0
charm.land/fantasy/provider_registry.go:37.13,39.3 1 0
charm.land/fantasy/provider_registry.go:41.2,42.29 2 0
charm.land/fantasy/provider_registry.go:46.104,48.38 2 0
charm.land/fantasy/provider_registry.go:48.38,50.17 2 0
charm.land/fantasy/provider_registry.go:50.17,52.4 1 0
charm.land/fantasy/provider_registry.go:53.3,53.34 1 0
charm.land/fantasy/provider_registry.go:55.2,55.20 1 0
charm.land/fantasy/provider_registry.go:59.89,61.2 1 0
charm.land/fantasy/provider_registry.go:64.91,66.2 1 0
charm.land/fantasy/provider_registry.go:77.72,79.16 2 0
charm.land/fantasy/provider_registry.go:79.16,81.3 1 0
charm.land/fantasy/provider_registry.go:83.2,86.4 1 0
charm.land/fantasy/provider_registry.go:104.65,106.2 1 0
charm.land/fantasy/retry.go:17.88,19.73 2 0
charm.land/fantasy/retry.go:19.73,21.3 1 0
charm.land/fantasy/retry.go:23.2,27.63 3 0
charm.land/fantasy/retry.go:27.63,28.73 1 0
charm.land/fantasy/retry.go:28.73,30.4 1 0
charm.land/fantasy/retry.go:34.2,34.69 1 0
charm.land/fantasy/retry.go:34.69,35.76 1 0
charm.land/fantasy/retry.go:35.76,37.4 1 0
charm.land/fantasy/retry.go:37.9,39.66 1 0
charm.land/fantasy/retry.go:39.66,41.5 1 0
charm.land/fantasy/retry.go:47.2,47.69 1 0
charm.land/fantasy/retry.go:47.69,49.3 1 0
charm.land/fantasy/retry.go:51.2,51.32 1 0
charm.land/fantasy/retry.go:55.35,57.2 1 1
charm.land/fantasy/retry.go:62.102,63.61 1 39
charm.land/fantasy/retry.go:63.61,65.3 1 39
charm.land/fantasy/retry.go:81.41,87.2 1 39
charm.land/fantasy/retry.go:90.129,93.16 3 39
charm.land/fantasy/retry.go:93.16,95.3 1 38
charm.land/fantasy/retry.go:97.2,97.23 1 1
charm.land/fantasy/retry.go:97.23,99.3 1 0
charm.land/fantasy/retry.go:101.2,101.29 1 1
charm.land/fantasy/retry.go:101.29,103.3 1 0
charm.land/fantasy/retry.go:105.2,108.36 3 1
charm.land/fantasy/retry.go:108.36,110.3 1 0
charm.land/fantasy/retry.go:112.2,113.98 2 1
charm.land/fantasy/retry.go:113.98,115.29 2 0
charm.land/fantasy/retry.go:115.29,117.4 1 0
charm.land/fantasy/retry.go:119.3,119.10 1 0
charm.land/fantasy/retry.go:120.28,120.28 0 0
charm.land/fantasy/retry.go:122.21,123.26 1 0
charm.land/fantasy/retry.go:126.3,129.69 3 0
charm.land/fantasy/retry.go:132.2,132.20 1 1
charm.land/fantasy/retry.go:132.20,134.3 1 1
charm.land/fantasy/retry.go:136.2,136.37 1 0
charm.land/fantasy/tool.go:44.51,49.2 1 3
charm.land/fantasy/tool.go:52.56,58.2 1 0
charm.land/fantasy/tool.go:61.67,67.2 1 4
charm.land/fantasy/tool.go:70.67,76.2 1 2
charm.land/fantasy/tool.go:79.77,80.21 1 1
charm.land/fantasy/tool.go:80.21,82.17 2 1
charm.land/fantasy/tool.go:82.17,84.4 1 0
charm.land/fantasy/tool.go:85.3,85.44 1 1
charm.land/fantasy/tool.go:87.2,87.17 1 1
charm.land/fantasy/tool.go:105.13,116.2 3 7
charm.land/fantasy/tool.go:124.13,127.61 2 0
charm.land/fantasy/tool.go:127.61,129.3 1 0
charm.land/fantasy/tool.go:130.2,130.13 1 0
charm.land/fantasy/tool.go:143.76,145.2 1 0
charm.land/fantasy/tool.go:147.69,149.2 1 6
charm.land/fantasy/tool.go:151.62,153.2 1 0
charm.land/fantasy/tool.go:155.51,156.30 1 21
charm.land/fantasy/tool.go:156.30,158.3 1 0
charm.land/fantasy/tool.go:159.2,165.3 1 21
charm.land/fantasy/tool.go:168.99,170.69 2 6
charm.land/fantasy/tool.go:170.69,172.3 1 0
charm.land/fantasy/tool.go:174.2,174.33 1 6
charm.land/fantasy/util.go:6.25,8.2 1 0
charm.land/fantasy/util.go:11.62,16.16 2 0
charm.land/fantasy/util.go:16.16,18.3 1 0
charm.land/fantasy/util.go:19.2,19.32 1 0
charm.land/fantasy/providers/azure/azure.go:42.52,46.27 2 0
charm.land/fantasy/providers/azure/azure.go:46.27,48.3 1 0
charm.land/fantasy/providers/azure/azure.go:49.2,58.3 1 0
charm.land/fantasy/providers/azure/azure.go:62.41,63.26 1 0
charm.land/fantasy/providers/azure/azure.go:63.26,65.3 1 0
charm.land/fantasy/providers/azure/azure.go:71.43,73.23 2 15
charm.land/fantasy/providers/azure/azure.go:73.23,76.3 2 10
charm.land/fantasy/providers/azure/azure.go:78.2,78.87 1 5
charm.land/fantasy/providers/azure/azure.go:78.87,80.3 1 2
charm.land/fantasy/providers/azure/azure.go:81.2,81.16 1 3
charm.land/fantasy/providers/azure/azure.go:85.39,86.26 1 0
charm.land/fantasy/providers/azure/azure.go:86.26,88.3 1 0
charm.land/fantasy/providers/azure/azure.go:92.52,93.26 1 0
charm.land/fantasy/providers/azure/azure.go:93.26,95.3 1 0
charm.land/fantasy/providers/azure/azure.go:99.44,100.26 1 0
charm.land/fantasy/providers/azure/azure.go:100.26,102.3 1 0
charm.land/fantasy/providers/azure/azure.go:106.54,107.26 1 0
charm.land/fantasy/providers/azure/azure.go:107.26,109.3 1 0
charm.land/fantasy/providers/azure/azure.go:113.35,114.26 1 0
charm.land/fantasy/providers/azure/azure.go:114.26,116.3 1 0
charm.land/fantasy/providers/anthropic/anthropic.go:57.52,62.25 2 0
charm.land/fantasy/providers/anthropic/anthropic.go:62.25,64.3 1 0
charm.land/fantasy/providers/anthropic/anthropic.go:66.2,68.49 3 0
charm.land/fantasy/providers/anthropic/anthropic.go:72.41,73.26 1 0
charm.land/fantasy/providers/anthropic/anthropic.go:73.26,75.3 1 0
charm.land/fantasy/providers/anthropic/anthropic.go:79.39,80.26 1 0
charm.land/fantasy/providers/anthropic/anthropic.go:80.26,82.3 1 0
charm.land/fantasy/providers/anthropic/anthropic.go:86.50,87.26 1 0
charm.land/fantasy/providers/anthropic/anthropic.go:87.26,90.3 2 0
charm.land/fantasy/providers/anthropic/anthropic.go:94.37,95.26 1 0
charm.land/fantasy/providers/anthropic/anthropic.go:95.26,97.3 1 0
charm.land/fantasy/providers/anthropic/anthropic.go:101.27,102.26 1 0
charm.land/fantasy/providers/anthropic/anthropic.go:102.26,104.3 1 0
charm.land/fantasy/providers/anthropic/anthropic.go:108.35,109.26 1 0
charm.land/fantasy/providers/anthropic/anthropic.go:109.26,111.3 1 0
charm.land/fantasy/providers/anthropic/anthropic.go:115.52,116.26 1 0
charm.land/fantasy/providers/anthropic/anthropic.go:116.26,118.3 1 0
charm.land/fantasy/providers/anthropic/anthropic.go:122.54,123.26 1 0
charm.land/fantasy/providers/anthropic/anthropic.go:123.26,125.3 1 0
charm.land/fantasy/providers/anthropic/anthropic.go:129.51,130.26 1 0
charm.land/fantasy/providers/anthropic/anthropic.go:130.26,132.35 1 0
charm.land/fantasy/providers/anthropic/anthropic.go:132.35,134.4 1 0
charm.land/fantasy/providers/anthropic/anthropic.go:135.3,135.20 1 0
charm.land/fantasy/providers/anthropic/anthropic.go:139.102,143.53 3 0
charm.land/fantasy/providers/anthropic/anthropic.go:143.53,145.3 1 0
charm.land/fantasy/providers/anthropic/anthropic.go:146.2,146.29 1 0
charm.land/fantasy/providers/anthropic/anthropic.go:146.29,148.3 1 0
charm.land/fantasy/providers/anthropic/anthropic.go:149.2,149.44 1 0
charm.land/fantasy/providers/anthropic/anthropic.go:149.44,151.3 1 0
charm.land/fantasy/providers/anthropic/anthropic.go:152.2,152.69 1 0
charm.land/fantasy/providers/anthropic/anthropic.go:152.69,156.35 3 0
charm.land/fantasy/providers/anthropic/anthropic.go:156.35,160.4 1 0
charm.land/fantasy/providers/anthropic/anthropic.go:160.9,160.32 1 0
charm.land/fantasy/providers/anthropic/anthropic.go:160.32,162.4 1 0
charm.land/fantasy/providers/anthropic/anthropic.go:162.9,164.18 2 0
charm.land/fantasy/providers/anthropic/anthropic.go:164.18,166.5 1 0
charm.land/fantasy/providers/anthropic/anthropic.go:169.3,177.4 1 0
charm.land/fantasy/providers/anthropic/anthropic.go:179.2,179.29 1 0
charm.land/fantasy/providers/anthropic/anthropic.go:179.29,181.3 1 0
charm.land/fantasy/providers/anthropic/anthropic.go:182.2,182.26 1 0
charm.land/fantasy/providers/anthropic/anthropic.go:182.26,185.51 2 0
charm.land/fantasy/providers/anthropic/anthropic.go:185.51,190.4 1 0
charm.land/fantasy/providers/anthropic/anthropic.go:190.9,195.4 1 0
charm.land/fantasy/providers/anthropic/anthropic.go:197.2,202.8 1 0
charm.land/fantasy/providers/anthropic/anthropic.go:213.39,215.2 1 0
charm.land/fantasy/providers/anthropic/anthropic.go:218.42,220.2 1 0
charm.land/fantasy/providers/anthropic/anthropic.go:222.117,225.45 3 0
charm.land/fantasy/providers/anthropic/anthropic.go:225.45,227.10 2 0
charm.land/fantasy/providers/anthropic/anthropic.go:227.10,229.4 1 0
charm.land/fantasy/providers/anthropic/anthropic.go:231.2,232.42 2 0
charm.land/fantasy/providers/anthropic/anthropic.go:232.42,234.3 1 0
charm.land/fantasy/providers/anthropic/anthropic.go:235.2,237.34 2 0
charm.land/fantasy/providers/anthropic/anthropic.go:237.34,242.3 1 0
charm.land/fantasy/providers/anthropic/anthropic.go:243.2,243.33 1 0
charm.land/fantasy/providers/anthropic/anthropic.go:243.33,248.3 1 0
charm.land/fantasy/providers/anthropic/anthropic.go:250.2,255.33 5 0
charm.land/fantasy/providers/anthropic/anthropic.go:255.33,257.3 1 0
charm.land/fantasy/providers/anthropic/anthropic.go:259.2,259.29 1 0
charm.land/fantasy/providers/anthropic/anthropic.go:259.29,261.3 1 0
charm.land/fantasy/providers/anthropic/anthropic.go:262.2,262.22 1 0
charm.land/fantasy/providers/anthropic/anthropic.go:262.22,264.3 1 0
charm.land/fantasy/providers/anthropic/anthropic.go:265.2,265.22 1 0
charm.land/fantasy/providers/anthropic/anthropic.go:265.22,267.3 1 0
charm.land/fantasy/providers/anthropic/anthropic.go:269.2,271.37 3 0
charm.land/fantasy/providers/anthropic/anthropic.go:271.37,274.3 2 0
charm.land/fantasy/providers/anthropic/anthropic.go:275.2,275.16 1 0
charm.land/fantasy/providers/anthropic/anthropic.go:275.16,276.26 1 0
charm.land/fantasy/providers/anthropic/anthropic.go:276.26,278.4 1 0
charm.land/fantasy/providers/anthropic/anthropic.go:279.3,280.30 2 0
charm.land/fantasy/providers/anthropic/anthropic.go:280.30,287.4 2 0
charm.land/fantasy/providers/anthropic/anthropic.go:288.3,288.23 1 0
charm.land/fantasy/providers/anthropic/anthropic.go:288.23,295.4 2 0
charm.land/fantasy/providers/anthropic/anthropic.go:296.3,296.23 1 0
charm.land/fantasy/providers/anthropic/anthropic.go:296.23,303.4 2 0
charm.land/fantasy/providers/anthropic/anthropic.go:304.3,304.55 1 0
charm.land/fantasy/providers/anthropic/anthropic.go:307.2,307.25 1 0
charm.land/fantasy/providers/anthropic/anthropic.go:307.25,309.52 2 0
charm.land/fantasy/providers/anthropic/anthropic.go:309.52,311.4 1 0
charm.land/fantasy/providers/anthropic/anthropic.go:312.3,314.24 3 0
charm.land/fantasy/providers/anthropic/anthropic.go:314.24,316.4 1 0
charm.land/fantasy/providers/anthropic/anthropic.go:317.3,317.47 1 0
charm.land/fantasy/providers/anthropic/anthropic.go:320.2,320.30 1 0
charm.land/fantasy/providers/anthropic/anthropic.go:323.34,325.2 1 0
charm.land/fantasy/providers/anthropic/anthropic.go:328.77,329.55 1 37
charm.land/fantasy/providers/anthropic/anthropic.go:329.55,330.73 1 3
charm.land/fantasy/providers/anthropic/anthropic.go:330.73,332.4 1 0
charm.land/fantasy/providers/anthropic/anthropic.go:334.2,334.12 1 37
charm.land/fantasy/providers/anthropic/anthropic.go:338.93,339.55 1 2
charm.land/fantasy/providers/anthropic/anthropic.go:339.55,340.71 1 2
charm.land/fantasy/providers/anthropic/anthropic.go:340.71,342.4 1 2
charm.land/fantasy/providers/anthropic/anthropic.go:344.2,344.12 1 0
charm.land/fantasy/providers/anthropic/anthropic.go:352.61,357.29 3 12
charm.land/fantasy/providers/anthropic/anthropic.go:357.29,358.19 1 19
charm.land/fantasy/providers/anthropic/anthropic.go:359.34,360.77 1 0
charm.land/fantasy/providers/anthropic/anthropic.go:360.77,366.5 2 0
charm.land/fantasy/providers/anthropic/anthropic.go:367.4,367.62 1 0
charm.land/fantasy/providers/anthropic/anthropic.go:368.32,369.75 1 9
charm.land/fantasy/providers/anthropic/anthropic.go:369.75,375.5 2 9
charm.land/fantasy/providers/anthropic/anthropic.go:376.4,376.62 1 9
charm.land/fantasy/providers/anthropic/anthropic.go:377.37,378.80 1 7
charm.land/fantasy/providers/anthropic/anthropic.go:378.80,384.5 2 7
charm.land/fantasy/providers/anthropic/anthropic.go:385.4,385.62 1 7
charm.land/fantasy/providers/anthropic/anthropic.go:386.32,387.75 1 3
charm.land/fantasy/providers/anthropic/anthropic.go:387.75,393.5 2 3
charm.land/fantasy/providers/anthropic/anthropic.go:394.4,394.62 1 3
charm.land/fantasy/providers/anthropic/anthropic.go:397.2,397.15 1 12
charm.land/fantasy/providers/anthropic/anthropic.go:400.246,401.29 1 0
charm.land/fantasy/providers/anthropic/anthropic.go:401.29,402.49 1 0
charm.land/fantasy/providers/anthropic/anthropic.go:402.49,404.11 2 0
charm.land/fantasy/providers/anthropic/anthropic.go:404.11,405.13 1 0
charm.land/fantasy/providers/anthropic/anthropic.go:407.4,409.53 3 0
charm.land/fantasy/providers/anthropic/anthropic.go:409.53,411.5 1 0
charm.land/fantasy/providers/anthropic/anthropic.go:412.4,412.49 1 0
charm.land/fantasy/providers/anthropic/anthropic.go:412.49,413.41 1 0
charm.land/fantasy/providers/anthropic/anthropic.go:413.41,415.6 1 0
charm.land/fantasy/providers/anthropic/anthropic.go:417.4,427.27 3 0
charm.land/fantasy/providers/anthropic/anthropic.go:427.27,429.5 1 0
charm.land/fantasy/providers/anthropic/anthropic.go:430.4,431.12 2 0
charm.land/fantasy/providers/anthropic/anthropic.go:434.3,438.5 1 0
charm.land/fantasy/providers/anthropic/anthropic.go:442.2,443.27 2 0
charm.land/fantasy/providers/anthropic/anthropic.go:443.27,445.3 1 0
charm.land/fantasy/providers/anthropic/anthropic.go:447.2,447.23 1 0
charm.land/fantasy/providers/anthropic/anthropic.go:447.23,448.31 1 0
charm.land/fantasy/providers/anthropic/anthropic.go:448.31,455.4 1 0
charm.land/fantasy/providers/anthropic/anthropic.go:456.3,456.55 1 0
charm.land/fantasy/providers/anthropic/anthropic.go:459.2,459.21 1 0
charm.land/fantasy/providers/anthropic/anthropic.go:460.30,466.4 1 0
charm.land/fantasy/providers/anthropic/anthropic.go:467.34,473.4 1 0
charm.land/fantasy/providers/anthropic/anthropic.go:474.30,475.55 1 0
charm.land/fantasy/providers/anthropic/anthropic.go:476.10,483.4 1 0
charm.land/fantasy/providers/anthropic/anthropic.go:485.2,485.54 1 0
charm.land/fantasy/providers/anthropic/anthropic.go:488.140,495.31 6 12
charm.land/fantasy/providers/anthropic/anthropic.go:495.31,496.21 1 19
charm.land/fantasy/providers/anthropic/anthropic.go:497.34,498.27 1 0
charm.land/fantasy/providers/anthropic/anthropic.go:498.27,501.13 1 0
charm.land/fantasy/providers/anthropic/anthropic.go:503.4,504.39 2 0
charm.land/fantasy/providers/anthropic/anthropic.go:504.39,505.38 1 0
charm.land/fantasy/providers/anthropic/anthropic.go:505.38,508.43 3 0
charm.land/fantasy/providers/anthropic/anthropic.go:508.43,510.7 1 0
charm.land/fantasy/providers/anthropic/anthropic.go:511.6,512.13 2 0
charm.land/fantasy/providers/anthropic/anthropic.go:512.13,513.15 1 0
charm.land/fantasy/providers/anthropic/anthropic.go:515.6,518.29 2 0
charm.land/fantasy/providers/anthropic/anthropic.go:518.29,520.7 1 0
charm.land/fantasy/providers/anthropic/anthropic.go:521.6,521.52 1 0
charm.land/fantasy/providers/anthropic/anthropic.go:525.32,527.39 2 12
charm.land/fantasy/providers/anthropic/anthropic.go:527.39,528.44 1 12
charm.land/fantasy/providers/anthropic/anthropic.go:528.44,529.39 1 9
charm.land/fantasy/providers/anthropic/anthropic.go:529.39,532.44 3 9
charm.land/fantasy/providers/anthropic/anthropic.go:532.44,534.8 1 9
charm.land/fantasy/providers/anthropic/anthropic.go:535.7,535.29 1 9
charm.land/fantasy/providers/anthropic/anthropic.go:536.36,538.15 2 7
charm.land/fantasy/providers/anthropic/anthropic.go:538.15,539.17 1 0
charm.land/fantasy/providers/anthropic/anthropic.go:541.8,544.31 2 7
charm.land/fantasy/providers/anthropic/anthropic.go:544.31,546.9 1 0
charm.land/fantasy/providers/anthropic/anthropic.go:547.8,549.10 1 7
charm.land/fantasy/providers/anthropic/anthropic.go:550.36,552.15 2 2
charm.land/fantasy/providers/anthropic/anthropic.go:552.15,553.17 1 0
charm.land/fantasy/providers/anthropic/anthropic.go:556.8,556.56 1 2
charm.land/fantasy/providers/anthropic/anthropic.go:556.56,557.17 1 1
charm.land/fantasy/providers/anthropic/anthropic.go:560.8,562.31 3 1
charm.land/fantasy/providers/anthropic/anthropic.go:562.31,564.9 1 0
charm.land/fantasy/providers/anthropic/anthropic.go:565.8,565.63 1 1
charm.land/fantasy/providers/anthropic/anthropic.go:568.11,568.51 1 3
charm.land/fantasy/providers/anthropic/anthropic.go:568.51,569.39 1 3
charm.land/fantasy/providers/anthropic/anthropic.go:569.39,572.44 3 3
charm.land/fantasy/providers/anthropic/anthropic.go:572.44,574.8 1 3
charm.land/fantasy/providers/anthropic/anthropic.go:575.7,576.14 2 3
charm.land/fantasy/providers/anthropic/anthropic.go:576.14,577.16 1 0
charm.land/fantasy/providers/anthropic/anthropic.go:579.7,582.38 2 3
charm.land/fantasy/providers/anthropic/anthropic.go:583.46,585.15 2 1
charm.land/fantasy/providers/anthropic/anthropic.go:585.15,586.17 1 0
charm.land/fantasy/providers/anthropic/anthropic.go:588.8,594.9 1 1
charm.land/fantasy/providers/anthropic/anthropic.go:595.47,597.15 2 1
charm.land/fantasy/providers/anthropic/anthropic.go:597.15,598.17 1 0
charm.land/fantasy/providers/anthropic/anthropic.go:600.8,605.30 2 1
charm.land/fantasy/providers/anthropic/anthropic.go:605.30,611.9 1 0
charm.land/fantasy/providers/anthropic/anthropic.go:612.8,612.47 1 1
charm.land/fantasy/providers/anthropic/anthropic.go:613.47,615.15 2 1
charm.land/fantasy/providers/anthropic/anthropic.go:615.15,616.17 1 0
charm.land/fantasy/providers/anthropic/anthropic.go:618.8,625.52 2 1
charm.land/fantasy/providers/anthropic/anthropic.go:627.7,627.30 1 3
charm.land/fantasy/providers/anthropic/anthropic.go:627.30,629.8 1 0
charm.land/fantasy/providers/anthropic/anthropic.go:630.7,632.9 1 3
charm.land/fantasy/providers/anthropic/anthropic.go:636.4,636.48 1 12
charm.land/fantasy/providers/anthropic/anthropic.go:636.48,641.13 2 1
charm.land/fantasy/providers/anthropic/anthropic.go:643.4,643.78 1 11
charm.land/fantasy/providers/anthropic/anthropic.go:644.37,646.39 2 7
charm.land/fantasy/providers/anthropic/anthropic.go:646.39,647.38 1 7
charm.land/fantasy/providers/anthropic/anthropic.go:647.38,650.43 3 7
charm.land/fantasy/providers/anthropic/anthropic.go:650.43,652.7 1 6
charm.land/fantasy/providers/anthropic/anthropic.go:653.6,653.28 1 7
charm.land/fantasy/providers/anthropic/anthropic.go:654.35,656.14 2 2
charm.land/fantasy/providers/anthropic/anthropic.go:656.14,657.16 1 0
charm.land/fantasy/providers/anthropic/anthropic.go:659.7,662.30 2 2
charm.land/fantasy/providers/anthropic/anthropic.go:662.30,664.8 1 0
charm.land/fantasy/providers/anthropic/anthropic.go:665.7,667.9 1 2
charm.land/fantasy/providers/anthropic/anthropic.go:668.40,670.14 2 3
charm.land/fantasy/providers/anthropic/anthropic.go:670.14,671.16 1 0
charm.land/fantasy/providers/anthropic/anthropic.go:673.7,673.29 1 3
charm.land/fantasy/providers/anthropic/anthropic.go:673.29,678.16 2 1
charm.land/fantasy/providers/anthropic/anthropic.go:680.7,681.35 2 2
charm.land/fantasy/providers/anthropic/anthropic.go:681.35,686.16 2 0
charm.land/fantasy/providers/anthropic/anthropic.go:689.7,689.44 1 2
charm.land/fantasy/providers/anthropic/anthropic.go:689.44,691.8 1 2
charm.land/fantasy/providers/anthropic/anthropic.go:691.13,691.54 1 0
charm.land/fantasy/providers/anthropic/anthropic.go:691.54,693.8 1 0
charm.land/fantasy/providers/anthropic/anthropic.go:693.13,698.16 2 0
charm.land/fantasy/providers/anthropic/anthropic.go:700.39,702.14 2 2
charm.land/fantasy/providers/anthropic/anthropic.go:702.14,703.16 1 0
charm.land/fantasy/providers/anthropic/anthropic.go:705.7,705.36 1 2
charm.land/fantasy/providers/anthropic/anthropic.go:705.36,707.16 1 0
charm.land/fantasy/providers/anthropic/anthropic.go:710.7,712.21 3 2
charm.land/fantasy/providers/anthropic/anthropic.go:712.21,713.16 1 1
charm.land/fantasy/providers/anthropic/anthropic.go:715.7,716.30 2 1
charm.land/fantasy/providers/anthropic/anthropic.go:716.30,718.8 1 0
charm.land/fantasy/providers/anthropic/anthropic.go:719.7,719.64 1 1
charm.land/fantasy/providers/anthropic/anthropic.go:720.41,720.41 0 0
charm.land/fantasy/providers/anthropic/anthropic.go:726.4,726.53 1 7
charm.land/fantasy/providers/anthropic/anthropic.go:726.53,731.13 2 4
charm.land/fantasy/providers/anthropic/anthropic.go:733.4,733.83 1 3
charm.land/fantasy/providers/anthropic/anthropic.go:736.2,736.41 1 12
charm.land/fantasy/providers/anthropic/anthropic.go:739.77,740.32 1 12
charm.land/fantasy/providers/anthropic/anthropic.go:740.32,741.79 1 11
charm.land/fantasy/providers/anthropic/anthropic.go:741.79,743.4 1 11
charm.land/fantasy/providers/anthropic/anthropic.go:745.2,745.14 1 1
charm.land/fantasy/providers/anthropic/anthropic.go:748.82,749.32 1 7
charm.land/fantasy/providers/anthropic/anthropic.go:749.32,750.52 1 5
charm.land/fantasy/providers/anthropic/anthropic.go:750.52,752.4 1 3
charm.land/fantasy/providers/anthropic/anthropic.go:754.2,754.14 1 4
charm.land/fantasy/providers/anthropic/anthropic.go:757.64,758.22 1 0
charm.land/fantasy/providers/anthropic/anthropic.go:759.49,760.34 1 0
charm.land/fantasy/providers/anthropic/anthropic.go:761.20,762.36 1 0
charm.land/fantasy/providers/anthropic/anthropic.go:763.18,764.39 1 0
charm.land/fantasy/providers/anthropic/anthropic.go:765.10,766.37 1 0
charm.land/fantasy/providers/anthropic/anthropic.go:771.100,773.16 2 0
charm.land/fantasy/providers/anthropic/anthropic.go:773.16,775.3 1 0
charm.land/fantasy/providers/anthropic/anthropic.go:776.2,777.16 2 0
charm.land/fantasy/providers/anthropic/anthropic.go:777.16,779.3 1 0
charm.land/fantasy/providers/anthropic/anthropic.go:781.2,782.41 2 0
charm.land/fantasy/providers/anthropic/anthropic.go:782.41,783.21 1 0
charm.land/fantasy/providers/anthropic/anthropic.go:784.15,786.11 2 0
charm.land/fantasy/providers/anthropic/anthropic.go:786.11,787.13 1 0
charm.land/fantasy/providers/anthropic/anthropic.go:789.4,791.6 1 0
charm.land/fantasy/providers/anthropic/anthropic.go:792.19,794.11 2 0
charm.land/fantasy/providers/anthropic/anthropic.go:794.11,795.13 1 0
charm.land/fantasy/providers/anthropic/anthropic.go:797.4,804.6 1 0
charm.land/fantasy/providers/anthropic/anthropic.go:805.28,807.11 2 0
charm.land/fantasy/providers/anthropic/anthropic.go:807.11,808.13 1 0
charm.land/fantasy/providers/anthropic/anthropic.go:810.4,817.6 1 0
charm.land/fantasy/providers/anthropic/anthropic.go:818.19,820.11 2 0
charm.land/fantasy/providers/anthropic/anthropic.go:820.11,821.13 1 0
charm.land/fantasy/providers/anthropic/anthropic.go:823.4,828.6 1 0
charm.land/fantasy/providers/anthropic/anthropic.go:832.2,844.8 1 0
charm.land/fantasy/providers/anthropic/anthropic.go:848.103,850.16 2 0
charm.land/fantasy/providers/anthropic/anthropic.go:850.16,852.3 1 0
charm.land/fantasy/providers/anthropic/anthropic.go:854.2,856.51 3 0
charm.land/fantasy/providers/anthropic/anthropic.go:856.51,857.24 1 0
charm.land/fantasy/providers/anthropic/anthropic.go:857.24,861.7 1 0
charm.land/fantasy/providers/anthropic/anthropic.go:861.7,863.5 1 0
charm.land/fantasy/providers/anthropic/anthropic.go:866.3,866.21 1 0
charm.land/fantasy/providers/anthropic/anthropic.go:866.21,869.22 3 0
charm.land/fantasy/providers/anthropic/anthropic.go:870.31,872.29 2 0
charm.land/fantasy/providers/anthropic/anthropic.go:873.17,877.9 1 0
charm.land/fantasy/providers/anthropic/anthropic.go:877.9,879.7 1 0
charm.land/fantasy/providers/anthropic/anthropic.go:880.21,884.9 1 0
charm.land/fantasy/providers/anthropic/anthropic.go:884.9,886.7 1 0
charm.land/fantasy/providers/anthropic/anthropic.go:887.30,896.9 1 0
charm.land/fantasy/providers/anthropic/anthropic.go:896.9,898.7 1 0
charm.land/fantasy/providers/anthropic/anthropic.go:899.21,905.9 1 0
charm.land/fantasy/providers/anthropic/anthropic.go:905.9,907.7 1 0
charm.land/fantasy/providers/anthropic/anthropic.go:909.30,910.46 1 0
charm.land/fantasy/providers/anthropic/anthropic.go:910.46,911.14 1 0
charm.land/fantasy/providers/anthropic/anthropic.go:913.5,914.30 2 0
charm.land/fantasy/providers/anthropic/anthropic.go:915.17,919.9 1 0
charm.land/fantasy/providers/anthropic/anthropic.go:919.9,921.7 1 0
charm.land/fantasy/providers/anthropic/anthropic.go:922.21,926.9 1 0
charm.land/fantasy/providers/anthropic/anthropic.go:926.9,928.7 1 0
charm.land/fantasy/providers/anthropic/anthropic.go:929.21,933.9 1 0
charm.land/fantasy/providers/anthropic/anthropic.go:933.9,935.7 1 0
charm.land/fantasy/providers/anthropic/anthropic.go:936.6,941.9 1 0
charm.land/fantasy/providers/anthropic/anthropic.go:941.9,943.7 1 0
charm.land/fantasy/providers/anthropic/anthropic.go:945.31,946.29 1 0
charm.land/fantasy/providers/anthropic/anthropic.go:947.23,952.9 1 0
charm.land/fantasy/providers/anthropic/anthropic.go:952.9,954.7 1 0
charm.land/fantasy/providers/anthropic/anthropic.go:955.27,960.9 1 0
charm.land/fantasy/providers/anthropic/anthropic.go:960.9,962.7 1 0
charm.land/fantasy/providers/anthropic/anthropic.go:963.28,972.9 1 0
charm.land/fantasy/providers/anthropic/anthropic.go:972.9,974.7 1 0
charm.land/fantasy/providers/anthropic/anthropic.go:975.29,976.47 1 0
charm.land/fantasy/providers/anthropic/anthropic.go:976.47,977.15 1 0
charm.land/fantasy/providers/anthropic/anthropic.go:979.6,984.9 2 0
charm.land/fantasy/providers/anthropic/anthropic.go:984.9,986.7 1 0
charm.land/fantasy/providers/anthropic/anthropic.go:988.24,988.24 0 0
charm.land/fantasy/providers/anthropic/anthropic.go:992.3,993.43 2 0
charm.land/fantasy/providers/anthropic/anthropic.go:993.43,1008.4 2 0
charm.land/fantasy/providers/anthropic/anthropic.go:1008.9,1014.4 2 0
charm.land/fantasy/providers/anthropic/anthropic.go:1019.118,1020.30 1 0
charm.land/fantasy/providers/anthropic/anthropic.go:1021.30,1022.47 1 0
charm.land/fantasy/providers/anthropic/anthropic.go:1023.10,1024.47 1 0
charm.land/fantasy/providers/anthropic/anthropic.go:1029.121,1030.30 1 0
charm.land/fantasy/providers/anthropic/anthropic.go:1031.30,1032.45 1 0
charm.land/fantasy/providers/anthropic/anthropic.go:1033.10,1034.45 1 0
charm.land/fantasy/providers/anthropic/bedrock.go:12.55,17.2 1 0
charm.land/fantasy/providers/anthropic/bedrock.go:19.58,21.21 2 0
charm.land/fantasy/providers/anthropic/bedrock.go:21.21,23.3 1 0
charm.land/fantasy/providers/anthropic/bedrock.go:24.2,25.40 2 0
charm.land/fantasy/providers/anthropic/bedrock.go:25.40,27.3 1 0
charm.land/fantasy/providers/anthropic/bedrock.go:28.2,28.25 1 0
charm.land/fantasy/providers/anthropic/error.go:13.37,15.29 2 0
charm.land/fantasy/providers/anthropic/error.go:15.29,26.3 1 0
charm.land/fantasy/providers/anthropic/error.go:27.2,27.12 1 0
charm.land/fantasy/providers/anthropic/error.go:30.58,32.23 2 0
charm.land/fantasy/providers/anthropic/error.go:32.23,33.25 1 0
charm.land/fantasy/providers/anthropic/error.go:33.25,36.4 2 0
charm.land/fantasy/providers/anthropic/error.go:38.2,38.12 1 0
charm.land/fantasy/providers/anthropic/google.go:9.62,11.2 1 0
charm.land/fantasy/providers/anthropic/provider_options.go:18.13,19.107 1 1
charm.land/fantasy/providers/anthropic/provider_options.go:19.107,21.50 2 0
charm.land/fantasy/providers/anthropic/provider_options.go:21.50,23.4 1 0
charm.land/fantasy/providers/anthropic/provider_options.go:24.3,24.17 1 0
charm.land/fantasy/providers/anthropic/provider_options.go:26.2,26.115 1 1
charm.land/fantasy/providers/anthropic/provider_options.go:26.115,28.50 2 0
charm.land/fantasy/providers/anthropic/provider_options.go:28.50,30.4 1 0
charm.land/fantasy/providers/anthropic/provider_options.go:31.3,31.17 1 0
charm.land/fantasy/providers/anthropic/provider_options.go:33.2,33.112 1 1
charm.land/fantasy/providers/anthropic/provider_options.go:33.112,35.50 2 0
charm.land/fantasy/providers/anthropic/provider_options.go:35.50,37.4 1 0
charm.land/fantasy/providers/anthropic/provider_options.go:38.3,38.17 1 0
charm.land/fantasy/providers/anthropic/provider_options.go:50.38,50.39 0 0
charm.land/fantasy/providers/anthropic/provider_options.go:53.56,56.2 2 0
charm.land/fantasy/providers/anthropic/provider_options.go:59.60,62.64 3 0
charm.land/fantasy/providers/anthropic/provider_options.go:62.64,64.3 1 0
charm.land/fantasy/providers/anthropic/provider_options.go:65.2,66.12 2 0
charm.land/fantasy/providers/anthropic/provider_options.go:81.44,81.45 0 0
charm.land/fantasy/providers/anthropic/provider_options.go:84.64,87.2 2 0
charm.land/fantasy/providers/anthropic/provider_options.go:90.68,93.64 3 0
charm.land/fantasy/providers/anthropic/provider_options.go:93.64,95.3 1 0
charm.land/fantasy/providers/anthropic/provider_options.go:96.2,97.12 2 0
charm.land/fantasy/providers/anthropic/provider_options.go:106.48,106.49 0 0
charm.land/fantasy/providers/anthropic/provider_options.go:109.68,112.2 2 0
charm.land/fantasy/providers/anthropic/provider_options.go:115.72,118.64 3 0
charm.land/fantasy/providers/anthropic/provider_options.go:118.64,120.3 1 0
charm.land/fantasy/providers/anthropic/provider_options.go:121.2,122.12 2 0
charm.land/fantasy/providers/anthropic/provider_options.go:131.72,135.2 1 0
charm.land/fantasy/providers/anthropic/provider_options.go:138.96,142.2 1 0
charm.land/fantasy/providers/anthropic/provider_options.go:145.66,147.61 2 0
charm.land/fantasy/providers/anthropic/provider_options.go:147.61,149.3 1 0
charm.land/fantasy/providers/anthropic/provider_options.go:150.2,150.22 1 0
charm.land/fantasy/object/object.go:32.37,38.16 5 0
charm.land/fantasy/object/object.go:38.16,40.3 1 0
charm.land/fantasy/object/object.go:42.2,43.56 2 0
charm.land/fantasy/object/object.go:43.56,45.3 1 0
charm.land/fantasy/object/object.go:47.2,54.8 1 0
charm.land/fantasy/object/object.go:75.43,81.16 5 0
charm.land/fantasy/object/object.go:81.16,83.3 1 0
charm.land/fantasy/object/object.go:85.2,85.59 1 0
charm.land/fantasy/object/object.go:95.36,97.20 2 0
charm.land/fantasy/object/object.go:97.20,99.3 1 0
charm.land/fantasy/object/object.go:101.2,102.27 2 0
charm.land/fantasy/object/object.go:102.27,104.3 1 0
charm.land/fantasy/object/object.go:106.2,125.16 4 0
charm.land/fantasy/object/object.go:125.16,127.3 1 0
charm.land/fantasy/object/object.go:129.2,130.25 2 0
charm.land/fantasy/object/object.go:130.25,137.3 1 0
charm.land/fantasy/object/object.go:139.2,142.28 3 0
charm.land/fantasy/object/object.go:142.28,144.3 1 0
charm.land/fantasy/object/object.go:144.8,146.3 1 0
charm.land/fantasy/object/object.go:148.2,148.16 1 0
charm.land/fantasy/object/object.go:148.16,149.62 1 0
charm.land/fantasy/object/object.go:149.62,152.4 2 0
charm.land/fantasy/object/object.go:153.3,153.18 1 0
charm.land/fantasy/object/object.go:156.2,163.8 1 0
charm.land/fantasy/object/object.go:173.36,175.16 2 0
charm.land/fantasy/object/object.go:175.16,177.3 1 0
charm.land/fantasy/object/object.go:179.2,188.34 4 0
charm.land/fantasy/object/object.go:188.34,189.44 1 0
charm.land/fantasy/object/object.go:189.44,192.28 3 0
charm.land/fantasy/object/object.go:192.28,193.62 1 0
charm.land/fantasy/object/object.go:193.62,195.6 1 0
charm.land/fantasy/object/object.go:197.4,197.108 1 0
charm.land/fantasy/object/object.go:198.9,200.4 1 0
charm.land/fantasy/object/object.go:203.2,203.16 1 0
charm.land/fantasy/object/object.go:203.16,205.3 1 0
charm.land/fantasy/object/object.go:207.2,217.16 2 0
charm.land/fantasy/object/object.go:217.16,219.3 1 0
charm.land/fantasy/object/object.go:221.2,222.23 2 0
charm.land/fantasy/object/object.go:222.23,229.3 1 0
charm.land/fantasy/object/object.go:231.2,232.28 2 0
charm.land/fantasy/object/object.go:232.28,234.3 1 0
charm.land/fantasy/object/object.go:234.8,236.3 1 0
charm.land/fantasy/object/object.go:238.2,238.16 1 0
charm.land/fantasy/object/object.go:238.16,239.49 1 0
charm.land/fantasy/object/object.go:239.49,247.4 1 0
charm.land/fantasy/object/object.go:248.3,248.18 1 0
charm.land/fantasy/object/object.go:251.2,258.8 1 0
charm.land/fantasy/object/object.go:267.41,270.20 2 0
charm.land/fantasy/object/object.go:270.20,272.3 1 0
charm.land/fantasy/object/object.go:274.2,275.27 2 0
charm.land/fantasy/object/object.go:275.27,277.3 1 0
charm.land/fantasy/object/object.go:279.2,299.16 4 0
charm.land/fantasy/object/object.go:299.16,301.3 1 0
charm.land/fantasy/object/object.go:304.2,304.57 1 0
charm.land/fantasy/object/object.go:304.57,313.28 8 0
charm.land/fantasy/object/object.go:313.28,314.21 1 0
charm.land/fantasy/object/object.go:315.41,320.83 3 0
charm.land/fantasy/object/object.go:320.83,321.75 1 0
charm.land/fantasy/object/object.go:321.75,322.52 1 0
charm.land/fantasy/object/object.go:322.52,326.11 1 0
charm.land/fantasy/object/object.go:326.11,328.9 1 0
charm.land/fantasy/object/object.go:329.8,329.30 1 0
charm.land/fantasy/object/object.go:334.5,334.67 1 0
charm.land/fantasy/object/object.go:334.67,336.26 2 0
charm.land/fantasy/object/object.go:336.26,339.63 2 0
charm.land/fantasy/object/object.go:339.63,340.54 1 0
charm.land/fantasy/object/object.go:340.54,344.12 1 0
charm.land/fantasy/object/object.go:344.12,346.10 1 0
charm.land/fantasy/object/object.go:347.9,347.32 1 0
charm.land/fantasy/object/object.go:353.46,357.83 3 0
charm.land/fantasy/object/object.go:357.83,358.75 1 0
charm.land/fantasy/object/object.go:358.75,359.52 1 0
charm.land/fantasy/object/object.go:359.52,363.11 1 0
charm.land/fantasy/object/object.go:363.11,365.9 1 0
charm.land/fantasy/object/object.go:366.8,366.30 1 0
charm.land/fantasy/object/object.go:371.5,371.67 1 0
charm.land/fantasy/object/object.go:371.67,373.26 2 0
charm.land/fantasy/object/object.go:373.26,376.63 2 0
charm.land/fantasy/object/object.go:376.63,377.54 1 0
charm.land/fantasy/object/object.go:377.54,381.12 1 0
charm.land/fantasy/object/object.go:381.12,383.10 1 0
charm.land/fantasy/object/object.go:384.9,384.32 1 0
charm.land/fantasy/object/object.go:390.40,395.31 4 0
charm.land/fantasy/object/object.go:395.31,397.6 1 0
charm.land/fantasy/object/object.go:397.11,399.6 1 0
charm.land/fantasy/object/object.go:401.5,401.19 1 0
charm.land/fantasy/object/object.go:401.19,402.51 1 0
charm.land/fantasy/object/object.go:402.51,406.10 1 0
charm.land/fantasy/object/object.go:406.10,408.8 1 0
charm.land/fantasy/object/object.go:409.7,409.29 1 0
charm.land/fantasy/object/object.go:413.37,418.8 2 0
charm.land/fantasy/object/object.go:418.8,420.6 1 0
charm.land/fantasy/object/object.go:422.38,424.37 2 0
charm.land/fantasy/object/object.go:426.40,427.29 1 0
charm.land/fantasy/object/object.go:430.4,430.38 1 0
charm.land/fantasy/object/object.go:430.38,432.5 1 0
charm.land/fantasy/object/object.go:435.3,435.50 1 0
charm.land/fantasy/object/object.go:435.50,443.4 1 0
charm.land/fantasy/object/object.go:443.9,443.57 1 0
charm.land/fantasy/object/object.go:443.57,453.4 1 0
charm.land/fantasy/object/object.go:463.41,466.16 3 0
charm.land/fantasy/object/object.go:466.16,468.3 1 0
charm.land/fantasy/object/object.go:470.2,479.34 4 0
charm.land/fantasy/object/object.go:479.34,480.44 1 0
charm.land/fantasy/object/object.go:480.44,483.28 3 0
charm.land/fantasy/object/object.go:483.28,484.62 1 0
charm.land/fantasy/object/object.go:484.62,486.6 1 0
charm.land/fantasy/object/object.go:488.4,488.108 1 0
charm.land/fantasy/object/object.go:489.9,491.4 1 0
charm.land/fantasy/object/object.go:494.2,494.16 1 0
charm.land/fantasy/object/object.go:494.16,496.3 1 0
charm.land/fantasy/object/object.go:498.2,508.16 2 0
charm.land/fantasy/object/object.go:508.16,510.3 1 0
charm.land/fantasy/object/object.go:512.2,512.57 1 0
charm.land/fantasy/object/object.go:512.57,521.28 8 0
charm.land/fantasy/object/object.go:521.28,522.21 1 0
charm.land/fantasy/object/object.go:523.41,528.83 3 0
charm.land/fantasy/object/object.go:528.83,529.75 1 0
charm.land/fantasy/object/object.go:529.75,530.52 1 0
charm.land/fantasy/object/object.go:530.52,534.11 1 0
charm.land/fantasy/object/object.go:534.11,536.9 1 0
charm.land/fantasy/object/object.go:537.8,537.30 1 0
charm.land/fantasy/object/object.go:542.5,542.67 1 0
charm.land/fantasy/object/object.go:542.67,544.26 2 0
charm.land/fantasy/object/object.go:544.26,547.63 2 0
charm.land/fantasy/object/object.go:547.63,548.54 1 0
charm.land/fantasy/object/object.go:548.54,552.12 1 0
charm.land/fantasy/object/object.go:552.12,554.10 1 0
charm.land/fantasy/object/object.go:555.9,555.32 1 0
charm.land/fantasy/object/object.go:561.37,566.8 2 0
charm.land/fantasy/object/object.go:566.8,568.6 1 0
charm.land/fantasy/object/object.go:570.38,572.37 2 0
charm.land/fantasy/object/object.go:574.40,575.29 1 0
charm.land/fantasy/object/object.go:578.4,578.38 1 0
charm.land/fantasy/object/object.go:578.38,580.5 1 0
charm.land/fantasy/object/object.go:583.3,583.50 1 0
charm.land/fantasy/object/object.go:583.50,591.4 1 0
charm.land/fantasy/object/object.go:591.9,591.57 1 0
charm.land/fantasy/object/object.go:591.57,601.4 1 0
charm.land/fantasy/object/object.go:605.43,607.16 2 0
charm.land/fantasy/object/object.go:607.16,609.3 1 0
charm.land/fantasy/object/object.go:611.2,611.58 1 0
charm.land/fantasy/object/object.go:611.58,613.3 1 0
charm.land/fantasy/object/object.go:615.2,615.12 1 0
