mode: atomic
charm.land/fantasy/agent.go:24.47,25.39 1 9
charm.land/fantasy/agent.go:25.39,27.3 1 12
charm.land/fantasy/agent.go:31.49,32.39 1 2
charm.land/fantasy/agent.go:32.39,33.22 1 5
charm.land/fantasy/agent.go:33.22,35.4 1 1
charm.land/fantasy/agent.go:36.3,38.38 3 4
charm.land/fantasy/agent.go:38.38,39.37 1 2
charm.land/fantasy/agent.go:39.37,41.5 1 1
charm.land/fantasy/agent.go:43.3,43.15 1 3
charm.land/fantasy/agent.go:48.56,49.39 1 2
charm.land/fantasy/agent.go:49.39,50.22 1 4
charm.land/fantasy/agent.go:50.22,52.4 1 1
charm.land/fantasy/agent.go:53.3,54.44 2 3
charm.land/fantasy/agent.go:54.44,55.40 1 5
charm.land/fantasy/agent.go:55.40,57.5 1 2
charm.land/fantasy/agent.go:59.3,59.15 1 1
charm.land/fantasy/agent.go:64.56,65.39 1 3
charm.land/fantasy/agent.go:65.39,66.22 1 5
charm.land/fantasy/agent.go:66.22,68.4 1 1
charm.land/fantasy/agent.go:69.3,70.41 2 4
charm.land/fantasy/agent.go:75.51,76.39 1 1
charm.land/fantasy/agent.go:76.39,78.30 2 4
charm.land/fantasy/agent.go:78.30,80.4 1 6
charm.land/fantasy/agent.go:81.3,81.34 1 4
charm.land/fantasy/agent.go:305.63,309.25 2 30
charm.land/fantasy/agent.go:309.25,311.3 1 32
charm.land/fantasy/agent.go:312.2,314.3 1 30
charm.land/fantasy/agent.go:317.55,326.61 8 30
charm.land/fantasy/agent.go:326.61,328.3 1 8
charm.land/fantasy/agent.go:329.2,329.62 1 30
charm.land/fantasy/agent.go:329.62,331.3 1 0
charm.land/fantasy/agent.go:332.2,332.68 1 30
charm.land/fantasy/agent.go:332.68,334.3 1 2
charm.land/fantasy/agent.go:335.2,335.54 1 30
charm.land/fantasy/agent.go:335.54,337.3 1 0
charm.land/fantasy/agent.go:339.2,340.39 2 30
charm.land/fantasy/agent.go:340.39,342.3 1 0
charm.land/fantasy/agent.go:343.2,343.33 1 30
charm.land/fantasy/agent.go:343.33,345.3 1 0
charm.land/fantasy/agent.go:346.2,350.31 3 30
charm.land/fantasy/agent.go:350.31,352.3 1 0
charm.land/fantasy/agent.go:354.2,354.13 1 30
charm.land/fantasy/agent.go:358.85,361.16 3 24
charm.land/fantasy/agent.go:361.16,363.3 1 1
charm.land/fantasy/agent.go:364.2,367.6 3 23
charm.land/fantasy/agent.go:367.6,375.30 7 24
charm.land/fantasy/agent.go:375.30,382.18 2 7
charm.land/fantasy/agent.go:382.18,384.5 1 0
charm.land/fantasy/agent.go:386.4,389.32 2 7
charm.land/fantasy/agent.go:389.32,391.5 1 7
charm.land/fantasy/agent.go:392.4,392.29 1 7
charm.land/fantasy/agent.go:392.29,394.5 1 7
charm.land/fantasy/agent.go:395.4,395.30 1 7
charm.land/fantasy/agent.go:395.30,397.5 1 2
charm.land/fantasy/agent.go:398.4,398.34 1 7
charm.land/fantasy/agent.go:398.34,400.5 1 2
charm.land/fantasy/agent.go:401.4,401.37 1 7
charm.land/fantasy/agent.go:401.37,403.5 1 2
charm.land/fantasy/agent.go:404.4,404.46 1 7
charm.land/fantasy/agent.go:408.3,408.50 1 24
charm.land/fantasy/agent.go:408.50,410.18 2 2
charm.land/fantasy/agent.go:410.18,412.5 1 0
charm.land/fantasy/agent.go:414.4,414.57 1 2
charm.land/fantasy/agent.go:414.57,416.5 1 2
charm.land/fantasy/agent.go:419.3,425.55 5 24
charm.land/fantasy/agent.go:425.55,438.4 1 24
charm.land/fantasy/agent.go:439.3,439.17 1 24
charm.land/fantasy/agent.go:439.17,441.4 1 0
charm.land/fantasy/agent.go:443.3,444.42 2 24
charm.land/fantasy/agent.go:444.42,445.48 1 35
charm.land/fantasy/agent.go:445.48,447.12 2 10
charm.land/fantasy/agent.go:447.12,448.14 1 0
charm.land/fantasy/agent.go:452.5,453.61 2 10
charm.land/fantasy/agent.go:457.3,462.42 4 24
charm.land/fantasy/agent.go:462.42,463.48 1 35
charm.land/fantasy/agent.go:463.48,465.43 1 10
charm.land/fantasy/agent.go:465.43,468.6 2 10
charm.land/fantasy/agent.go:469.10,472.5 1 25
charm.land/fantasy/agent.go:475.3,475.38 1 24
charm.land/fantasy/agent.go:475.38,477.4 1 10
charm.land/fantasy/agent.go:478.3,494.106 6 24
charm.land/fantasy/agent.go:494.106,495.9 1 23
charm.land/fantasy/agent.go:499.2,501.29 2 23
charm.land/fantasy/agent.go:501.29,509.3 7 24
charm.land/fantasy/agent.go:511.2,516.25 2 23
charm.land/fantasy/agent.go:519.78,520.26 1 30
charm.land/fantasy/agent.go:520.26,522.3 1 22
charm.land/fantasy/agent.go:524.2,524.39 1 8
charm.land/fantasy/agent.go:524.39,525.23 1 9
charm.land/fantasy/agent.go:525.23,527.4 1 2
charm.land/fantasy/agent.go:529.2,529.14 1 6
charm.land/fantasy/agent.go:532.54,536.28 3 36
charm.land/fantasy/agent.go:536.28,537.22 1 69
charm.land/fantasy/agent.go:538.24,540.11 2 32
charm.land/fantasy/agent.go:540.11,541.13 1 0
charm.land/fantasy/agent.go:543.4,546.6 1 32
charm.land/fantasy/agent.go:547.29,549.11 2 5
charm.land/fantasy/agent.go:549.11,550.13 1 0
charm.land/fantasy/agent.go:552.4,555.6 1 5
charm.land/fantasy/agent.go:556.28,558.11 2 12
charm.land/fantasy/agent.go:558.11,559.13 1 0
charm.land/fantasy/agent.go:561.4,567.6 1 12
charm.land/fantasy/agent.go:568.24,570.11 2 1
charm.land/fantasy/agent.go:570.11,571.13 1 0
charm.land/fantasy/agent.go:573.4,577.6 1 1
charm.land/fantasy/agent.go:578.26,581.12 1 7
charm.land/fantasy/agent.go:582.30,584.11 2 12
charm.land/fantasy/agent.go:584.11,585.13 1 0
charm.land/fantasy/agent.go:587.4,591.6 1 12
charm.land/fantasy/agent.go:595.2,596.29 2 36
charm.land/fantasy/agent.go:596.29,601.3 1 36
charm.land/fantasy/agent.go:602.2,602.24 1 36
charm.land/fantasy/agent.go:602.24,607.3 1 12
charm.land/fantasy/agent.go:608.2,608.17 1 36
charm.land/fantasy/agent.go:611.188,612.25 1 25
charm.land/fantasy/agent.go:612.25,614.3 1 14
charm.land/fantasy/agent.go:617.2,618.32 2 11
charm.land/fantasy/agent.go:618.32,620.3 1 12
charm.land/fantasy/agent.go:623.2,628.37 4 11
charm.land/fantasy/agent.go:628.37,630.44 2 11
charm.land/fantasy/agent.go:630.44,634.20 2 11
charm.land/fantasy/agent.go:634.20,643.34 2 4
charm.land/fantasy/agent.go:643.34,645.20 2 0
charm.land/fantasy/agent.go:645.20,647.7 1 0
charm.land/fantasy/agent.go:650.5,650.11 1 4
charm.land/fantasy/agent.go:653.4,654.15 2 7
charm.land/fantasy/agent.go:654.15,664.34 2 0
charm.land/fantasy/agent.go:664.34,666.20 2 0
charm.land/fantasy/agent.go:666.20,668.7 1 0
charm.land/fantasy/agent.go:670.5,670.11 1 0
charm.land/fantasy/agent.go:674.4,679.18 2 7
charm.land/fantasy/agent.go:679.18,689.34 2 0
charm.land/fantasy/agent.go:689.34,691.22 2 0
charm.land/fantasy/agent.go:691.22,693.7 1 0
charm.land/fantasy/agent.go:695.5,696.11 2 0
charm.land/fantasy/agent.go:699.4,699.22 1 7
charm.land/fantasy/agent.go:699.22,710.34 2 0
charm.land/fantasy/agent.go:710.34,712.20 2 0
charm.land/fantasy/agent.go:712.20,714.7 1 0
charm.land/fantasy/agent.go:716.10,726.34 2 7
charm.land/fantasy/agent.go:726.34,728.20 2 1
charm.land/fantasy/agent.go:728.20,730.7 1 0
charm.land/fantasy/agent.go:737.2,739.36 2 11
charm.land/fantasy/agent.go:739.36,740.17 1 11
charm.land/fantasy/agent.go:740.17,742.4 1 0
charm.land/fantasy/agent.go:745.2,745.21 1 11
charm.land/fantasy/agent.go:749.89,772.16 4 6
charm.land/fantasy/agent.go:772.16,774.3 1 0
charm.land/fantasy/agent.go:776.2,781.30 4 6
charm.land/fantasy/agent.go:781.30,783.3 1 1
charm.land/fantasy/agent.go:785.2,785.38 1 6
charm.land/fantasy/agent.go:785.38,794.30 7 7
charm.land/fantasy/agent.go:794.30,801.18 2 0
charm.land/fantasy/agent.go:801.18,803.5 1 0
charm.land/fantasy/agent.go:805.4,807.32 2 0
charm.land/fantasy/agent.go:807.32,809.5 1 0
charm.land/fantasy/agent.go:810.4,810.29 1 0
charm.land/fantasy/agent.go:810.29,812.5 1 0
charm.land/fantasy/agent.go:813.4,813.30 1 0
charm.land/fantasy/agent.go:813.30,815.5 1 0
charm.land/fantasy/agent.go:816.4,816.34 1 0
charm.land/fantasy/agent.go:816.34,818.5 1 0
charm.land/fantasy/agent.go:819.4,819.37 1 0
charm.land/fantasy/agent.go:819.37,821.5 1 0
charm.land/fantasy/agent.go:822.4,822.46 1 0
charm.land/fantasy/agent.go:826.3,826.50 1 7
charm.land/fantasy/agent.go:826.50,828.18 2 0
charm.land/fantasy/agent.go:828.18,830.5 1 0
charm.land/fantasy/agent.go:831.4,831.57 1 0
charm.land/fantasy/agent.go:831.57,833.5 1 0
charm.land/fantasy/agent.go:836.3,839.30 2 7
charm.land/fantasy/agent.go:839.30,841.4 1 1
charm.land/fantasy/agent.go:844.3,859.17 3 7
charm.land/fantasy/agent.go:859.17,860.27 1 0
charm.land/fantasy/agent.go:860.27,862.5 1 0
charm.land/fantasy/agent.go:863.4,863.19 1 0
charm.land/fantasy/agent.go:867.3,868.17 2 7
charm.land/fantasy/agent.go:868.17,869.27 1 1
charm.land/fantasy/agent.go:869.27,871.5 1 1
charm.land/fantasy/agent.go:872.4,872.19 1 1
charm.land/fantasy/agent.go:875.3,879.31 3 6
charm.land/fantasy/agent.go:879.31,881.4 1 1
charm.land/fantasy/agent.go:884.3,889.36 4 6
charm.land/fantasy/agent.go:889.36,890.9 1 5
charm.land/fantasy/agent.go:895.2,901.26 2 5
charm.land/fantasy/agent.go:901.26,903.3 1 1
charm.land/fantasy/agent.go:905.2,905.31 1 5
charm.land/fantasy/agent.go:905.31,907.3 1 1
charm.land/fantasy/agent.go:909.2,909.25 1 5
charm.land/fantasy/agent.go:912.100,916.21 2 31
charm.land/fantasy/agent.go:916.21,918.3 1 1
charm.land/fantasy/agent.go:920.2,920.29 1 30
charm.land/fantasy/agent.go:920.29,923.78 1 24
charm.land/fantasy/agent.go:923.78,924.12 1 4
charm.land/fantasy/agent.go:926.3,936.5 2 20
charm.land/fantasy/agent.go:938.2,938.22 1 30
charm.land/fantasy/agent.go:942.210,943.69 1 11
charm.land/fantasy/agent.go:943.69,945.3 1 6
charm.land/fantasy/agent.go:945.8,946.24 1 5
charm.land/fantasy/agent.go:946.24,955.114 2 2
charm.land/fantasy/agent.go:955.114,956.97 1 1
charm.land/fantasy/agent.go:956.97,958.6 1 1
charm.land/fantasy/agent.go:962.3,965.25 4 4
charm.land/fantasy/agent.go:970.94,972.35 2 12
charm.land/fantasy/agent.go:972.35,973.41 1 12
charm.land/fantasy/agent.go:973.41,975.9 2 11
charm.land/fantasy/agent.go:979.2,979.17 1 12
charm.land/fantasy/agent.go:979.17,981.3 1 1
charm.land/fantasy/agent.go:984.2,985.71 2 11
charm.land/fantasy/agent.go:985.71,987.3 1 1
charm.land/fantasy/agent.go:991.2,992.45 2 10
charm.land/fantasy/agent.go:992.45,993.44 1 10
charm.land/fantasy/agent.go:993.44,995.4 1 3
charm.land/fantasy/agent.go:997.2,997.12 1 7
charm.land/fantasy/agent.go:1000.108,1001.18 1 32
charm.land/fantasy/agent.go:1001.18,1003.3 1 1
charm.land/fantasy/agent.go:1005.2,1007.18 2 31
charm.land/fantasy/agent.go:1007.18,1009.3 1 7
charm.land/fantasy/agent.go:1010.2,1012.28 3 31
charm.land/fantasy/agent.go:1016.50,1017.32 1 5
charm.land/fantasy/agent.go:1017.32,1019.3 1 5
charm.land/fantasy/agent.go:1023.52,1024.32 1 0
charm.land/fantasy/agent.go:1024.32,1026.3 1 0
charm.land/fantasy/agent.go:1030.48,1031.32 1 0
charm.land/fantasy/agent.go:1031.32,1033.3 1 0
charm.land/fantasy/agent.go:1037.41,1038.32 1 0
charm.land/fantasy/agent.go:1038.32,1040.3 1 0
charm.land/fantasy/agent.go:1044.39,1045.32 1 0
charm.land/fantasy/agent.go:1045.32,1047.3 1 0
charm.land/fantasy/agent.go:1051.55,1052.32 1 0
charm.land/fantasy/agent.go:1052.32,1054.3 1 0
charm.land/fantasy/agent.go:1058.56,1059.32 1 0
charm.land/fantasy/agent.go:1059.32,1061.3 1 0
charm.land/fantasy/agent.go:1065.48,1066.32 1 17
charm.land/fantasy/agent.go:1066.32,1068.3 1 17
charm.land/fantasy/agent.go:1072.66,1073.32 1 8
charm.land/fantasy/agent.go:1073.32,1075.3 1 8
charm.land/fantasy/agent.go:1079.58,1080.32 1 0
charm.land/fantasy/agent.go:1080.32,1082.3 1 0
charm.land/fantasy/agent.go:1086.64,1087.32 1 2
charm.land/fantasy/agent.go:1087.32,1089.3 1 2
charm.land/fantasy/agent.go:1093.143,1110.27 11 7
charm.land/fantasy/agent.go:1110.27,1112.26 1 43
charm.land/fantasy/agent.go:1112.26,1114.18 2 12
charm.land/fantasy/agent.go:1114.18,1116.5 1 0
charm.land/fantasy/agent.go:1119.3,1119.20 1 43
charm.land/fantasy/agent.go:1120.31,1122.30 2 1
charm.land/fantasy/agent.go:1122.30,1124.19 2 1
charm.land/fantasy/agent.go:1124.19,1126.6 1 0
charm.land/fantasy/agent.go:1129.32,1131.31 2 5
charm.land/fantasy/agent.go:1131.31,1133.19 2 1
charm.land/fantasy/agent.go:1133.19,1135.6 1 0
charm.land/fantasy/agent.go:1138.32,1139.55 1 7
charm.land/fantasy/agent.go:1139.55,1141.5 1 7
charm.land/fantasy/agent.go:1142.4,1142.31 1 7
charm.land/fantasy/agent.go:1142.31,1144.19 2 5
charm.land/fantasy/agent.go:1144.19,1146.6 1 0
charm.land/fantasy/agent.go:1149.30,1150.58 1 5
charm.land/fantasy/agent.go:1150.58,1156.5 2 5
charm.land/fantasy/agent.go:1157.4,1157.29 1 5
charm.land/fantasy/agent.go:1157.29,1159.19 2 1
charm.land/fantasy/agent.go:1159.19,1161.6 1 0
charm.land/fantasy/agent.go:1164.37,1166.36 2 2
charm.land/fantasy/agent.go:1166.36,1172.19 3 1
charm.land/fantasy/agent.go:1172.19,1174.6 1 0
charm.land/fantasy/agent.go:1177.37,1178.65 1 3
charm.land/fantasy/agent.go:1178.65,1182.5 3 3
charm.land/fantasy/agent.go:1183.4,1183.36 1 3
charm.land/fantasy/agent.go:1183.36,1185.19 2 3
charm.land/fantasy/agent.go:1185.19,1187.6 1 0
charm.land/fantasy/agent.go:1190.35,1191.65 1 2
charm.land/fantasy/agent.go:1191.65,1192.37 1 2
charm.land/fantasy/agent.go:1192.37,1194.6 1 0
charm.land/fantasy/agent.go:1195.5,1200.35 3 2
charm.land/fantasy/agent.go:1200.35,1202.20 2 1
charm.land/fantasy/agent.go:1202.20,1204.7 1 0
charm.land/fantasy/agent.go:1206.5,1206.44 1 2
charm.land/fantasy/agent.go:1209.37,1216.36 2 2
charm.land/fantasy/agent.go:1216.36,1218.19 2 2
charm.land/fantasy/agent.go:1218.19,1220.6 1 0
charm.land/fantasy/agent.go:1223.37,1224.60 1 3
charm.land/fantasy/agent.go:1224.60,1226.5 1 3
charm.land/fantasy/agent.go:1227.4,1227.36 1 3
charm.land/fantasy/agent.go:1227.36,1229.19 2 3
charm.land/fantasy/agent.go:1229.19,1231.6 1 0
charm.land/fantasy/agent.go:1234.35,1235.34 1 2
charm.land/fantasy/agent.go:1235.34,1237.19 2 2
charm.land/fantasy/agent.go:1237.19,1239.6 1 0
charm.land/fantasy/agent.go:1242.31,1256.30 5 1
charm.land/fantasy/agent.go:1256.30,1258.19 2 1
charm.land/fantasy/agent.go:1258.19,1260.6 1 0
charm.land/fantasy/agent.go:1264.4,1264.36 1 1
charm.land/fantasy/agent.go:1266.29,1275.28 3 3
charm.land/fantasy/agent.go:1275.28,1277.19 2 3
charm.land/fantasy/agent.go:1277.19,1279.6 1 0
charm.land/fantasy/agent.go:1282.29,1286.34 4 6
charm.land/fantasy/agent.go:1286.34,1288.19 2 1
charm.land/fantasy/agent.go:1288.19,1290.6 1 0
charm.land/fantasy/agent.go:1293.28,1294.27 1 1
charm.land/fantasy/agent.go:1294.27,1296.5 1 1
charm.land/fantasy/agent.go:1297.4,1297.42 1 1
charm.land/fantasy/agent.go:1302.2,1303.28 2 6
charm.land/fantasy/agent.go:1303.28,1306.17 3 1
charm.land/fantasy/agent.go:1306.17,1308.4 1 0
charm.land/fantasy/agent.go:1310.3,1310.38 1 1
charm.land/fantasy/agent.go:1310.38,1312.4 1 1
charm.land/fantasy/agent.go:1315.2,1329.40 3 6
charm.land/fantasy/agent.go:1332.33,1341.2 1 6
charm.land/fantasy/agent.go:1344.57,1345.32 1 0
charm.land/fantasy/agent.go:1345.32,1347.3 1 0
charm.land/fantasy/agent.go:1351.71,1352.32 1 0
charm.land/fantasy/agent.go:1352.32,1354.3 1 0
charm.land/fantasy/content.go:98.58,100.20 2 115
charm.land/fantasy/content.go:100.20,102.3 1 0
charm.land/fantasy/content.go:103.2,103.34 1 115
charm.land/fantasy/content.go:104.9,105.17 1 111
charm.land/fantasy/content.go:106.10,107.18 1 0
charm.land/fantasy/content.go:108.10,109.21 1 4
charm.land/fantasy/content.go:114.66,116.20 2 0
charm.land/fantasy/content.go:116.20,118.3 1 0
charm.land/fantasy/content.go:119.2,119.34 1 0
charm.land/fantasy/content.go:120.9,121.17 1 0
charm.land/fantasy/content.go:122.10,123.18 1 0
charm.land/fantasy/content.go:124.10,125.21 1 0
charm.land/fantasy/content.go:142.41,144.2 1 0
charm.land/fantasy/content.go:147.45,149.2 1 0
charm.land/fantasy/content.go:158.46,160.2 1 0
charm.land/fantasy/content.go:163.50,165.2 1 0
charm.land/fantasy/content.go:176.41,178.2 1 0
charm.land/fantasy/content.go:181.45,183.2 1 0
charm.land/fantasy/content.go:195.45,197.2 1 0
charm.land/fantasy/content.go:200.49,202.2 1 0
charm.land/fantasy/content.go:212.47,214.2 1 0
charm.land/fantasy/content.go:217.51,219.2 1 0
charm.land/fantasy/content.go:244.70,246.2 1 0
charm.land/fantasy/content.go:254.71,256.2 1 0
charm.land/fantasy/content.go:265.71,267.2 1 0
charm.land/fantasy/content.go:270.99,272.20 2 1
charm.land/fantasy/content.go:272.20,274.3 1 0
charm.land/fantasy/content.go:275.2,275.34 1 1
charm.land/fantasy/content.go:276.9,277.17 1 1
charm.land/fantasy/content.go:278.10,279.18 1 0
charm.land/fantasy/content.go:280.10,281.21 1 0
charm.land/fantasy/content.go:316.44,318.2 1 98
charm.land/fantasy/content.go:327.49,329.2 1 24
charm.land/fantasy/content.go:344.44,346.2 1 17
charm.land/fantasy/content.go:370.46,372.2 1 17
charm.land/fantasy/content.go:393.48,395.2 1 49
charm.land/fantasy/content.go:415.50,417.2 1 26
charm.land/fantasy/content.go:455.42,457.2 1 0
charm.land/fantasy/content.go:460.40,462.2 1 5
charm.land/fantasy/content.go:475.49,477.2 1 0
charm.land/fantasy/content.go:480.47,482.2 1 0
charm.land/fantasy/content.go:485.63,492.26 2 31
charm.land/fantasy/content.go:492.26,494.3 1 0
charm.land/fantasy/content.go:496.2,499.3 1 31
charm.land/fantasy/content.go:503.49,505.27 2 7
charm.land/fantasy/content.go:505.27,507.3 1 7
charm.land/fantasy/content.go:509.2,512.3 1 7
charm.land/fantasy/errors.go:21.34,23.2 1 1
charm.land/fantasy/errors.go:26.34,28.2 1 0
charm.land/fantasy/errors.go:31.61,38.2 1 1
charm.land/fantasy/errors.go:41.32,44.2 2 0
charm.land/fantasy/errors.go:58.180,59.37 1 0
charm.land/fantasy/errors.go:59.37,61.3 1 0
charm.land/fantasy/errors.go:63.2,71.3 1 0
charm.land/fantasy/errors.go:80.72,81.19 1 0
charm.land/fantasy/errors.go:81.19,83.3 1 0
charm.land/fantasy/errors.go:84.2,86.3 1 0
charm.land/fantasy/errors.go:96.91,101.2 1 0
charm.land/fantasy/errors.go:110.89,115.2 1 1
charm.land/fantasy/errors.go:124.86,125.19 1 0
charm.land/fantasy/errors.go:125.19,128.3 2 0
charm.land/fantasy/errors.go:129.2,132.3 1 0
charm.land/fantasy/errors.go:142.66,148.2 2 0
charm.land/fantasy/errors.go:156.58,160.2 1 0
charm.land/fantasy/errors.go:168.60,172.2 1 0
charm.land/fantasy/errors.go:180.74,181.19 1 0
charm.land/fantasy/errors.go:181.19,183.3 1 0
charm.land/fantasy/errors.go:184.2,186.3 1 0
charm.land/fantasy/errors.go:213.97,214.19 1 0
charm.land/fantasy/errors.go:214.19,216.3 1 0
charm.land/fantasy/errors.go:217.2,221.3 1 0
charm.land/fantasy/errors.go:234.146,246.2 2 0
charm.land/fantasy/errors.go:255.74,265.2 3 0
charm.land/fantasy/errors.go:268.75,269.75 1 0
charm.land/fantasy/errors.go:269.75,271.3 1 0
charm.land/fantasy/errors.go:272.2,272.45 1 0
charm.land/fantasy/errors.go:282.101,283.19 1 0
charm.land/fantasy/errors.go:283.19,285.3 1 0
charm.land/fantasy/errors.go:286.2,289.3 1 0
charm.land/fantasy/errors.go:293.40,294.16 1 0
charm.land/fantasy/errors.go:294.16,296.3 1 0
charm.land/fantasy/errors.go:297.2,297.20 1 0
charm.land/fantasy/model.go:19.32,28.2 1 0
charm.land/fantasy/model.go:34.40,35.22 1 5
charm.land/fantasy/model.go:35.22,36.37 1 5
charm.land/fantasy/model.go:36.37,38.4 1 4
charm.land/fantasy/model.go:40.2,40.11 1 1
charm.land/fantasy/model.go:44.57,46.22 2 7
charm.land/fantasy/model.go:46.22,47.42 1 22
charm.land/fantasy/model.go:47.42,48.70 1 7
charm.land/fantasy/model.go:48.70,50.5 1 7
charm.land/fantasy/model.go:53.2,53.18 1 7
charm.land/fantasy/model.go:57.49,59.42 2 4
charm.land/fantasy/model.go:59.42,61.3 1 4
charm.land/fantasy/model.go:62.2,62.13 1 4
charm.land/fantasy/model.go:66.48,68.22 2 3
charm.land/fantasy/model.go:68.22,69.37 1 10
charm.land/fantasy/model.go:69.37,70.60 1 3
charm.land/fantasy/model.go:70.60,72.5 1 3
charm.land/fantasy/model.go:75.2,75.14 1 3
charm.land/fantasy/model.go:79.52,81.22 2 3
charm.land/fantasy/model.go:81.22,82.39 1 9
charm.land/fantasy/model.go:82.39,83.64 1 3
charm.land/fantasy/model.go:83.64,85.5 1 3
charm.land/fantasy/model.go:88.2,88.16 1 3
charm.land/fantasy/model.go:92.56,94.22 2 13
charm.land/fantasy/model.go:94.22,95.41 1 33
charm.land/fantasy/model.go:95.41,96.68 1 10
charm.land/fantasy/model.go:96.68,98.5 1 10
charm.land/fantasy/model.go:101.2,101.18 1 13
charm.land/fantasy/model.go:105.60,107.22 2 3
charm.land/fantasy/model.go:107.22,108.43 1 8
charm.land/fantasy/model.go:108.43,109.72 1 2
charm.land/fantasy/model.go:109.72,111.5 1 2
charm.land/fantasy/model.go:114.2,114.20 1 3
charm.land/fantasy/model.go:202.49,204.2 1 2
charm.land/fantasy/retry.go:35.84,41.2 1 0
charm.land/fantasy/retry.go:44.88,46.63 2 0
charm.land/fantasy/retry.go:46.63,48.3 1 0
charm.land/fantasy/retry.go:50.2,54.63 3 0
charm.land/fantasy/retry.go:54.63,55.73 1 0
charm.land/fantasy/retry.go:55.73,57.4 1 0
charm.land/fantasy/retry.go:61.2,61.69 1 0
charm.land/fantasy/retry.go:61.69,62.76 1 0
charm.land/fantasy/retry.go:62.76,64.4 1 0
charm.land/fantasy/retry.go:64.9,66.66 1 0
charm.land/fantasy/retry.go:66.66,68.5 1 0
charm.land/fantasy/retry.go:74.2,74.69 1 0
charm.land/fantasy/retry.go:74.69,76.3 1 0
charm.land/fantasy/retry.go:78.2,78.32 1 0
charm.land/fantasy/retry.go:82.35,84.2 1 0
charm.land/fantasy/retry.go:89.102,90.61 1 24
charm.land/fantasy/retry.go:90.61,92.3 1 24
charm.land/fantasy/retry.go:108.41,114.2 1 24
charm.land/fantasy/retry.go:117.129,120.16 3 24
charm.land/fantasy/retry.go:120.16,122.3 1 24
charm.land/fantasy/retry.go:124.2,124.23 1 0
charm.land/fantasy/retry.go:124.23,126.3 1 0
charm.land/fantasy/retry.go:128.2,128.29 1 0
charm.land/fantasy/retry.go:128.29,130.3 1 0
charm.land/fantasy/retry.go:132.2,136.36 4 0
charm.land/fantasy/retry.go:136.36,142.3 1 0
charm.land/fantasy/retry.go:144.2,145.86 2 0
charm.land/fantasy/retry.go:145.86,147.29 2 0
charm.land/fantasy/retry.go:147.29,149.4 1 0
charm.land/fantasy/retry.go:151.3,151.10 1 0
charm.land/fantasy/retry.go:152.28,152.28 0 0
charm.land/fantasy/retry.go:154.21,155.26 1 0
charm.land/fantasy/retry.go:158.3,161.69 3 0
charm.land/fantasy/retry.go:164.2,164.20 1 0
charm.land/fantasy/retry.go:164.20,166.3 1 0
charm.land/fantasy/retry.go:168.2,172.3 1 0
charm.land/fantasy/tool.go:51.51,56.2 1 3
charm.land/fantasy/tool.go:59.56,65.2 1 0
charm.land/fantasy/tool.go:68.77,69.21 1 0
charm.land/fantasy/tool.go:69.21,71.17 2 0
charm.land/fantasy/tool.go:71.17,73.4 1 0
charm.land/fantasy/tool.go:74.3,74.44 1 0
charm.land/fantasy/tool.go:76.2,76.17 1 0
charm.land/fantasy/tool.go:94.13,104.2 3 7
charm.land/fantasy/tool.go:115.76,117.2 1 0
charm.land/fantasy/tool.go:119.69,121.2 1 6
charm.land/fantasy/tool.go:123.51,124.30 1 21
charm.land/fantasy/tool.go:124.30,126.3 1 0
charm.land/fantasy/tool.go:127.2,132.3 1 21
charm.land/fantasy/tool.go:135.99,137.69 2 6
charm.land/fantasy/tool.go:137.69,139.3 1 0
charm.land/fantasy/tool.go:141.2,141.33 1 6
charm.land/fantasy/tool.go:145.55,146.57 1 27
charm.land/fantasy/tool.go:146.57,148.3 1 3
charm.land/fantasy/tool.go:150.2,151.50 2 24
charm.land/fantasy/tool.go:151.50,156.35 2 28
charm.land/fantasy/tool.go:156.35,158.4 1 23
charm.land/fantasy/tool.go:160.3,160.31 1 28
charm.land/fantasy/tool.go:160.31,162.4 1 2
charm.land/fantasy/tool.go:164.3,164.30 1 28
charm.land/fantasy/tool.go:164.30,166.4 1 1
charm.land/fantasy/tool.go:168.3,168.32 1 28
charm.land/fantasy/tool.go:168.32,170.4 1 2
charm.land/fantasy/tool.go:172.3,172.32 1 28
charm.land/fantasy/tool.go:172.32,174.4 1 2
charm.land/fantasy/tool.go:176.3,176.34 1 28
charm.land/fantasy/tool.go:176.34,178.4 1 1
charm.land/fantasy/tool.go:180.3,180.34 1 28
charm.land/fantasy/tool.go:180.34,182.4 1 1
charm.land/fantasy/tool.go:184.3,184.30 1 28
charm.land/fantasy/tool.go:184.30,186.4 1 1
charm.land/fantasy/tool.go:188.3,188.23 1 28
charm.land/fantasy/tool.go:191.2,191.15 1 24
charm.land/fantasy/tool.go:195.44,197.2 1 30
charm.land/fantasy/tool.go:199.84,201.33 1 72
charm.land/fantasy/tool.go:201.33,203.3 1 3
charm.land/fantasy/tool.go:206.2,206.16 1 72
charm.land/fantasy/tool.go:206.16,208.3 1 1
charm.land/fantasy/tool.go:209.2,212.18 3 71
charm.land/fantasy/tool.go:213.22,214.32 1 31
charm.land/fantasy/tool.go:216.79,217.33 1 8
charm.land/fantasy/tool.go:218.40,219.32 1 2
charm.land/fantasy/tool.go:220.20,221.33 1 1
charm.land/fantasy/tool.go:222.36,227.4 2 5
charm.land/fantasy/tool.go:228.19,229.39 1 5
charm.land/fantasy/tool.go:229.39,237.4 2 4
charm.land/fantasy/tool.go:238.3,238.32 1 1
charm.land/fantasy/tool.go:239.22,245.31 2 18
charm.land/fantasy/tool.go:245.31,249.27 2 34
charm.land/fantasy/tool.go:249.27,250.13 1 0
charm.land/fantasy/tool.go:253.4,254.22 2 34
charm.land/fantasy/tool.go:254.22,255.13 1 1
charm.land/fantasy/tool.go:258.4,262.21 3 33
charm.land/fantasy/tool.go:262.21,264.23 2 31
charm.land/fantasy/tool.go:264.23,266.6 1 31
charm.land/fantasy/tool.go:269.5,269.48 1 31
charm.land/fantasy/tool.go:269.48,271.6 1 4
charm.land/fantasy/tool.go:272.10,275.5 1 2
charm.land/fantasy/tool.go:277.4,280.56 2 33
charm.land/fantasy/tool.go:280.56,282.5 1 12
charm.land/fantasy/tool.go:285.4,285.55 1 33
charm.land/fantasy/tool.go:285.55,288.34 3 6
charm.land/fantasy/tool.go:288.34,290.6 1 17
charm.land/fantasy/tool.go:293.4,295.16 2 33
charm.land/fantasy/tool.go:295.16,297.5 1 29
charm.land/fantasy/tool.go:300.3,300.16 1 18
charm.land/fantasy/tool.go:301.25,302.32 1 1
charm.land/fantasy/tool.go:303.10,304.32 1 0
charm.land/fantasy/tool.go:309.35,311.22 2 11
charm.land/fantasy/tool.go:311.22,312.36 1 70
charm.land/fantasy/tool.go:312.36,314.4 1 15
charm.land/fantasy/tool.go:315.3,315.22 1 70
charm.land/fantasy/tool.go:317.2,317.41 1 11
charm.land/fantasy/util.go:6.25,8.2 1 0
charm.land/fantasy/util.go:11.62,16.16 2 0
charm.land/fantasy/util.go:16.16,18.3 1 0
charm.land/fantasy/util.go:19.2,19.32 1 0
charm.land/fantasy/providers/openai/language_model.go:36.92,37.32 1 0
charm.land/fantasy/providers/openai/language_model.go:37.32,39.3 1 0
charm.land/fantasy/providers/openai/language_model.go:43.100,44.32 1 0
charm.land/fantasy/providers/openai/language_model.go:44.32,46.3 1 0
charm.land/fantasy/providers/openai/language_model.go:50.94,51.32 1 0
charm.land/fantasy/providers/openai/language_model.go:51.32,53.3 1 0
charm.land/fantasy/providers/openai/language_model.go:57.92,58.32 1 0
charm.land/fantasy/providers/openai/language_model.go:58.32,60.3 1 0
charm.land/fantasy/providers/openai/language_model.go:64.80,65.32 1 0
charm.land/fantasy/providers/openai/language_model.go:65.32,67.3 1 0
charm.land/fantasy/providers/openai/language_model.go:71.92,72.32 1 0
charm.land/fantasy/providers/openai/language_model.go:72.32,74.3 1 0
charm.land/fantasy/providers/openai/language_model.go:78.86,79.32 1 0
charm.land/fantasy/providers/openai/language_model.go:79.32,81.3 1 0
charm.land/fantasy/providers/openai/language_model.go:84.121,97.25 2 43
charm.land/fantasy/providers/openai/language_model.go:97.25,99.3 1 0
charm.land/fantasy/providers/openai/language_model.go:100.2,100.14 1 43
charm.land/fantasy/providers/openai/language_model.go:111.39,113.2 1 24
charm.land/fantasy/providers/openai/language_model.go:116.42,118.2 1 0
charm.land/fantasy/providers/openai/language_model.go:120.121,123.22 3 43
charm.land/fantasy/providers/openai/language_model.go:123.22,128.3 1 0
charm.land/fantasy/providers/openai/language_model.go:130.2,130.33 1 43
charm.land/fantasy/providers/openai/language_model.go:130.33,132.3 1 1
charm.land/fantasy/providers/openai/language_model.go:133.2,133.29 1 43
charm.land/fantasy/providers/openai/language_model.go:133.29,135.3 1 2
charm.land/fantasy/providers/openai/language_model.go:136.2,136.22 1 43
charm.land/fantasy/providers/openai/language_model.go:136.22,138.3 1 1
charm.land/fantasy/providers/openai/language_model.go:139.2,139.34 1 43
charm.land/fantasy/providers/openai/language_model.go:139.34,141.3 1 1
charm.land/fantasy/providers/openai/language_model.go:142.2,142.33 1 43
charm.land/fantasy/providers/openai/language_model.go:142.33,144.3 1 1
charm.land/fantasy/providers/openai/language_model.go:146.2,146.33 1 43
charm.land/fantasy/providers/openai/language_model.go:146.33,149.30 1 9
charm.land/fantasy/providers/openai/language_model.go:149.30,156.4 2 1
charm.land/fantasy/providers/openai/language_model.go:157.3,157.23 1 9
charm.land/fantasy/providers/openai/language_model.go:157.23,164.4 2 1
charm.land/fantasy/providers/openai/language_model.go:165.3,165.35 1 9
charm.land/fantasy/providers/openai/language_model.go:165.35,172.4 2 1
charm.land/fantasy/providers/openai/language_model.go:173.3,173.34 1 9
charm.land/fantasy/providers/openai/language_model.go:173.34,180.4 2 1
charm.land/fantasy/providers/openai/language_model.go:183.3,183.34 1 9
charm.land/fantasy/providers/openai/language_model.go:183.34,184.43 1 1
charm.land/fantasy/providers/openai/language_model.go:184.43,186.5 1 1
charm.land/fantasy/providers/openai/language_model.go:187.4,187.41 1 1
charm.land/fantasy/providers/openai/language_model.go:192.2,192.37 1 43
charm.land/fantasy/providers/openai/language_model.go:192.37,193.30 1 1
charm.land/fantasy/providers/openai/language_model.go:193.30,200.4 2 1
charm.land/fantasy/providers/openai/language_model.go:203.2,204.16 2 43
charm.land/fantasy/providers/openai/language_model.go:204.16,206.3 1 0
charm.land/fantasy/providers/openai/language_model.go:208.2,208.30 1 43
charm.land/fantasy/providers/openai/language_model.go:208.30,210.3 1 2
charm.land/fantasy/providers/openai/language_model.go:212.2,215.25 3 43
charm.land/fantasy/providers/openai/language_model.go:215.25,218.24 3 3
charm.land/fantasy/providers/openai/language_model.go:218.24,220.4 1 2
charm.land/fantasy/providers/openai/language_model.go:221.3,221.47 1 3
charm.land/fantasy/providers/openai/language_model.go:223.2,223.30 1 43
charm.land/fantasy/providers/openai/language_model.go:226.53,228.29 2 1
charm.land/fantasy/providers/openai/language_model.go:228.29,232.44 4 0
charm.land/fantasy/providers/openai/language_model.go:232.44,235.4 2 0
charm.land/fantasy/providers/openai/language_model.go:236.3,245.4 1 0
charm.land/fantasy/providers/openai/language_model.go:247.2,247.12 1 1
charm.land/fantasy/providers/openai/language_model.go:251.100,253.16 2 30
charm.land/fantasy/providers/openai/language_model.go:253.16,255.3 1 0
charm.land/fantasy/providers/openai/language_model.go:256.2,257.16 2 30
charm.land/fantasy/providers/openai/language_model.go:257.16,259.3 1 0
charm.land/fantasy/providers/openai/language_model.go:261.2,261.32 1 30
charm.land/fantasy/providers/openai/language_model.go:261.32,263.3 1 0
charm.land/fantasy/providers/openai/language_model.go:264.2,267.16 4 30
charm.land/fantasy/providers/openai/language_model.go:267.16,271.3 1 2
charm.land/fantasy/providers/openai/language_model.go:272.2,272.31 1 30
charm.land/fantasy/providers/openai/language_model.go:272.31,275.3 2 0
charm.land/fantasy/providers/openai/language_model.go:276.2,276.46 1 30
charm.land/fantasy/providers/openai/language_model.go:276.46,284.3 2 1
charm.land/fantasy/providers/openai/language_model.go:286.2,286.56 1 30
charm.land/fantasy/providers/openai/language_model.go:286.56,287.40 1 1
charm.land/fantasy/providers/openai/language_model.go:287.40,294.4 1 1
charm.land/fantasy/providers/openai/language_model.go:297.2,300.39 3 30
charm.land/fantasy/providers/openai/language_model.go:300.39,302.3 1 1
charm.land/fantasy/providers/openai/language_model.go:303.2,311.8 1 30
charm.land/fantasy/providers/openai/language_model.go:315.103,317.16 2 13
charm.land/fantasy/providers/openai/language_model.go:317.16,319.3 1 0
charm.land/fantasy/providers/openai/language_model.go:321.2,337.51 10 13
charm.land/fantasy/providers/openai/language_model.go:337.51,338.24 1 8
charm.land/fantasy/providers/openai/language_model.go:338.24,342.7 1 0
charm.land/fantasy/providers/openai/language_model.go:342.7,344.5 1 0
charm.land/fantasy/providers/openai/language_model.go:346.3,346.21 1 8
charm.land/fantasy/providers/openai/language_model.go:346.21,350.31 4 35
charm.land/fantasy/providers/openai/language_model.go:350.31,351.13 1 7
charm.land/fantasy/providers/openai/language_model.go:353.4,353.41 1 28
charm.land/fantasy/providers/openai/language_model.go:353.41,354.34 1 28
charm.land/fantasy/providers/openai/language_model.go:354.34,356.6 1 7
charm.land/fantasy/providers/openai/language_model.go:357.5,357.12 1 28
charm.land/fantasy/providers/openai/language_model.go:358.37,359.23 1 6
charm.land/fantasy/providers/openai/language_model.go:359.23,364.10 2 4
charm.land/fantasy/providers/openai/language_model.go:364.10,366.8 1 0
charm.land/fantasy/providers/openai/language_model.go:368.6,372.9 1 6
charm.land/fantasy/providers/openai/language_model.go:372.9,374.7 1 0
charm.land/fantasy/providers/openai/language_model.go:375.42,376.22 1 8
charm.land/fantasy/providers/openai/language_model.go:376.22,381.10 2 0
charm.land/fantasy/providers/openai/language_model.go:381.10,383.8 1 0
charm.land/fantasy/providers/openai/language_model.go:386.6,386.59 1 8
charm.land/fantasy/providers/openai/language_model.go:386.59,387.69 1 8
charm.land/fantasy/providers/openai/language_model.go:387.69,388.40 1 7
charm.land/fantasy/providers/openai/language_model.go:388.40,389.17 1 0
charm.land/fantasy/providers/openai/language_model.go:391.8,391.50 1 7
charm.land/fantasy/providers/openai/language_model.go:391.50,393.9 1 7
charm.land/fantasy/providers/openai/language_model.go:394.8,398.11 1 7
charm.land/fantasy/providers/openai/language_model.go:398.11,400.9 1 0
charm.land/fantasy/providers/openai/language_model.go:401.8,402.53 2 7
charm.land/fantasy/providers/openai/language_model.go:402.53,406.12 1 1
charm.land/fantasy/providers/openai/language_model.go:406.12,408.10 1 0
charm.land/fantasy/providers/openai/language_model.go:410.9,415.12 1 1
charm.land/fantasy/providers/openai/language_model.go:415.12,417.10 1 0
charm.land/fantasy/providers/openai/language_model.go:418.9,419.58 2 1
charm.land/fantasy/providers/openai/language_model.go:421.13,424.44 2 1
charm.land/fantasy/providers/openai/language_model.go:424.44,426.9 1 0
charm.land/fantasy/providers/openai/language_model.go:427.8,427.34 1 1
charm.land/fantasy/providers/openai/language_model.go:427.34,429.9 1 0
charm.land/fantasy/providers/openai/language_model.go:430.8,430.45 1 1
charm.land/fantasy/providers/openai/language_model.go:430.45,432.9 1 0
charm.land/fantasy/providers/openai/language_model.go:433.8,433.22 1 1
charm.land/fantasy/providers/openai/language_model.go:433.22,439.9 2 0
charm.land/fantasy/providers/openai/language_model.go:441.8,445.11 1 1
charm.land/fantasy/providers/openai/language_model.go:445.11,447.9 1 0
charm.land/fantasy/providers/openai/language_model.go:448.8,455.32 3 1
charm.land/fantasy/providers/openai/language_model.go:455.32,460.12 1 0
charm.land/fantasy/providers/openai/language_model.go:460.12,462.10 1 0
charm.land/fantasy/providers/openai/language_model.go:463.9,463.68 1 0
charm.land/fantasy/providers/openai/language_model.go:463.68,467.13 1 0
charm.land/fantasy/providers/openai/language_model.go:467.13,469.11 1 0
charm.land/fantasy/providers/openai/language_model.go:471.10,476.13 1 0
charm.land/fantasy/providers/openai/language_model.go:476.13,478.11 1 0
charm.land/fantasy/providers/openai/language_model.go:479.10,480.47 2 0
charm.land/fantasy/providers/openai/language_model.go:483.8,483.16 1 1
charm.land/fantasy/providers/openai/language_model.go:488.5,488.33 1 28
charm.land/fantasy/providers/openai/language_model.go:488.33,490.25 2 0
charm.land/fantasy/providers/openai/language_model.go:490.25,492.7 1 0
charm.land/fantasy/providers/openai/language_model.go:493.6,493.35 1 0
charm.land/fantasy/providers/openai/language_model.go:498.4,498.41 1 28
charm.land/fantasy/providers/openai/language_model.go:498.41,499.85 1 28
charm.land/fantasy/providers/openai/language_model.go:499.85,500.45 1 1
charm.land/fantasy/providers/openai/language_model.go:500.45,501.44 1 1
charm.land/fantasy/providers/openai/language_model.go:501.44,508.11 1 1
charm.land/fantasy/providers/openai/language_model.go:508.11,510.9 1 0
charm.land/fantasy/providers/openai/language_model.go:516.3,517.43 2 8
charm.land/fantasy/providers/openai/language_model.go:517.43,519.20 1 7
charm.land/fantasy/providers/openai/language_model.go:519.20,524.8 2 4
charm.land/fantasy/providers/openai/language_model.go:524.8,526.6 1 0
charm.land/fantasy/providers/openai/language_model.go:529.4,529.28 1 7
charm.land/fantasy/providers/openai/language_model.go:529.28,535.59 3 7
charm.land/fantasy/providers/openai/language_model.go:535.59,536.43 1 0
charm.land/fantasy/providers/openai/language_model.go:536.43,543.10 1 0
charm.land/fantasy/providers/openai/language_model.go:543.10,545.8 1 0
charm.land/fantasy/providers/openai/language_model.go:549.4,550.28 2 7
charm.land/fantasy/providers/openai/language_model.go:550.28,552.42 2 7
charm.land/fantasy/providers/openai/language_model.go:552.42,554.6 1 1
charm.land/fantasy/providers/openai/language_model.go:556.4,562.10 2 7
charm.land/fantasy/providers/openai/language_model.go:563.9,569.4 2 1
charm.land/fantasy/providers/openai/language_model.go:573.44,575.2 1 61
charm.land/fantasy/providers/openai/language_model.go:577.48,579.2 1 43
charm.land/fantasy/providers/openai/language_model.go:581.50,583.2 1 3
charm.land/fantasy/providers/openai/language_model.go:585.54,589.2 1 3
charm.land/fantasy/providers/openai/language_model.go:591.225,592.29 1 3
charm.land/fantasy/providers/openai/language_model.go:592.29,593.49 1 3
charm.land/fantasy/providers/openai/language_model.go:593.49,595.11 2 3
charm.land/fantasy/providers/openai/language_model.go:595.11,596.13 1 0
charm.land/fantasy/providers/openai/language_model.go:598.4,609.12 2 3
charm.land/fantasy/providers/openai/language_model.go:613.3,617.5 1 0
charm.land/fantasy/providers/openai/language_model.go:619.2,619.23 1 3
charm.land/fantasy/providers/openai/language_model.go:619.23,621.3 1 1
charm.land/fantasy/providers/openai/language_model.go:623.2,623.21 1 2
charm.land/fantasy/providers/openai/language_model.go:624.30,627.4 1 0
charm.land/fantasy/providers/openai/language_model.go:628.30,631.4 1 0
charm.land/fantasy/providers/openai/language_model.go:632.10,640.4 1 2
charm.land/fantasy/providers/openai/language_model.go:642.2,642.48 1 2
charm.land/fantasy/providers/openai/language_model.go:646.118,651.76 3 28
charm.land/fantasy/providers/openai/language_model.go:651.76,653.3 1 0
charm.land/fantasy/providers/openai/language_model.go:656.2,656.65 1 28
charm.land/fantasy/providers/openai/language_model.go:656.65,657.50 1 1
charm.land/fantasy/providers/openai/language_model.go:657.50,658.64 1 1
charm.land/fantasy/providers/openai/language_model.go:658.64,659.101 1 1
charm.land/fantasy/providers/openai/language_model.go:659.101,660.83 1 1
charm.land/fantasy/providers/openai/language_model.go:660.83,669.7 2 1
charm.land/fantasy/providers/openai/language_model.go:675.2,675.20 1 28
charm.land/fantasy/providers/openai/language_model_hooks.go:39.148,40.33 1 43
charm.land/fantasy/providers/openai/language_model_hooks.go:40.33,42.3 1 25
charm.land/fantasy/providers/openai/language_model_hooks.go:43.2,45.45 3 18
charm.land/fantasy/providers/openai/language_model_hooks.go:45.45,47.10 2 18
charm.land/fantasy/providers/openai/language_model_hooks.go:47.10,49.4 1 0
charm.land/fantasy/providers/openai/language_model_hooks.go:52.2,52.38 1 18
charm.land/fantasy/providers/openai/language_model_hooks.go:52.38,54.3 1 1
charm.land/fantasy/providers/openai/language_model_hooks.go:55.2,55.75 1 18
charm.land/fantasy/providers/openai/language_model_hooks.go:55.75,57.3 1 0
charm.land/fantasy/providers/openai/language_model_hooks.go:58.2,58.37 1 18
charm.land/fantasy/providers/openai/language_model_hooks.go:58.37,60.3 1 1
charm.land/fantasy/providers/openai/language_model_hooks.go:61.2,61.40 1 18
charm.land/fantasy/providers/openai/language_model_hooks.go:61.40,63.3 1 0
charm.land/fantasy/providers/openai/language_model_hooks.go:64.2,64.33 1 18
charm.land/fantasy/providers/openai/language_model_hooks.go:64.33,66.3 1 1
charm.land/fantasy/providers/openai/language_model_hooks.go:67.2,67.46 1 18
charm.land/fantasy/providers/openai/language_model_hooks.go:67.46,69.3 1 1
charm.land/fantasy/providers/openai/language_model_hooks.go:70.2,70.48 1 18
charm.land/fantasy/providers/openai/language_model_hooks.go:70.48,72.3 1 1
charm.land/fantasy/providers/openai/language_model_hooks.go:74.2,74.42 1 18
charm.land/fantasy/providers/openai/language_model_hooks.go:74.42,76.3 1 1
charm.land/fantasy/providers/openai/language_model_hooks.go:77.2,77.39 1 18
charm.land/fantasy/providers/openai/language_model_hooks.go:77.39,79.63 1 1
charm.land/fantasy/providers/openai/language_model_hooks.go:79.63,80.46 1 1
charm.land/fantasy/providers/openai/language_model_hooks.go:80.46,86.5 1 1
charm.land/fantasy/providers/openai/language_model_hooks.go:89.2,89.34 1 18
charm.land/fantasy/providers/openai/language_model_hooks.go:89.34,91.3 1 2
charm.land/fantasy/providers/openai/language_model_hooks.go:92.2,92.37 1 18
charm.land/fantasy/providers/openai/language_model_hooks.go:92.37,95.46 2 2
charm.land/fantasy/providers/openai/language_model_hooks.go:95.46,96.33 1 2
charm.land/fantasy/providers/openai/language_model_hooks.go:96.33,98.5 1 2
charm.land/fantasy/providers/openai/language_model_hooks.go:100.3,100.29 1 2
charm.land/fantasy/providers/openai/language_model_hooks.go:104.2,104.42 1 18
charm.land/fantasy/providers/openai/language_model_hooks.go:104.42,106.3 1 0
charm.land/fantasy/providers/openai/language_model_hooks.go:107.2,107.43 1 18
charm.land/fantasy/providers/openai/language_model_hooks.go:107.43,109.3 1 1
charm.land/fantasy/providers/openai/language_model_hooks.go:110.2,110.45 1 18
charm.land/fantasy/providers/openai/language_model_hooks.go:110.45,112.3 1 1
charm.land/fantasy/providers/openai/language_model_hooks.go:113.2,113.40 1 18
charm.land/fantasy/providers/openai/language_model_hooks.go:113.40,115.3 1 6
charm.land/fantasy/providers/openai/language_model_hooks.go:117.2,117.44 1 18
charm.land/fantasy/providers/openai/language_model_hooks.go:117.44,118.43 1 1
charm.land/fantasy/providers/openai/language_model_hooks.go:119.31,120.58 1 0
charm.land/fantasy/providers/openai/language_model_hooks.go:121.27,122.54 1 1
charm.land/fantasy/providers/openai/language_model_hooks.go:123.30,124.57 1 0
charm.land/fantasy/providers/openai/language_model_hooks.go:125.28,126.55 1 0
charm.land/fantasy/providers/openai/language_model_hooks.go:127.11,128.98 1 0
charm.land/fantasy/providers/openai/language_model_hooks.go:132.2,132.37 1 18
charm.land/fantasy/providers/openai/language_model_hooks.go:132.37,133.39 1 4
charm.land/fantasy/providers/openai/language_model_hooks.go:133.39,140.4 2 0
charm.land/fantasy/providers/openai/language_model_hooks.go:141.3,141.38 1 4
charm.land/fantasy/providers/openai/language_model_hooks.go:141.38,148.4 2 0
charm.land/fantasy/providers/openai/language_model_hooks.go:149.3,149.41 1 4
charm.land/fantasy/providers/openai/language_model_hooks.go:149.41,156.4 2 0
charm.land/fantasy/providers/openai/language_model_hooks.go:160.2,160.40 1 18
charm.land/fantasy/providers/openai/language_model_hooks.go:160.40,162.70 2 6
charm.land/fantasy/providers/openai/language_model_hooks.go:162.70,169.4 2 1
charm.land/fantasy/providers/openai/language_model_hooks.go:169.9,169.85 1 5
charm.land/fantasy/providers/openai/language_model_hooks.go:169.85,176.4 2 1
charm.land/fantasy/providers/openai/language_model_hooks.go:178.2,178.22 1 18
charm.land/fantasy/providers/openai/language_model_hooks.go:182.75,183.22 1 37
charm.land/fantasy/providers/openai/language_model_hooks.go:184.14,185.34 1 35
charm.land/fantasy/providers/openai/language_model_hooks.go:186.16,187.36 1 0
charm.land/fantasy/providers/openai/language_model_hooks.go:188.24,189.43 1 0
charm.land/fantasy/providers/openai/language_model_hooks.go:190.37,191.39 1 1
charm.land/fantasy/providers/openai/language_model_hooks.go:192.10,193.37 1 1
charm.land/fantasy/providers/openai/language_model_hooks.go:198.100,206.80 4 30
charm.land/fantasy/providers/openai/language_model_hooks.go:206.80,208.3 1 1
charm.land/fantasy/providers/openai/language_model_hooks.go:211.2,211.112 1 30
charm.land/fantasy/providers/openai/language_model_hooks.go:211.112,212.58 1 1
charm.land/fantasy/providers/openai/language_model_hooks.go:212.58,214.4 1 1
charm.land/fantasy/providers/openai/language_model_hooks.go:215.3,215.58 1 1
charm.land/fantasy/providers/openai/language_model_hooks.go:215.58,217.4 1 1
charm.land/fantasy/providers/openai/language_model_hooks.go:219.2,225.21 1 30
charm.land/fantasy/providers/openai/language_model_hooks.go:229.158,230.34 1 35
charm.land/fantasy/providers/openai/language_model_hooks.go:230.34,232.3 1 28
charm.land/fantasy/providers/openai/language_model_hooks.go:233.2,234.21 2 7
charm.land/fantasy/providers/openai/language_model_hooks.go:234.21,235.49 1 0
charm.land/fantasy/providers/openai/language_model_hooks.go:235.49,237.10 2 0
charm.land/fantasy/providers/openai/language_model_hooks.go:237.10,239.5 1 0
charm.land/fantasy/providers/openai/language_model_hooks.go:243.2,254.112 4 7
charm.land/fantasy/providers/openai/language_model_hooks.go:254.112,255.58 1 1
charm.land/fantasy/providers/openai/language_model_hooks.go:255.58,257.4 1 1
charm.land/fantasy/providers/openai/language_model_hooks.go:258.3,258.58 1 1
charm.land/fantasy/providers/openai/language_model_hooks.go:258.58,260.4 1 1
charm.land/fantasy/providers/openai/language_model_hooks.go:263.2,265.3 1 7
charm.land/fantasy/providers/openai/language_model_hooks.go:269.136,271.9 2 7
charm.land/fantasy/providers/openai/language_model_hooks.go:271.9,273.3 1 0
charm.land/fantasy/providers/openai/language_model_hooks.go:274.2,274.69 1 7
charm.land/fantasy/providers/openai/language_model_hooks.go:274.69,277.3 2 7
charm.land/fantasy/providers/openai/language_model_hooks.go:278.2,278.17 1 7
charm.land/fantasy/providers/openai/language_model_hooks.go:282.124,285.29 3 61
charm.land/fantasy/providers/openai/language_model_hooks.go:285.29,286.19 1 62
charm.land/fantasy/providers/openai/language_model_hooks.go:287.34,289.34 2 3
charm.land/fantasy/providers/openai/language_model_hooks.go:289.34,290.47 1 3
charm.land/fantasy/providers/openai/language_model_hooks.go:290.47,295.14 2 0
charm.land/fantasy/providers/openai/language_model_hooks.go:297.5,298.12 2 3
charm.land/fantasy/providers/openai/language_model_hooks.go:298.12,303.14 2 0
charm.land/fantasy/providers/openai/language_model_hooks.go:305.5,306.38 2 3
charm.land/fantasy/providers/openai/language_model_hooks.go:306.38,308.6 1 3
charm.land/fantasy/providers/openai/language_model_hooks.go:310.4,310.35 1 3
charm.land/fantasy/providers/openai/language_model_hooks.go:310.35,315.13 2 1
charm.land/fantasy/providers/openai/language_model_hooks.go:317.4,317.92 1 2
charm.land/fantasy/providers/openai/language_model_hooks.go:318.32,320.84 1 54
charm.land/fantasy/providers/openai/language_model_hooks.go:320.84,322.12 2 44
charm.land/fantasy/providers/openai/language_model_hooks.go:322.12,327.14 2 0
charm.land/fantasy/providers/openai/language_model_hooks.go:329.5,330.13 2 44
charm.land/fantasy/providers/openai/language_model_hooks.go:336.4,337.34 2 10
charm.land/fantasy/providers/openai/language_model_hooks.go:337.34,338.24 1 11
charm.land/fantasy/providers/openai/language_model_hooks.go:339.34,341.13 2 1
charm.land/fantasy/providers/openai/language_model_hooks.go:341.13,346.15 2 0
charm.land/fantasy/providers/openai/language_model_hooks.go:348.6,352.8 1 1
charm.land/fantasy/providers/openai/language_model_hooks.go:353.34,355.13 2 10
charm.land/fantasy/providers/openai/language_model_hooks.go:355.13,360.15 2 0
charm.land/fantasy/providers/openai/language_model_hooks.go:363.6,363.13 1 10
charm.land/fantasy/providers/openai/language_model_hooks.go:364.59,371.68 4 2
charm.land/fantasy/providers/openai/language_model_hooks.go:371.68,372.68 1 1
charm.land/fantasy/providers/openai/language_model_hooks.go:372.68,374.9 1 1
charm.land/fantasy/providers/openai/language_model_hooks.go:377.7,378.101 2 2
charm.land/fantasy/providers/openai/language_model_hooks.go:380.45,389.103 3 1
charm.land/fantasy/providers/openai/language_model_hooks.go:391.83,400.103 3 2
charm.land/fantasy/providers/openai/language_model_hooks.go:402.51,407.46 2 4
charm.land/fantasy/providers/openai/language_model_hooks.go:407.46,414.8 2 1
charm.land/fantasy/providers/openai/language_model_hooks.go:414.13,420.26 4 3
charm.land/fantasy/providers/openai/language_model_hooks.go:420.26,423.9 1 1
charm.land/fantasy/providers/openai/language_model_hooks.go:425.8,431.97 2 3
charm.land/fantasy/providers/openai/language_model_hooks.go:434.14,438.9 1 1
charm.land/fantasy/providers/openai/language_model_hooks.go:442.4,442.60 1 10
charm.land/fantasy/providers/openai/language_model_hooks.go:443.37,445.84 1 3
charm.land/fantasy/providers/openai/language_model_hooks.go:445.84,447.12 2 1
charm.land/fantasy/providers/openai/language_model_hooks.go:447.12,452.14 2 0
charm.land/fantasy/providers/openai/language_model_hooks.go:454.5,455.13 2 1
charm.land/fantasy/providers/openai/language_model_hooks.go:457.4,460.34 2 2
charm.land/fantasy/providers/openai/language_model_hooks.go:460.34,461.24 1 3
charm.land/fantasy/providers/openai/language_model_hooks.go:462.34,464.13 2 1
charm.land/fantasy/providers/openai/language_model_hooks.go:464.13,469.15 2 0
charm.land/fantasy/providers/openai/language_model_hooks.go:471.6,473.7 1 1
charm.land/fantasy/providers/openai/language_model_hooks.go:474.38,476.13 2 2
charm.land/fantasy/providers/openai/language_model_hooks.go:476.13,481.15 2 0
charm.land/fantasy/providers/openai/language_model_hooks.go:483.6,493.9 1 2
charm.land/fantasy/providers/openai/language_model_hooks.go:496.4,498.6 1 2
charm.land/fantasy/providers/openai/language_model_hooks.go:499.32,500.34 1 2
charm.land/fantasy/providers/openai/language_model_hooks.go:500.34,501.53 1 3
charm.land/fantasy/providers/openai/language_model_hooks.go:501.53,506.14 2 0
charm.land/fantasy/providers/openai/language_model_hooks.go:509.5,510.12 2 3
charm.land/fantasy/providers/openai/language_model_hooks.go:510.12,515.14 2 0
charm.land/fantasy/providers/openai/language_model_hooks.go:518.5,518.44 1 3
charm.land/fantasy/providers/openai/language_model_hooks.go:519.44,521.13 2 2
charm.land/fantasy/providers/openai/language_model_hooks.go:521.13,526.15 2 0
charm.land/fantasy/providers/openai/language_model_hooks.go:528.6,528.93 1 2
charm.land/fantasy/providers/openai/language_model_hooks.go:529.45,532.13 2 1
charm.land/fantasy/providers/openai/language_model_hooks.go:532.13,537.15 2 0
charm.land/fantasy/providers/openai/language_model_hooks.go:539.6,539.102 1 1
charm.land/fantasy/providers/openai/language_model_hooks.go:544.2,544.27 1 61
charm.land/fantasy/providers/openai/openai.go:42.52,47.25 2 43
charm.land/fantasy/providers/openai/openai.go:47.25,49.3 1 86
charm.land/fantasy/providers/openai/openai.go:51.2,54.40 3 43
charm.land/fantasy/providers/openai/openai.go:54.40,56.3 1 0
charm.land/fantasy/providers/openai/openai.go:57.2,57.35 1 43
charm.land/fantasy/providers/openai/openai.go:57.35,59.3 1 0
charm.land/fantasy/providers/openai/openai.go:61.2,61.49 1 43
charm.land/fantasy/providers/openai/openai.go:65.41,66.26 1 43
charm.land/fantasy/providers/openai/openai.go:66.26,68.3 1 43
charm.land/fantasy/providers/openai/openai.go:72.39,73.26 1 43
charm.land/fantasy/providers/openai/openai.go:73.26,75.3 1 43
charm.land/fantasy/providers/openai/openai.go:79.51,80.26 1 0
charm.land/fantasy/providers/openai/openai.go:80.26,82.3 1 0
charm.land/fantasy/providers/openai/openai.go:86.41,87.26 1 0
charm.land/fantasy/providers/openai/openai.go:87.26,89.3 1 0
charm.land/fantasy/providers/openai/openai.go:93.35,94.26 1 0
charm.land/fantasy/providers/openai/openai.go:94.26,96.3 1 0
charm.land/fantasy/providers/openai/openai.go:100.52,101.26 1 0
charm.land/fantasy/providers/openai/openai.go:101.26,103.3 1 0
charm.land/fantasy/providers/openai/openai.go:107.54,108.26 1 0
charm.land/fantasy/providers/openai/openai.go:108.26,110.3 1 0
charm.land/fantasy/providers/openai/openai.go:114.58,115.26 1 0
charm.land/fantasy/providers/openai/openai.go:115.26,117.3 1 0
charm.land/fantasy/providers/openai/openai.go:121.67,122.26 1 0
charm.land/fantasy/providers/openai/openai.go:122.26,124.3 1 0
charm.land/fantasy/providers/openai/openai.go:128.35,129.26 1 0
charm.land/fantasy/providers/openai/openai.go:129.26,131.3 1 0
charm.land/fantasy/providers/openai/openai.go:135.100,138.28 2 43
charm.land/fantasy/providers/openai/openai.go:138.28,140.3 1 43
charm.land/fantasy/providers/openai/openai.go:141.2,141.29 1 43
charm.land/fantasy/providers/openai/openai.go:141.29,143.3 1 43
charm.land/fantasy/providers/openai/openai.go:145.2,145.44 1 43
charm.land/fantasy/providers/openai/openai.go:145.44,147.3 1 0
charm.land/fantasy/providers/openai/openai.go:149.2,149.29 1 43
charm.land/fantasy/providers/openai/openai.go:149.29,151.3 1 0
charm.land/fantasy/providers/openai/openai.go:153.2,157.60 3 43
charm.land/fantasy/providers/openai/openai.go:157.60,159.3 1 0
charm.land/fantasy/providers/openai/openai.go:161.2,166.8 1 43
charm.land/fantasy/providers/openai/openai.go:169.34,171.2 1 0
charm.land/fantasy/providers/openai/provider_options.go:31.37,31.38 0 0
charm.land/fantasy/providers/openai/provider_options.go:56.36,56.37 0 0
charm.land/fantasy/providers/openai/provider_options.go:64.40,64.41 0 0
charm.land/fantasy/providers/openai/provider_options.go:67.64,69.2 1 1
charm.land/fantasy/providers/openai/provider_options.go:72.72,76.2 1 18
charm.land/fantasy/providers/openai/provider_options.go:79.80,83.2 1 1
charm.land/fantasy/providers/openai/provider_options.go:86.66,88.61 2 0
charm.land/fantasy/providers/openai/provider_options.go:88.61,90.3 1 0
charm.land/fantasy/providers/openai/provider_options.go:91.2,91.22 1 0
charm.land/fantasy/providers/openai/responses_language_model.go:29.110,35.2 1 0
charm.land/fantasy/providers/openai/responses_language_model.go:37.48,39.2 1 0
charm.land/fantasy/providers/openai/responses_language_model.go:41.51,43.2 1 0
charm.land/fantasy/providers/openai/responses_language_model.go:53.67,73.46 4 0
charm.land/fantasy/providers/openai/responses_language_model.go:73.46,81.3 1 0
charm.land/fantasy/providers/openai/responses_language_model.go:83.2,86.46 1 0
charm.land/fantasy/providers/openai/responses_language_model.go:86.46,87.88 1 0
charm.land/fantasy/providers/openai/responses_language_model.go:87.88,95.4 1 0
charm.land/fantasy/providers/openai/responses_language_model.go:97.3,103.4 1 0
charm.land/fantasy/providers/openai/responses_language_model.go:106.2,112.3 1 0
charm.land/fantasy/providers/openai/responses_language_model.go:115.120,123.22 4 0
charm.land/fantasy/providers/openai/responses_language_model.go:123.22,128.3 1 0
charm.land/fantasy/providers/openai/responses_language_model.go:130.2,130.33 1 0
charm.land/fantasy/providers/openai/responses_language_model.go:130.33,135.3 1 0
charm.land/fantasy/providers/openai/responses_language_model.go:137.2,137.34 1 0
charm.land/fantasy/providers/openai/responses_language_model.go:137.34,142.3 1 0
charm.land/fantasy/providers/openai/responses_language_model.go:144.2,145.48 2 0
charm.land/fantasy/providers/openai/responses_language_model.go:145.48,146.60 1 0
charm.land/fantasy/providers/openai/responses_language_model.go:146.60,148.4 1 0
charm.land/fantasy/providers/openai/responses_language_model.go:151.2,156.38 4 0
charm.land/fantasy/providers/openai/responses_language_model.go:156.38,158.3 1 0
charm.land/fantasy/providers/openai/responses_language_model.go:160.2,161.59 2 0
charm.land/fantasy/providers/openai/responses_language_model.go:161.59,162.45 1 0
charm.land/fantasy/providers/openai/responses_language_model.go:163.13,164.9 1 0
charm.land/fantasy/providers/openai/responses_language_model.go:164.9,166.5 1 0
charm.land/fantasy/providers/openai/responses_language_model.go:167.16,168.24 1 0
charm.land/fantasy/providers/openai/responses_language_model.go:169.12,170.19 1 0
charm.land/fantasy/providers/openai/responses_language_model.go:174.2,174.21 1 0
charm.land/fantasy/providers/openai/responses_language_model.go:174.21,176.3 1 0
charm.land/fantasy/providers/openai/responses_language_model.go:178.2,183.29 3 0
charm.land/fantasy/providers/openai/responses_language_model.go:183.29,185.3 1 0
charm.land/fantasy/providers/openai/responses_language_model.go:186.2,186.22 1 0
charm.land/fantasy/providers/openai/responses_language_model.go:186.22,188.3 1 0
charm.land/fantasy/providers/openai/responses_language_model.go:189.2,189.33 1 0
charm.land/fantasy/providers/openai/responses_language_model.go:189.33,191.3 1 0
charm.land/fantasy/providers/openai/responses_language_model.go:193.2,193.26 1 0
charm.land/fantasy/providers/openai/responses_language_model.go:193.26,194.40 1 0
charm.land/fantasy/providers/openai/responses_language_model.go:194.40,196.4 1 0
charm.land/fantasy/providers/openai/responses_language_model.go:197.3,197.36 1 0
charm.land/fantasy/providers/openai/responses_language_model.go:197.36,199.45 2 0
charm.land/fantasy/providers/openai/responses_language_model.go:199.45,200.34 1 0
charm.land/fantasy/providers/openai/responses_language_model.go:200.34,202.6 1 0
charm.land/fantasy/providers/openai/responses_language_model.go:204.4,204.30 1 0
charm.land/fantasy/providers/openai/responses_language_model.go:206.3,206.45 1 0
charm.land/fantasy/providers/openai/responses_language_model.go:206.45,208.4 1 0
charm.land/fantasy/providers/openai/responses_language_model.go:209.3,209.32 1 0
charm.land/fantasy/providers/openai/responses_language_model.go:209.32,211.4 1 0
charm.land/fantasy/providers/openai/responses_language_model.go:212.3,212.40 1 0
charm.land/fantasy/providers/openai/responses_language_model.go:212.40,214.4 1 0
charm.land/fantasy/providers/openai/responses_language_model.go:215.3,215.39 1 0
charm.land/fantasy/providers/openai/responses_language_model.go:215.39,217.4 1 0
charm.land/fantasy/providers/openai/responses_language_model.go:218.3,218.42 1 0
charm.land/fantasy/providers/openai/responses_language_model.go:218.42,220.4 1 0
charm.land/fantasy/providers/openai/responses_language_model.go:221.3,221.44 1 0
charm.land/fantasy/providers/openai/responses_language_model.go:221.44,223.4 1 0
charm.land/fantasy/providers/openai/responses_language_model.go:224.3,224.22 1 0
charm.land/fantasy/providers/openai/responses_language_model.go:224.22,226.4 1 0
charm.land/fantasy/providers/openai/responses_language_model.go:228.3,228.37 1 0
charm.land/fantasy/providers/openai/responses_language_model.go:228.37,230.4 1 0
charm.land/fantasy/providers/openai/responses_language_model.go:232.3,232.118 1 0
charm.land/fantasy/providers/openai/responses_language_model.go:232.118,234.44 2 0
charm.land/fantasy/providers/openai/responses_language_model.go:234.44,236.5 1 0
charm.land/fantasy/providers/openai/responses_language_model.go:237.4,237.45 1 0
charm.land/fantasy/providers/openai/responses_language_model.go:237.45,239.5 1 0
charm.land/fantasy/providers/openai/responses_language_model.go:240.4,240.32 1 0
charm.land/fantasy/providers/openai/responses_language_model.go:244.2,244.40 1 0
charm.land/fantasy/providers/openai/responses_language_model.go:244.40,246.3 1 0
charm.land/fantasy/providers/openai/responses_language_model.go:248.2,248.22 1 0
charm.land/fantasy/providers/openai/responses_language_model.go:248.22,250.31 2 0
charm.land/fantasy/providers/openai/responses_language_model.go:250.31,252.4 1 0
charm.land/fantasy/providers/openai/responses_language_model.go:253.3,253.33 1 0
charm.land/fantasy/providers/openai/responses_language_model.go:256.2,256.34 1 0
charm.land/fantasy/providers/openai/responses_language_model.go:256.34,257.30 1 0
charm.land/fantasy/providers/openai/responses_language_model.go:257.30,264.4 2 0
charm.land/fantasy/providers/openai/responses_language_model.go:266.3,266.23 1 0
charm.land/fantasy/providers/openai/responses_language_model.go:266.23,273.4 2 0
charm.land/fantasy/providers/openai/responses_language_model.go:274.8,275.27 1 0
charm.land/fantasy/providers/openai/responses_language_model.go:275.27,276.44 1 0
charm.land/fantasy/providers/openai/responses_language_model.go:276.44,282.5 1 0
charm.land/fantasy/providers/openai/responses_language_model.go:284.4,284.45 1 0
charm.land/fantasy/providers/openai/responses_language_model.go:284.45,290.5 1 0
charm.land/fantasy/providers/openai/responses_language_model.go:294.2,294.62 1 0
charm.land/fantasy/providers/openai/responses_language_model.go:294.62,295.91 1 0
charm.land/fantasy/providers/openai/responses_language_model.go:295.91,302.4 2 0
charm.land/fantasy/providers/openai/responses_language_model.go:304.3,304.99 1 0
charm.land/fantasy/providers/openai/responses_language_model.go:304.99,311.4 2 0
charm.land/fantasy/providers/openai/responses_language_model.go:314.2,317.20 3 0
charm.land/fantasy/providers/openai/responses_language_model.go:317.20,320.3 2 0
charm.land/fantasy/providers/openai/responses_language_model.go:322.2,322.25 1 0
charm.land/fantasy/providers/openai/responses_language_model.go:325.127,329.29 3 0
charm.land/fantasy/providers/openai/responses_language_model.go:329.29,330.19 1 0
charm.land/fantasy/providers/openai/responses_language_model.go:331.34,333.34 2 0
charm.land/fantasy/providers/openai/responses_language_model.go:333.34,334.47 1 0
charm.land/fantasy/providers/openai/responses_language_model.go:334.47,339.14 2 0
charm.land/fantasy/providers/openai/responses_language_model.go:341.5,342.12 2 0
charm.land/fantasy/providers/openai/responses_language_model.go:342.12,347.14 2 0
charm.land/fantasy/providers/openai/responses_language_model.go:349.5,349.47 1 0
charm.land/fantasy/providers/openai/responses_language_model.go:349.47,351.6 1 0
charm.land/fantasy/providers/openai/responses_language_model.go:354.4,354.24 1 0
charm.land/fantasy/providers/openai/responses_language_model.go:354.24,359.13 2 0
charm.land/fantasy/providers/openai/responses_language_model.go:362.4,362.29 1 0
charm.land/fantasy/providers/openai/responses_language_model.go:363.18,364.119 1 0
charm.land/fantasy/providers/openai/responses_language_model.go:365.21,366.122 1 0
charm.land/fantasy/providers/openai/responses_language_model.go:367.18,371.7 1 0
charm.land/fantasy/providers/openai/responses_language_model.go:374.32,376.34 2 0
charm.land/fantasy/providers/openai/responses_language_model.go:376.34,377.24 1 0
charm.land/fantasy/providers/openai/responses_language_model.go:378.34,380.13 2 0
charm.land/fantasy/providers/openai/responses_language_model.go:380.13,385.15 2 0
charm.land/fantasy/providers/openai/responses_language_model.go:387.6,392.8 1 0
charm.land/fantasy/providers/openai/responses_language_model.go:394.34,396.13 2 0
charm.land/fantasy/providers/openai/responses_language_model.go:396.13,401.15 2 0
charm.land/fantasy/providers/openai/responses_language_model.go:404.6,404.57 1 0
charm.land/fantasy/providers/openai/responses_language_model.go:404.57,413.7 3 0
charm.land/fantasy/providers/openai/responses_language_model.go:413.12,413.56 1 0
charm.land/fantasy/providers/openai/responses_language_model.go:413.56,417.25 4 0
charm.land/fantasy/providers/openai/responses_language_model.go:417.25,419.8 1 0
charm.land/fantasy/providers/openai/responses_language_model.go:420.7,426.9 1 0
charm.land/fantasy/providers/openai/responses_language_model.go:427.12,432.7 1 0
charm.land/fantasy/providers/openai/responses_language_model.go:436.4,436.118 1 0
charm.land/fantasy/providers/openai/responses_language_model.go:438.37,439.34 1 0
charm.land/fantasy/providers/openai/responses_language_model.go:439.34,440.24 1 0
charm.land/fantasy/providers/openai/responses_language_model.go:441.34,443.13 2 0
charm.land/fantasy/providers/openai/responses_language_model.go:443.13,448.15 2 0
charm.land/fantasy/providers/openai/responses_language_model.go:450.6,450.126 1 0
charm.land/fantasy/providers/openai/responses_language_model.go:452.38,454.13 2 0
charm.land/fantasy/providers/openai/responses_language_model.go:454.13,459.15 2 0
charm.land/fantasy/providers/openai/responses_language_model.go:462.6,462.39 1 0
charm.land/fantasy/providers/openai/responses_language_model.go:462.39,463.15 1 0
charm.land/fantasy/providers/openai/responses_language_model.go:466.6,467.20 2 0
charm.land/fantasy/providers/openai/responses_language_model.go:467.20,472.15 2 0
charm.land/fantasy/providers/openai/responses_language_model.go:475.6,475.142 1 0
charm.land/fantasy/providers/openai/responses_language_model.go:476.39,478.68 2 0
charm.land/fantasy/providers/openai/responses_language_model.go:478.68,479.15 1 0
charm.land/fantasy/providers/openai/responses_language_model.go:481.6,481.90 1 0
charm.land/fantasy/providers/openai/responses_language_model.go:481.90,486.15 2 0
charm.land/fantasy/providers/openai/responses_language_model.go:489.6,490.50 2 0
charm.land/fantasy/providers/openai/responses_language_model.go:490.50,495.7 1 0
charm.land/fantasy/providers/openai/responses_language_model.go:496.6,500.51 2 0
charm.land/fantasy/providers/openai/responses_language_model.go:500.51,502.7 1 0
charm.land/fantasy/providers/openai/responses_language_model.go:503.6,505.8 1 0
charm.land/fantasy/providers/openai/responses_language_model.go:509.32,510.34 1 0
charm.land/fantasy/providers/openai/responses_language_model.go:510.34,511.53 1 0
charm.land/fantasy/providers/openai/responses_language_model.go:511.53,516.14 2 0
charm.land/fantasy/providers/openai/responses_language_model.go:519.5,520.12 2 0
charm.land/fantasy/providers/openai/responses_language_model.go:520.12,525.14 2 0
charm.land/fantasy/providers/openai/responses_language_model.go:528.5,529.44 2 0
charm.land/fantasy/providers/openai/responses_language_model.go:530.44,532.13 2 0
charm.land/fantasy/providers/openai/responses_language_model.go:532.13,537.15 2 0
charm.land/fantasy/providers/openai/responses_language_model.go:539.6,539.29 1 0
charm.land/fantasy/providers/openai/responses_language_model.go:540.45,542.13 2 0
charm.land/fantasy/providers/openai/responses_language_model.go:542.13,547.15 2 0
charm.land/fantasy/providers/openai/responses_language_model.go:549.6,549.38 1 0
charm.land/fantasy/providers/openai/responses_language_model.go:550.45,552.13 2 0
charm.land/fantasy/providers/openai/responses_language_model.go:552.13,557.15 2 0
charm.land/fantasy/providers/openai/responses_language_model.go:560.6,565.20 3 0
charm.land/fantasy/providers/openai/responses_language_model.go:565.20,570.15 2 0
charm.land/fantasy/providers/openai/responses_language_model.go:572.6,572.35 1 0
charm.land/fantasy/providers/openai/responses_language_model.go:575.5,575.118 1 0
charm.land/fantasy/providers/openai/responses_language_model.go:580.2,580.24 1 0
charm.land/fantasy/providers/openai/responses_language_model.go:583.208,587.21 3 0
charm.land/fantasy/providers/openai/responses_language_model.go:587.21,589.3 1 0
charm.land/fantasy/providers/openai/responses_language_model.go:591.2,592.55 2 0
charm.land/fantasy/providers/openai/responses_language_model.go:592.55,594.3 1 0
charm.land/fantasy/providers/openai/responses_language_model.go:596.2,596.29 1 0
charm.land/fantasy/providers/openai/responses_language_model.go:596.29,597.49 1 0
charm.land/fantasy/providers/openai/responses_language_model.go:597.49,599.11 2 0
charm.land/fantasy/providers/openai/responses_language_model.go:599.11,600.13 1 0
charm.land/fantasy/providers/openai/responses_language_model.go:602.4,611.12 2 0
charm.land/fantasy/providers/openai/responses_language_model.go:614.3,618.5 1 0
charm.land/fantasy/providers/openai/responses_language_model.go:621.2,621.23 1 0
charm.land/fantasy/providers/openai/responses_language_model.go:621.23,623.3 1 0
charm.land/fantasy/providers/openai/responses_language_model.go:625.2,627.21 2 0
charm.land/fantasy/providers/openai/responses_language_model.go:628.30,631.4 1 0
charm.land/fantasy/providers/openai/responses_language_model.go:632.30,635.4 1 0
charm.land/fantasy/providers/openai/responses_language_model.go:636.34,639.4 1 0
charm.land/fantasy/providers/openai/responses_language_model.go:640.10,646.4 1 0
charm.land/fantasy/providers/openai/responses_language_model.go:649.2,649.48 1 0
charm.land/fantasy/providers/openai/responses_language_model.go:652.62,654.29 2 0
charm.land/fantasy/providers/openai/responses_language_model.go:654.29,658.44 4 0
charm.land/fantasy/providers/openai/responses_language_model.go:658.44,661.4 2 0
charm.land/fantasy/providers/openai/responses_language_model.go:662.3,671.4 1 0
charm.land/fantasy/providers/openai/responses_language_model.go:673.2,673.12 1 0
charm.land/fantasy/providers/openai/responses_language_model.go:676.109,679.16 3 0
charm.land/fantasy/providers/openai/responses_language_model.go:679.16,681.3 1 0
charm.land/fantasy/providers/openai/responses_language_model.go:683.2,683.34 1 0
charm.land/fantasy/providers/openai/responses_language_model.go:683.34,685.3 1 0
charm.land/fantasy/providers/openai/responses_language_model.go:687.2,690.45 3 0
charm.land/fantasy/providers/openai/responses_language_model.go:690.45,691.26 1 0
charm.land/fantasy/providers/openai/responses_language_model.go:692.18,693.51 1 0
charm.land/fantasy/providers/openai/responses_language_model.go:693.51,694.42 1 0
charm.land/fantasy/providers/openai/responses_language_model.go:694.42,699.57 2 0
charm.land/fantasy/providers/openai/responses_language_model.go:699.57,700.30 1 0
charm.land/fantasy/providers/openai/responses_language_model.go:701.27,707.10 1 0
charm.land/fantasy/providers/openai/responses_language_model.go:708.28,710.37 2 0
charm.land/fantasy/providers/openai/responses_language_model.go:710.37,712.9 1 0
charm.land/fantasy/providers/openai/responses_language_model.go:713.8,714.26 2 0
charm.land/fantasy/providers/openai/responses_language_model.go:714.26,716.9 1 0
charm.land/fantasy/providers/openai/responses_language_model.go:717.8,723.10 1 0
charm.land/fantasy/providers/openai/responses_language_model.go:729.24,736.6 2 0
charm.land/fantasy/providers/openai/responses_language_model.go:738.20,742.41 2 0
charm.land/fantasy/providers/openai/responses_language_model.go:742.41,744.5 1 0
charm.land/fantasy/providers/openai/responses_language_model.go:746.4,746.72 1 0
charm.land/fantasy/providers/openai/responses_language_model.go:746.72,747.13 1 0
charm.land/fantasy/providers/openai/responses_language_model.go:751.4,752.27 2 0
charm.land/fantasy/providers/openai/responses_language_model.go:752.27,754.5 1 0
charm.land/fantasy/providers/openai/responses_language_model.go:756.4,756.32 1 0
charm.land/fantasy/providers/openai/responses_language_model.go:756.32,758.5 1 0
charm.land/fantasy/providers/openai/responses_language_model.go:760.4,765.6 1 0
charm.land/fantasy/providers/openai/responses_language_model.go:769.2,775.61 2 0
charm.land/fantasy/providers/openai/responses_language_model.go:775.61,777.3 1 0
charm.land/fantasy/providers/openai/responses_language_model.go:778.2,778.57 1 0
charm.land/fantasy/providers/openai/responses_language_model.go:778.57,780.3 1 0
charm.land/fantasy/providers/openai/responses_language_model.go:782.2,790.8 2 0
charm.land/fantasy/providers/openai/responses_language_model.go:793.89,794.21 1 0
charm.land/fantasy/providers/openai/responses_language_model.go:794.21,796.3 1 0
charm.land/fantasy/providers/openai/responses_language_model.go:798.2,798.16 1 0
charm.land/fantasy/providers/openai/responses_language_model.go:799.10,800.34 1 0
charm.land/fantasy/providers/openai/responses_language_model.go:801.41,802.36 1 0
charm.land/fantasy/providers/openai/responses_language_model.go:803.24,804.43 1 0
charm.land/fantasy/providers/openai/responses_language_model.go:805.10,806.35 1 0
charm.land/fantasy/providers/openai/responses_language_model.go:810.112,821.51 8 0
charm.land/fantasy/providers/openai/responses_language_model.go:821.51,822.24 1 0
charm.land/fantasy/providers/openai/responses_language_model.go:822.24,826.7 1 0
charm.land/fantasy/providers/openai/responses_language_model.go:826.7,828.5 1 0
charm.land/fantasy/providers/openai/responses_language_model.go:831.3,831.21 1 0
charm.land/fantasy/providers/openai/responses_language_model.go:831.21,834.22 2 0
charm.land/fantasy/providers/openai/responses_language_model.go:835.28,836.34 1 0
charm.land/fantasy/providers/openai/responses_language_model.go:838.38,840.28 2 0
charm.land/fantasy/providers/openai/responses_language_model.go:841.26,850.9 2 0
charm.land/fantasy/providers/openai/responses_language_model.go:850.9,852.7 1 0
charm.land/fantasy/providers/openai/responses_language_model.go:854.20,858.9 1 0
charm.land/fantasy/providers/openai/responses_language_model.go:858.9,860.7 1 0
charm.land/fantasy/providers/openai/responses_language_model.go:862.22,867.43 2 0
charm.land/fantasy/providers/openai/responses_language_model.go:867.43,869.7 1 0
charm.land/fantasy/providers/openai/responses_language_model.go:871.6,880.9 2 0
charm.land/fantasy/providers/openai/responses_language_model.go:880.9,882.7 1 0
charm.land/fantasy/providers/openai/responses_language_model.go:885.37,887.27 2 0
charm.land/fantasy/providers/openai/responses_language_model.go:888.26,890.19 2 0
charm.land/fantasy/providers/openai/responses_language_model.go:890.19,897.10 3 0
charm.land/fantasy/providers/openai/responses_language_model.go:897.10,899.8 1 0
charm.land/fantasy/providers/openai/responses_language_model.go:900.7,905.10 1 0
charm.land/fantasy/providers/openai/responses_language_model.go:905.10,907.8 1 0
charm.land/fantasy/providers/openai/responses_language_model.go:910.20,914.9 1 0
charm.land/fantasy/providers/openai/responses_language_model.go:914.9,916.7 1 0
charm.land/fantasy/providers/openai/responses_language_model.go:918.22,920.22 2 0
charm.land/fantasy/providers/openai/responses_language_model.go:920.22,927.10 1 0
charm.land/fantasy/providers/openai/responses_language_model.go:927.10,929.8 1 0
charm.land/fantasy/providers/openai/responses_language_model.go:930.7,930.44 1 0
charm.land/fantasy/providers/openai/responses_language_model.go:934.50,937.18 3 0
charm.land/fantasy/providers/openai/responses_language_model.go:937.18,942.9 1 0
charm.land/fantasy/providers/openai/responses_language_model.go:942.9,944.7 1 0
charm.land/fantasy/providers/openai/responses_language_model.go:947.38,953.8 2 0
charm.land/fantasy/providers/openai/responses_language_model.go:953.8,955.6 1 0
charm.land/fantasy/providers/openai/responses_language_model.go:957.49,960.21 3 0
charm.land/fantasy/providers/openai/responses_language_model.go:960.21,970.9 3 0
charm.land/fantasy/providers/openai/responses_language_model.go:970.9,972.7 1 0
charm.land/fantasy/providers/openai/responses_language_model.go:975.49,978.21 3 0
charm.land/fantasy/providers/openai/responses_language_model.go:978.21,979.70 1 0
charm.land/fantasy/providers/openai/responses_language_model.go:979.70,981.7 1 0
charm.land/fantasy/providers/openai/responses_language_model.go:982.6,990.9 2 0
charm.land/fantasy/providers/openai/responses_language_model.go:990.9,992.7 1 0
charm.land/fantasy/providers/openai/responses_language_model.go:995.53,1003.74 4 0
charm.land/fantasy/providers/openai/responses_language_model.go:1003.74,1005.6 1 0
charm.land/fantasy/providers/openai/responses_language_model.go:1006.5,1006.70 1 0
charm.land/fantasy/providers/openai/responses_language_model.go:1006.70,1008.6 1 0
charm.land/fantasy/providers/openai/responses_language_model.go:1010.17,1015.8 2 0
charm.land/fantasy/providers/openai/responses_language_model.go:1015.8,1017.6 1 0
charm.land/fantasy/providers/openai/responses_language_model.go:1018.5,1018.11 1 0
charm.land/fantasy/providers/openai/responses_language_model.go:1022.3,1023.17 2 0
charm.land/fantasy/providers/openai/responses_language_model.go:1023.17,1029.4 2 0
charm.land/fantasy/providers/openai/responses_language_model.go:1031.3,1035.5 1 0
charm.land/fantasy/providers/openai/responses_language_model.go:1040.96,1041.61 1 0
charm.land/fantasy/providers/openai/responses_language_model.go:1041.61,1042.80 1 0
charm.land/fantasy/providers/openai/responses_language_model.go:1042.80,1044.4 1 0
charm.land/fantasy/providers/openai/responses_language_model.go:1046.2,1046.12 1 0
charm.land/fantasy/providers/openai/responses_options.go:18.47,18.48 0 0
charm.land/fantasy/providers/openai/responses_options.go:125.45,125.46 0 0
charm.land/fantasy/providers/openai/responses_options.go:128.90,132.2 1 0
charm.land/fantasy/providers/openai/responses_options.go:135.84,137.61 2 0
charm.land/fantasy/providers/openai/responses_options.go:137.61,139.3 1 0
charm.land/fantasy/providers/openai/responses_options.go:140.2,140.22 1 0
charm.land/fantasy/providers/openai/responses_options.go:144.44,146.2 1 0
charm.land/fantasy/providers/openai/responses_options.go:149.53,151.2 1 0
charm.land/fantasy/providers/anthropic/anthropic.go:54.52,58.25 2 0
charm.land/fantasy/providers/anthropic/anthropic.go:58.25,60.3 1 0
charm.land/fantasy/providers/anthropic/anthropic.go:62.2,64.49 3 0
charm.land/fantasy/providers/anthropic/anthropic.go:68.41,69.26 1 0
charm.land/fantasy/providers/anthropic/anthropic.go:69.26,71.3 1 0
charm.land/fantasy/providers/anthropic/anthropic.go:75.39,76.26 1 0
charm.land/fantasy/providers/anthropic/anthropic.go:76.26,78.3 1 0
charm.land/fantasy/providers/anthropic/anthropic.go:82.50,83.26 1 0
charm.land/fantasy/providers/anthropic/anthropic.go:83.26,86.3 2 0
charm.land/fantasy/providers/anthropic/anthropic.go:90.37,91.26 1 0
charm.land/fantasy/providers/anthropic/anthropic.go:91.26,93.3 1 0
charm.land/fantasy/providers/anthropic/anthropic.go:97.27,98.26 1 0
charm.land/fantasy/providers/anthropic/anthropic.go:98.26,100.3 1 0
charm.land/fantasy/providers/anthropic/anthropic.go:104.35,105.26 1 0
charm.land/fantasy/providers/anthropic/anthropic.go:105.26,107.3 1 0
charm.land/fantasy/providers/anthropic/anthropic.go:111.52,112.26 1 0
charm.land/fantasy/providers/anthropic/anthropic.go:112.26,114.3 1 0
charm.land/fantasy/providers/anthropic/anthropic.go:118.54,119.26 1 0
charm.land/fantasy/providers/anthropic/anthropic.go:119.26,121.3 1 0
charm.land/fantasy/providers/anthropic/anthropic.go:124.102,126.53 2 0
charm.land/fantasy/providers/anthropic/anthropic.go:126.53,128.3 1 0
charm.land/fantasy/providers/anthropic/anthropic.go:129.2,129.29 1 0
charm.land/fantasy/providers/anthropic/anthropic.go:129.29,131.3 1 0
charm.land/fantasy/providers/anthropic/anthropic.go:132.2,132.44 1 0
charm.land/fantasy/providers/anthropic/anthropic.go:132.44,134.3 1 0
charm.land/fantasy/providers/anthropic/anthropic.go:135.2,135.69 1 0
charm.land/fantasy/providers/anthropic/anthropic.go:135.69,139.35 3 0
charm.land/fantasy/providers/anthropic/anthropic.go:139.35,143.4 1 0
charm.land/fantasy/providers/anthropic/anthropic.go:143.9,143.32 1 0
charm.land/fantasy/providers/anthropic/anthropic.go:143.32,145.4 1 0
charm.land/fantasy/providers/anthropic/anthropic.go:145.9,147.18 2 0
charm.land/fantasy/providers/anthropic/anthropic.go:147.18,149.5 1 0
charm.land/fantasy/providers/anthropic/anthropic.go:152.3,160.4 1 0
charm.land/fantasy/providers/anthropic/anthropic.go:162.2,162.29 1 0
charm.land/fantasy/providers/anthropic/anthropic.go:162.29,164.3 1 0
charm.land/fantasy/providers/anthropic/anthropic.go:165.2,165.26 1 0
charm.land/fantasy/providers/anthropic/anthropic.go:165.26,168.51 2 0
charm.land/fantasy/providers/anthropic/anthropic.go:168.51,173.4 1 0
charm.land/fantasy/providers/anthropic/anthropic.go:173.9,178.4 1 0
charm.land/fantasy/providers/anthropic/anthropic.go:180.2,185.8 1 0
charm.land/fantasy/providers/anthropic/anthropic.go:196.39,198.2 1 0
charm.land/fantasy/providers/anthropic/anthropic.go:201.42,203.2 1 0
charm.land/fantasy/providers/anthropic/anthropic.go:205.117,208.45 3 0
charm.land/fantasy/providers/anthropic/anthropic.go:208.45,210.10 2 0
charm.land/fantasy/providers/anthropic/anthropic.go:210.10,212.4 1 0
charm.land/fantasy/providers/anthropic/anthropic.go:214.2,215.42 2 0
charm.land/fantasy/providers/anthropic/anthropic.go:215.42,217.3 1 0
charm.land/fantasy/providers/anthropic/anthropic.go:218.2,220.34 2 0
charm.land/fantasy/providers/anthropic/anthropic.go:220.34,225.3 1 0
charm.land/fantasy/providers/anthropic/anthropic.go:226.2,226.33 1 0
charm.land/fantasy/providers/anthropic/anthropic.go:226.33,231.3 1 0
charm.land/fantasy/providers/anthropic/anthropic.go:233.2,238.33 5 0
charm.land/fantasy/providers/anthropic/anthropic.go:238.33,240.3 1 0
charm.land/fantasy/providers/anthropic/anthropic.go:242.2,242.29 1 0
charm.land/fantasy/providers/anthropic/anthropic.go:242.29,244.3 1 0
charm.land/fantasy/providers/anthropic/anthropic.go:245.2,245.22 1 0
charm.land/fantasy/providers/anthropic/anthropic.go:245.22,247.3 1 0
[...]
charm.land/fantasy/providers/azure/azure.go:51.26,53.3 1 0
charm.land/fantasy/providers/azure/azure.go:57.39,58.26 1 0
charm.land/fantasy/providers/azure/azure.go:58.26,60.3 1 0
charm.land/fantasy/providers/azure/azure.go:64.52,65.26 1 0
charm.land/fantasy/providers/azure/azure.go:65.26,67.3 1 0
charm.land/fantasy/providers/azure/azure.go:71.44,72.26 1 0
charm.land/fantasy/providers/azure/azure.go:72.26,74.3 1 0
charm.land/fantasy/providers/azure/azure.go:78.54,79.26 1 0
charm.land/fantasy/providers/azure/azure.go:79.26,81.3 1 0
charm.land/fantasy/providers/google/auth.go:13.73,15.2 1 0
charm.land/fantasy/providers/google/google.go:48.52,51.33 1 0
charm.land/fantasy/providers/google/google.go:51.33,53.4 1 0
charm.land/fantasy/providers/google/google.go:55.2,55.25 1 0
charm.land/fantasy/providers/google/google.go:55.25,57.3 1 0
charm.land/fantasy/providers/google/google.go:59.2,63.8 2 0
charm.land/fantasy/providers/google/google.go:67.41,68.26 1 0
charm.land/fantasy/providers/google/google.go:68.26,70.3 1 0
charm.land/fantasy/providers/google/google.go:74.45,75.26 1 0
charm.land/fantasy/providers/google/google.go:75.26,80.3 4 0
charm.land/fantasy/providers/google/google.go:84.50,85.37 1 0
charm.land/fantasy/providers/google/google.go:85.37,86.49 1 0
charm.land/fantasy/providers/google/google.go:88.2,88.26 1 0
charm.land/fantasy/providers/google/google.go:88.26,93.3 4 0
charm.land/fantasy/providers/google/google.go:97.41,98.26 1 0
charm.land/fantasy/providers/google/google.go:98.26,100.3 1 0
charm.land/fantasy/providers/google/google.go:104.35,105.26 1 0
charm.land/fantasy/providers/google/google.go:105.26,107.3 1 0
charm.land/fantasy/providers/google/google.go:111.52,112.26 1 0
charm.land/fantasy/providers/google/google.go:112.26,114.3 1 0
charm.land/fantasy/providers/google/google.go:118.49,119.26 1 0
charm.land/fantasy/providers/google/google.go:119.26,121.3 1 0
charm.land/fantasy/providers/google/google.go:125.50,126.26 1 0
charm.land/fantasy/providers/google/google.go:126.26,128.3 1 0
charm.land/fantasy/providers/google/google.go:131.32,133.2 1 0
charm.land/fantasy/providers/google/google.go:143.102,144.83 1 0
charm.land/fantasy/providers/google/google.go:144.83,150.17 2 0
charm.land/fantasy/providers/google/google.go:150.17,152.4 1 0
charm.land/fantasy/providers/google/google.go:153.3,153.39 1 0
charm.land/fantasy/providers/google/google.go:156.2,163.24 2 0
charm.land/fantasy/providers/google/google.go:163.24,165.3 1 0
charm.land/fantasy/providers/google/google.go:167.2,167.59 1 0
charm.land/fantasy/providers/google/google.go:167.59,169.39 2 0
charm.land/fantasy/providers/google/google.go:169.39,171.4 1 0
charm.land/fantasy/providers/google/google.go:172.3,175.4 1 0
charm.land/fantasy/providers/google/google.go:177.2,178.16 2 0
charm.land/fantasy/providers/google/google.go:178.16,180.3 1 0
charm.land/fantasy/providers/google/google.go:181.2,186.8 1 0
charm.land/fantasy/providers/google/google.go:189.136,193.45 3 0
charm.land/fantasy/providers/google/google.go:193.45,195.10 2 0
charm.land/fantasy/providers/google/google.go:195.10,197.4 1 0
charm.land/fantasy/providers/google/google.go:200.2,202.43 2 0
charm.land/fantasy/providers/google/google.go:202.43,205.52 1 0
charm.land/fantasy/providers/google/google.go:205.52,212.4 1 0
charm.land/fantasy/providers/google/google.go:214.3,215.57 1 0
charm.land/fantasy/providers/google/google.go:215.57,221.4 2 0
charm.land/fantasy/providers/google/google.go:224.2,226.84 2 0
charm.land/fantasy/providers/google/google.go:226.84,227.60 1 0
charm.land/fantasy/providers/google/google.go:227.60,229.48 2 0
charm.land/fantasy/providers/google/google.go:229.48,231.5 1 0
charm.land/fantasy/providers/google/google.go:232.4,238.28 3 0
charm.land/fantasy/providers/google/google.go:242.2,244.33 2 0
charm.land/fantasy/providers/google/google.go:244.33,246.3 1 0
charm.land/fantasy/providers/google/google.go:248.2,248.29 1 0
charm.land/fantasy/providers/google/google.go:248.29,251.3 2 0
charm.land/fantasy/providers/google/google.go:252.2,252.22 1 0
charm.land/fantasy/providers/google/google.go:252.22,255.3 2 0
charm.land/fantasy/providers/google/google.go:256.2,256.22 1 0
charm.land/fantasy/providers/google/google.go:256.22,259.3 2 0
charm.land/fantasy/providers/google/google.go:260.2,260.34 1 0
charm.land/fantasy/providers/google/google.go:260.34,263.3 2 0
charm.land/fantasy/providers/google/google.go:264.2,264.33 1 0
charm.land/fantasy/providers/google/google.go:264.33,267.3 2 0
charm.land/fantasy/providers/google/google.go:269.2,269.43 1 0
charm.land/fantasy/providers/google/google.go:269.43,271.60 2 0
charm.land/fantasy/providers/google/google.go:271.60,273.4 1 0
charm.land/fantasy/providers/google/google.go:274.3,274.59 1 0
charm.land/fantasy/providers/google/google.go:274.59,277.4 2 0
charm.land/fantasy/providers/google/google.go:279.2,279.63 1 0
charm.land/fantasy/providers/google/google.go:279.63,284.3 1 0
charm.land/fantasy/providers/google/google.go:285.2,285.41 1 0
charm.land/fantasy/providers/google/google.go:285.41,287.3 1 0
charm.land/fantasy/providers/google/google.go:289.2,289.25 1 0
charm.land/fantasy/providers/google/google.go:289.25,296.3 4 0
charm.land/fantasy/providers/google/google.go:298.2,298.39 1 0
charm.land/fantasy/providers/google/google.go:301.102,307.29 5 0
charm.land/fantasy/providers/google/google.go:307.29,308.19 1 0
charm.land/fantasy/providers/google/google.go:309.34,310.27 1 0
charm.land/fantasy/providers/google/google.go:310.27,313.13 1 0
charm.land/fantasy/providers/google/google.go:315.4,318.37 3 0
charm.land/fantasy/providers/google/google.go:318.37,320.31 2 0
charm.land/fantasy/providers/google/google.go:320.31,321.14 1 0
charm.land/fantasy/providers/google/google.go:323.5,323.55 1 0
charm.land/fantasy/providers/google/google.go:325.4,325.31 1 0
charm.land/fantasy/providers/google/google.go:325.31,333.5 1 0
charm.land/fantasy/providers/google/google.go:334.32,336.37 2 0
charm.land/fantasy/providers/google/google.go:336.37,337.27 1 0
charm.land/fantasy/providers/google/google.go:338.34,340.32 2 0
charm.land/fantasy/providers/google/google.go:340.32,341.15 1 0
charm.land/fantasy/providers/google/google.go:343.6,345.8 1 0
charm.land/fantasy/providers/google/google.go:346.34,348.13 2 0
charm.land/fantasy/providers/google/google.go:348.13,349.15 1 0
charm.land/fantasy/providers/google/google.go:351.6,356.8 1 0
charm.land/fantasy/providers/google/google.go:359.4,359.22 1 0
charm.land/fantasy/providers/google/google.go:359.22,364.5 1 0
charm.land/fantasy/providers/google/google.go:365.37,370.37 3 0
charm.land/fantasy/providers/google/google.go:370.37,371.27 1 0
charm.land/fantasy/providers/google/google.go:372.34,374.32 2 0
charm.land/fantasy/providers/google/google.go:374.32,375.15 1 0
charm.land/fantasy/providers/google/google.go:377.6,379.8 1 0
charm.land/fantasy/providers/google/google.go:380.38,382.13 2 0
charm.land/fantasy/providers/google/google.go:382.13,383.15 1 0
charm.land/fantasy/providers/google/google.go:386.6,388.20 3 0
charm.land/fantasy/providers/google/google.go:388.20,389.15 1 0
charm.land/fantasy/providers/google/google.go:391.6,400.21 2 0
charm.land/fantasy/providers/google/google.go:401.39,403.13 2 0
charm.land/fantasy/providers/google/google.go:403.13,404.15 1 0
charm.land/fantasy/providers/google/google.go:406.6,407.13 2 0
charm.land/fantasy/providers/google/google.go:407.13,408.15 1 0
charm.land/fantasy/providers/google/google.go:410.6,411.13 2 0
charm.land/fantasy/providers/google/google.go:411.13,412.15 1 0
charm.land/fantasy/providers/google/google.go:414.6,414.50 1 0
charm.land/fantasy/providers/google/google.go:414.50,415.15 1 0
charm.land/fantasy/providers/google/google.go:417.6,417.53 1 0
charm.land/fantasy/providers/google/google.go:420.4,420.22 1 0
charm.land/fantasy/providers/google/google.go:420.22,425.5 1 0
charm.land/fantasy/providers/google/google.go:426.32,428.37 2 0
charm.land/fantasy/providers/google/google.go:428.37,429.27 1 0
charm.land/fantasy/providers/google/google.go:430.40,432.13 2 0
charm.land/fantasy/providers/google/google.go:432.13,433.15 1 0
charm.land/fantasy/providers/google/google.go:435.6,436.31 2 0
charm.land/fantasy/providers/google/google.go:436.31,437.49 1 0
charm.land/fantasy/providers/google/google.go:437.49,438.42 1 0
charm.land/fantasy/providers/google/google.go:438.42,440.16 2 0
charm.land/fantasy/providers/google/google.go:440.16,441.18 1 0
charm.land/fantasy/providers/google/google.go:443.9,443.47 1 0
charm.land/fantasy/providers/google/google.go:443.47,445.15 2 0
charm.land/fantasy/providers/google/google.go:450.6,450.37 1 0
charm.land/fantasy/providers/google/google.go:451.45,453.14 2 0
charm.land/fantasy/providers/google/google.go:453.14,454.16 1 0
charm.land/fantasy/providers/google/google.go:456.7,463.9 2 0
charm.land/fantasy/providers/google/google.go:465.46,467.14 2 0
charm.land/fantasy/providers/google/google.go:467.14,468.16 1 0
charm.land/fantasy/providers/google/google.go:470.7,477.9 2 0
charm.land/fantasy/providers/google/google.go:481.4,481.22 1 0
charm.land/fantasy/providers/google/google.go:481.22,486.5 1 0
charm.land/fantasy/providers/google/google.go:487.11,488.50 1 0
charm.land/fantasy/providers/google/google.go:491.2,491.46 1 0
charm.land/fantasy/providers/google/google.go:495.101,497.16 2 0
charm.land/fantasy/providers/google/google.go:497.16,499.3 1 0
charm.land/fantasy/providers/google/google.go:501.2,502.9 2 0
charm.land/fantasy/providers/google/google.go:502.9,504.3 1 0
charm.land/fantasy/providers/google/google.go:506.2,507.16 2 0
charm.land/fantasy/providers/google/google.go:507.16,509.3 1 0
charm.land/fantasy/providers/google/google.go:511.2,512.16 2 0
charm.land/fantasy/providers/google/google.go:512.16,514.3 1 0
charm.land/fantasy/providers/google/google.go:516.2,516.42 1 0
charm.land/fantasy/providers/google/google.go:520.40,522.2 1 0
charm.land/fantasy/providers/google/google.go:525.43,527.2 1 0
charm.land/fantasy/providers/google/google.go:530.104,532.16 2 0
charm.land/fantasy/providers/google/google.go:532.16,534.3 1 0
charm.land/fantasy/providers/google/google.go:536.2,537.9 2 0
charm.land/fantasy/providers/google/google.go:537.9,539.3 1 0
charm.land/fantasy/providers/google/google.go:541.2,542.16 2 0
charm.land/fantasy/providers/google/google.go:542.16,544.3 1 0
charm.land/fantasy/providers/google/google.go:546.2,546.51 1 0
charm.land/fantasy/providers/google/google.go:546.51,547.24 1 0
charm.land/fantasy/providers/google/google.go:547.24,551.7 1 0
charm.land/fantasy/providers/google/google.go:551.7,553.5 1 0
charm.land/fantasy/providers/google/google.go:556.3,566.92 10 0
charm.land/fantasy/providers/google/google.go:566.92,567.18 1 0
charm.land/fantasy/providers/google/google.go:567.18,573.5 2 0
charm.land/fantasy/providers/google/google.go:575.4,575.69 1 0
charm.land/fantasy/providers/google/google.go:575.69,576.59 1 0
charm.land/fantasy/providers/google/google.go:576.59,577.13 1 0
charm.land/fantasy/providers/google/google.go:578.27,580.22 2 0
charm.land/fantasy/providers/google/google.go:580.22,582.24 1 0
charm.land/fantasy/providers/google/google.go:582.24,584.25 1 0
charm.land/fantasy/providers/google/google.go:584.25,589.13 2 0
charm.land/fantasy/providers/google/google.go:589.13,591.11 1 0
charm.land/fantasy/providers/google/google.go:595.9,595.31 1 0
charm.land/fantasy/providers/google/google.go:595.31,602.13 4 0
charm.land/fantasy/providers/google/google.go:602.13,604.11 1 0
charm.land/fantasy/providers/google/google.go:607.9,611.12 1 0
charm.land/fantasy/providers/google/google.go:611.12,613.10 1 0
charm.land/fantasy/providers/google/google.go:614.14,617.30 1 0
charm.land/fantasy/providers/google/google.go:617.30,628.13 3 0
charm.land/fantasy/providers/google/google.go:628.13,630.11 1 0
charm.land/fantasy/providers/google/google.go:634.9,634.26 1 0
charm.land/fantasy/providers/google/google.go:634.26,641.13 4 0
charm.land/fantasy/providers/google/google.go:641.13,643.11 1 0
charm.land/fantasy/providers/google/google.go:646.9,650.12 1 0
charm.land/fantasy/providers/google/google.go:650.12,652.10 1 0
charm.land/fantasy/providers/google/google.go:653.9,653.32 1 0
charm.land/fantasy/providers/google/google.go:656.36,658.23 1 0
charm.land/fantasy/providers/google/google.go:658.23,663.11 2 0
charm.land/fantasy/providers/google/google.go:663.11,665.9 1 0
charm.land/fantasy/providers/google/google.go:667.7,667.28 1 0
charm.land/fantasy/providers/google/google.go:667.28,679.11 3 0
charm.land/fantasy/providers/google/google.go:679.11,681.9 1 0
charm.land/fantasy/providers/google/google.go:684.7,687.21 3 0
charm.land/fantasy/providers/google/google.go:687.21,693.8 2 0
charm.land/fantasy/providers/google/google.go:695.7,699.10 1 0
charm.land/fantasy/providers/google/google.go:699.10,701.8 1 0
charm.land/fantasy/providers/google/google.go:703.7,707.10 1 0
charm.land/fantasy/providers/google/google.go:707.10,709.8 1 0
charm.land/fantasy/providers/google/google.go:711.7,714.10 1 0
charm.land/fantasy/providers/google/google.go:714.10,716.8 1 0
charm.land/fantasy/providers/google/google.go:718.7,724.10 1 0
charm.land/fantasy/providers/google/google.go:724.10,726.8 1 0
charm.land/fantasy/providers/google/google.go:728.7,733.9 1 0
charm.land/fantasy/providers/google/google.go:738.4,738.33 1 0
charm.land/fantasy/providers/google/google.go:738.33,741.21 2 0
charm.land/fantasy/providers/google/google.go:741.21,743.6 1 0
charm.land/fantasy/providers/google/google.go:743.11,747.6 3 0
charm.land/fantasy/providers/google/google.go:750.4,750.73 1 0
charm.land/fantasy/providers/google/google.go:750.73,752.5 1 0
charm.land/fantasy/providers/google/google.go:756.3,756.19 1 0
charm.land/fantasy/providers/google/google.go:756.19,760.7 1 0
charm.land/fantasy/providers/google/google.go:760.7,762.5 1 0
charm.land/fantasy/providers/google/google.go:764.3,764.24 1 0
charm.land/fantasy/providers/google/google.go:764.24,768.7 1 0
charm.land/fantasy/providers/google/google.go:768.7,770.5 1 0
charm.land/fantasy/providers/google/google.go:773.3,774.25 2 0
charm.land/fantasy/providers/google/google.go:774.25,776.4 1 0
charm.land/fantasy/providers/google/google.go:776.9,776.32 1 0
charm.land/fantasy/providers/google/google.go:776.32,778.4 1 0
charm.land/fantasy/providers/google/google.go:780.3,784.5 1 0
charm.land/fantasy/providers/google/google.go:788.185,789.29 1 0
charm.land/fantasy/providers/google/google.go:789.29,790.49 1 0
charm.land/fantasy/providers/google/google.go:790.49,792.11 2 0
charm.land/fantasy/providers/google/google.go:792.11,793.13 1 0
charm.land/fantasy/providers/google/google.go:796.4,798.53 3 0
charm.land/fantasy/providers/google/google.go:798.53,800.5 1 0
charm.land/fantasy/providers/google/google.go:801.4,801.49 1 0
charm.land/fantasy/providers/google/google.go:801.49,802.41 1 0
charm.land/fantasy/providers/google/google.go:802.41,804.6 1 0
charm.land/fantasy/providers/google/google.go:806.4,816.12 3 0
charm.land/fantasy/providers/google/google.go:819.3,823.5 1 0
charm.land/fantasy/providers/google/google.go:825.2,825.23 1 0
charm.land/fantasy/providers/google/google.go:825.23,827.3 1 0
charm.land/fantasy/providers/google/google.go:828.2,828.21 1 0
charm.land/fantasy/providers/google/google.go:829.30,834.4 1 0
charm.land/fantasy/providers/google/google.go:835.34,840.4 1 0
charm.land/fantasy/providers/google/google.go:841.30,846.4 1 0
charm.land/fantasy/providers/google/google.go:847.10,855.4 1 0
charm.land/fantasy/providers/google/google.go:857.2,857.48 1 0
charm.land/fantasy/providers/google/google.go:860.82,863.38 2 0
charm.land/fantasy/providers/google/google.go:863.38,865.3 1 0
charm.land/fantasy/providers/google/google.go:867.2,867.19 1 0
charm.land/fantasy/providers/google/google.go:870.47,874.9 3 0
charm.land/fantasy/providers/google/google.go:874.9,876.3 1 0
charm.land/fantasy/providers/google/google.go:878.2,878.54 1 0
charm.land/fantasy/providers/google/google.go:878.54,880.3 1 0
charm.land/fantasy/providers/google/google.go:882.2,883.14 2 0
charm.land/fantasy/providers/google/google.go:883.14,885.3 1 0
charm.land/fantasy/providers/google/google.go:887.2,888.9 2 0
charm.land/fantasy/providers/google/google.go:888.9,890.3 1 0
charm.land/fantasy/providers/google/google.go:892.2,894.17 2 0
charm.land/fantasy/providers/google/google.go:895.15,896.45 1 0
charm.land/fantasy/providers/google/google.go:897.16,898.63 1 0
charm.land/fantasy/providers/google/google.go:898.63,900.4 1 0
charm.land/fantasy/providers/google/google.go:903.2,903.15 1 0
charm.land/fantasy/providers/google/google.go:906.63,908.9 2 0
charm.land/fantasy/providers/google/google.go:908.9,910.3 1 0
charm.land/fantasy/providers/google/google.go:912.2,912.31 1 0
charm.land/fantasy/providers/google/google.go:915.54,916.18 1 0
charm.land/fantasy/providers/google/google.go:917.16,918.26 1 0
charm.land/fantasy/providers/google/google.go:919.16,920.26 1 0
charm.land/fantasy/providers/google/google.go:921.17,922.27 1 0
charm.land/fantasy/providers/google/google.go:923.17,924.27 1 0
charm.land/fantasy/providers/google/google.go:925.15,926.25 1 0
charm.land/fantasy/providers/google/google.go:927.16,928.26 1 0
charm.land/fantasy/providers/google/google.go:929.10,930.26 1 0
charm.land/fantasy/providers/google/google.go:934.136,935.76 1 0
charm.land/fantasy/providers/google/google.go:935.76,937.3 1 0
charm.land/fantasy/providers/google/google.go:939.2,946.47 2 0
charm.land/fantasy/providers/google/google.go:946.47,947.10 1 0
charm.land/fantasy/providers/google/google.go:948.24,949.20 1 0
charm.land/fantasy/providers/google/google.go:949.20,954.5 2 0
charm.land/fantasy/providers/google/google.go:954.10,956.5 1 0
charm.land/fantasy/providers/google/google.go:957.33,959.18 2 0
charm.land/fantasy/providers/google/google.go:959.18,961.5 1 0
charm.land/fantasy/providers/google/google.go:962.4,969.23 3 0
charm.land/fantasy/providers/google/google.go:970.11,970.11 0 0
charm.land/fantasy/providers/google/google.go:976.2,976.18 1 0
charm.land/fantasy/providers/google/google.go:976.18,978.3 1 0
charm.land/fantasy/providers/google/google.go:978.8,980.3 1 0
charm.land/fantasy/providers/google/google.go:982.2,987.8 1 0
charm.land/fantasy/providers/google/google.go:990.70,991.16 1 0
charm.land/fantasy/providers/google/google.go:992.30,993.34 1 0
charm.land/fantasy/providers/google/google.go:994.35,995.36 1 0
charm.land/fantasy/providers/google/google.go:1000.33,1001.43 1 0
charm.land/fantasy/providers/google/google.go:1004.43,1005.35 1 0
charm.land/fantasy/providers/google/google.go:1006.31,1007.35 1 0
charm.land/fantasy/providers/google/google.go:1008.10,1009.37 1 0
charm.land/fantasy/providers/google/google.go:1013.80,1022.2 1 0
charm.land/fantasy/providers/google/provider_options.go:18.40,18.41 0 0
charm.land/fantasy/providers/google/provider_options.go:60.38,60.39 0 0
charm.land/fantasy/providers/google/provider_options.go:63.66,65.61 2 0
charm.land/fantasy/providers/google/provider_options.go:65.61,67.3 1 0
charm.land/fantasy/providers/google/provider_options.go:68.2,68.22 1 0
charm.land/fantasy/providers/google/slice.go:3.40,5.22 2 0
charm.land/fantasy/providers/google/slice.go:5.22,6.15 1 0
charm.land/fantasy/providers/google/slice.go:6.15,8.4 1 0
charm.land/fantasy/providers/google/slice.go:10.2,10.15 1 0
charm.land/fantasy/providers/bedrock/bedrock.go:24.52,26.27 2 0
charm.land/fantasy/providers/bedrock/bedrock.go:26.27,28.3 1 0
charm.land/fantasy/providers/bedrock/bedrock.go:29.2,36.3 1 0
charm.land/fantasy/providers/bedrock/bedrock.go:40.39,41.26 1 0
charm.land/fantasy/providers/bedrock/bedrock.go:41.26,43.3 1 0
charm.land/fantasy/providers/bedrock/bedrock.go:47.52,48.26 1 0
charm.land/fantasy/providers/bedrock/bedrock.go:48.26,50.3 1 0
charm.land/fantasy/providers/bedrock/bedrock.go:54.54,55.26 1 0
charm.land/fantasy/providers/bedrock/bedrock.go:55.26,57.3 1 0
charm.land/fantasy/providers/bedrock/bedrock.go:61.41,62.26 1 0
charm.land/fantasy/providers/bedrock/bedrock.go:62.26,64.3 1 0
